-427.8
-855.6
-1283.4
-1711.2
-2139
-2566.8
-2994.6
-3422.4
-3850.2
-4278
-4705.8
-5133.6
-5561.4
-5989.2
-6417
-6844.8
-7272.6
-7700.4
-8128.2
-8556
-8983.8
-9411.6
-9839.4
-10267.2
-10695
-11122.8
-11550.6
-11978.4
-12406.2
-12834
-13261.8
-13689.6
-14117.4
-14545.2
-14973
-15400.8
-15828.6
-16256.4
-16684.2
-17112
-17539.8
-17967.6
-18395.4
-18823.2
-19251
-19678.8
-20106.6
-20534.4
-20962.2
-21390
-21817.8
-22245.6
-22673.4
-23101.2
-23529
-23956.8
-24384.6
-24812.4
-25240.2
-25668
-26095.8
-26523.6
-26951.4
-27379.2
-27807
-28234.8
-28662.6
-29090.4
-29518.2
-29946
-30373.8
-30801.6
-31229.4
-31657.2
-32085
-32512.8
-32940.6
-33368.4
-33796.2
-34224
-34651.8
-35079.6
-35507.4
-35935.2
-36363
-36790.8
-37218.6
-37646.4
-38074.2
-38502
-38929.8
-39357.6
-39785.4
-40213.2
-40641
-41068.8
-41496.6
-41924.4
-42352.2
-42780
-43207.8
-43635.6
-44063.4
-44491.2
-44919
-45346.8
-45774.6
-46202.4
-46630.2
-47058
-47485.8
-47913.6
-48341.4
-48769.2
-49197
-49624.8
-50052.6
-50480.4
-50908.2
-51336
-51763.8
-52191.6
-52619.4
-53047.2
-53475
-53902.8
-54330.6
-54758.4
-55186.2
-55614
-56041.8
-56469.6
-56897.4
-57325.2
-57753
-58180.8
-58597
-59012.2
-59427.4
-59842.6
-60257.8
-60673.1
-61088.3
-61503.5
-61918.7
-62333.9
-62749.1
-63164.3
-63579.5
-63994.7
-64409.9
-64825.1
-65240.3
-65655.5
-66070.7
-66485.9
-66901.1
-67316.3
-67731.5
-68146.7
-68561.9
-68966.8
-69371.3
-69775.9
-70180.5
-70585
-70989.6
-71394.1
-71798.7
-72203.2
-72602.8
-72997.3
-73391.8
-73786.3
-74180.8
-74575.3
-74969.8
-75364.3
-75758.8
-76153.3
-76547.8
-76942.3
-77336.8
-77731.3
-78125.8
-78520.3
-78914.8
-79309.3
-79703.8
-80098.3
-80492.8
-80887.4
-81281.9
-81676.4
-82070.9
-82465.4
-82859.9
-83254.4
-83648.9
-84043.4
-84437.9
-84832.4
-85226.9
-85621.4
-86015.9
-86410.4
-86804.9
-87199.4
-87593.9
-87988.4
-88382.9
-88777.4
-89171.9
-89566.4
-89960.9
-90355.4
-90749.9
-91144.4
-91538.9
-91930.2
-92316.9
-92703.6
-93090.3
-93477
-93863.7
-94250.4
-94637.1
-95023.8
-95410.5
-95797.2
-96183.9
-96550
-96905.6
-97261.2
-97616.8
-97972.4
-98328
-98683.5
-99039.1
-99394.7
-99750.3
-100106
-100461
-100817
-101173
-101528
-101884
-102239
-102595
-102951
-103306
-103662
-104011
-104360
-104708
-105057
-105406
-105755
-106104
-106452
-106801
-107150
-107499
-107848
-108196
-108545
-108894
-109243
-109592
-109940
-110289
-110638
-110987
-111329
-111651
-111974
-112296
-112619
-112941
-113264
-113586
-113909
-114231
-114554
-114876
-115199
-115521
-115844
-116166
-116484
-116776
-117068
-117360
-117651
-117943
-118235
-118527
-118819
-119110
-119402
-119694
-119986
-120277
-120569
-120861
-121153
-121444
-121736
-122028
-122320
-122611
-122903
-123195
-123487
-123778
-124070
-124362
-124654
-124945
-125237
-125529
-125821
-126113
-126404
-126696
-126988
-127280
-127571
-127863
-128155
-128447
-128738
-129030
-129322
-129614
-129905
-130197
-130489
-130781
-131072
-131364
-131656
-131948
-132239
-132531
-132823
-133115
-133381
-133529
-133677
-133825
-133974
-134122
-134270
-134418
-134566
-134714
-134862
-135010
-135158
-135306
-135454
-135602
-135750
-135898
-136046
-136194
-136342
-136490
-136638
-136786
-136934
-137082
-137216
-137345
-137474
-137602
-137731
-137860
-137989
-138117
-138246
-138375
-138503
-138632
-138761
-138890
-139018
-139147
-139276
-139405
-139533
-139662
-139791
-139920
-140048
-140177
-140306
-140434
-140563
-140692
-140821
-140949
-141078
-141207
-141336
-141464
-141593
-141719
-141843
-141968
-142092
-142217
-142341
-142466
-142590
-142715
-142839
-142964
-143088
-143213
-143338
-143462
-143587
-143711
-143836
-143960
-144085
-144201
-144308
-144416
-144524
-144631
-144739
-144847
-144955
-145062
-145170
-145278
-145386
-145493
-145601
-145709
-145817
-145924
-146032
-146140
-146248
-146355
-146463
-146571
-146678
-146786
-146894
-147002
-147109
-147217
-147325
-147433
-147540
-147648
-147756
-147864
-147971
-148079
-148187
-148295
-148402
-148510
-148618
-148725
-148833
-148941
-149049
-149156
-149264
-149372
-149480
-149587
-149695
-149803
-149911
-150018
-150126
-150234
-150342
-150449
-150557
-150665
-150773
-150880
-150988
-151092
-151185
-151278
-151372
-151465
-151558
-151651
-151744
-151837
-151930
-152023
-152117
-152210
-152303
-152396
-152489
-152582
-152675
-152769
-152862
-152955
-153048
-153141
-153234
-153327
-153420
-153514
-153607
-153700
-153793
-153886
-153979
-154072
-154166
-154259
-154352
-154445
-154538
-154631
-154724
-154817
-154911
-155004
-155097
-155190
-155283
-155376
-155469
-155563
-155656
-155749
-155842
-155935
-156028
-156121
-156214
-156308
-156401
-156494
-156587
-156680
-156773
-156866
-156960
-157053
-157146
-157239
-157332
-157425
-157518
-157611
-157705
-157798
-157891
-157984
-158077
-158170
-158263
-158357
-158450
-158543
-158636
-158729
-158822
-158915
-159008
-159102
-159195
-159288
-159381
-159474
-159567
-159660
-159754
-159847
-159940
-160033
-160126
-160219
-160312
-160405
-160499
-160592
-160685
-160778
-160871
-160964
-161057
-161151
-161244
-161337
-161430
-161523
-161616
-161709
-161802
-161896
-161989
-162082
-162175
-162268
-162361
-162454
-162548
-162641
-162734
-162827
-162920
-163013
-163106
-163199
-163293
-163386
-163479
-163572
-163665
-163758
-163851
-163945
-164038
-164131
-164224
-164317
-164410
-164503
-164596
-164690
-164783
-164876
-164969
-165062
-165155
-165248
-165342
-165435
-165528
-165621
-165714
-165807
-165900
-165993
-166087
-166180
-166273
-166366
-166459
-166552
-166642
-166733
-166823
-166914
-167004
-167095
-167185
-167276
-167366
-167457
-167547
-167638
-167729
-167819
-167910
-168000
-168091
-168181
-168272
-168362
-168453
-168543
-168634
-168724
-168815
-168905
-168996
-169086
-169177
-169268
-169358
-169449
-169539
-169630
-169720
-169801
-169861
-169883
-169905
-169927
-169950
-169972
-169994
-170017
-170039
-170061
-170083
-170106
-170128
-170150
-170172
-170195
-170217
-170239
-170262
-170284
-170306
-170328
-170351
-170373
-170395
-170417
-170440
-170462
-170484
-170507
-170529
-170551
-170573
-170596
-170618
-170640
-170662
-170685
-170707
-170729
-170752
-170774
-170796
-170818
-170841
-170863
-170885
-170907
-170930
-170952
-170974
-170997
-171019
-171041
-171063
-171086
-171108
-171130
-171152
-171175
-171197
-171219
-171242
-171264
-171286
-171308
-171331
-171353
-171375
-171397
-171420
-171442
-171464
-171487
-171509
-171531
-171553
-171576
-171598
-171620
-171642
-171665
-171687
-171709
-171732
-171754
-171776
-171798
-171821
-171843
-171865
-171887
-171910
-171932
-171954
-171977
-171999
-172021
-172043
-172066
-172088
-172110
-172132
-172155
-172177
-172199
-172222
-172244
-172266
-172288
-172311
-172333
-172355
-172377
-172400
-172422
-172444
-172467
-172489
-172511
-172533
-172556
-172578
-172600
-172623
-172645
-172667
-172689
-172712
-172734
-172756
-172778
-172801
-172823
-172845
-172868
-172890
-172912
-172934
-172957
-172979
-173001
-173023
-173046
-173068
-173090
-173113
-173135
-173157
-173179
-173202
-173224
-173246
-173268
-173291
-173313
-173335
-173358
-173380
-173402
-173424
-173447
-173469
-173491
-173513
-173536
-173558
-173580
-173603
-173625
-173647
-173669
-173692
-173714
-173736
-173758
-173781
-173803
-173825
-173848
-173870
-173892
-173914
-173937
-173959
-173981
-174003
-174026
-174048
-174070
-174093
-174115
-174137
-174159
-174182
-174204
-174226
-174248
-174271
-174293
-174315
-174338
-174360
-174382
-174404
-174427
-174449
-174471
-174493
-174516
-174538
-174560
-174583
-174605
-174627
-174649
-174672
-174694
-174716
-174738
-174761
-174783
-174805
-174828
-174850
-174872
-174894
-174917
-174939
-174961
-174983
-175006
-175028
-175050
-175073
-175095
-175117
-175139
-175162
-175184
-175206
-175229
-175251
-175273
-175295
-175318
-175340
-175362
-175384
-175407
-175429
-175451
-175474
-175496
-175518
-175540
-175563
-175585
-175607
-175629
-175652
-175674
-175696
-175719
-175741
-175763
-175785
-175808
-175830
-175852
-175874
-175897
-175919
-175941
-175964
-175986
-176008
-176030
-176053
-176075
-176097
-176119
-176142
-176164
-176186
-176209
-176231
-176253
-176275
-176298
-176320
-176342
-176364
-176387
-176409
-176431
-176454
-176476
-176498
-176520
-176543
-176565
-176587
-176609
-176632
