-4761.6
-9523.2
-10027.6
-10462.1
-10896.7
-11331.3
-11765.9
-12200.5
-12635
-13069.6
-13504.2
-13938.8
-14373.3
-14807.9
-15242.5
-15677.1
-16111.7
-16546.2
-16980.8
-17415.4
-17850
-18284.5
-18719.1
-19153.7
-19588.3
-20022.9
-20457.4
-20892
-21326.6
-21761.2
-22195.7
-22630.3
-23064.9
-23499.5
-23934.1
-24368.6
-24803.2
-25237.8
-25672.4
-26106.9
-26541.5
-26976.1
-27410.7
-27845.3
-28279.8
-28714.4
-29149
-29583.6
-30018.1
-30452.7
-30887.3
-31321.9
-31756.5
-32191
-32625.6
-33060.2
-33494.8
-33929.4
-34363.9
-34798.5
-35233.1
-35667.7
-36102.2
-36536.8
-36971.4
-37406
-37840.6
-38275.1
-38709.7
-39144.3
-39578.9
-40013.4
-40448
-40882.6
-41317.2
-41751.8
-42186.3
-42620.9
-43055.5
-43490.1
-43924.6
-44359.2
-44793.8
-45228.4
-45663
-46097.5
-46532.1
-46966.7
-47401.3
-47835.8
-48270.4
-48705
-49139.6
-49574.2
-50008.7
-50443.3
-50877.9
-51312.5
-51747
-52181.6
-52616.2
-53050.8
-53485.4
-53919.9
-54354.5
-54789.1
-55223.7
-55658.2
-56092.8
-56527.4
-56962
-57396.6
-57831.1
-58265.7
-58700.3
-59134.9
-59569.4
-60004
-60438.6
-60873.2
-61307.8
-61742.3
-62176.9
-62611.5
-63046.1
-63480.6
-63915.2
-64349.8
-64784.4
-65219
-65653.5
-66088.1
-66522.7
-66957.3
-67391.8
-67826.4
-68261
-68695.6
-69130.2
-69564.7
-69999.3
-70433.9
-70868.5
-71303
-71737.6
-72172.2
-72606.8
-73041.4
-73475.9
-73910.5
-74345.1
-74779.7
-75214.2
-75648.8
-76083.4
-76518
-76952.6
-77387.1
-77821.7
-78256.3
-78690.9
-79125.4
-79560
-79994.6
-80429.2
-80863.8
-81298.3
-81732.9
-82167.5
-82602.1
-83036.6
-83471.2
-83905.8
-84340.4
-84775
-85209.5
-85644.1
-86078.7
-86513.3
-86947.8
-87382.4
-87817
-88251.6
-88686.2
-89120.7
-89555.3
-89989.9
-90424.5
-90859
-91293.6
-91728.2
-92162.8
-92597.4
-93031.9
-93466.5
-93901.1
-94335.7
-94770.2
-95204.8
-95639.4
-96074
-96474.9
-96822.5
-97170.1
-97517.7
-97865.4
-98213
-98560.6
-98908.2
-99255.8
-99603.4
-99951.1
-100299
-100646
-100994
-101342
-101689
-102037
-102384
-102732
-103080
-103427
-103775
-104122
-104470
-104818
-105165
-105513
-105861
-106208
-106556
-106903
-107251
-107599
-107946
-108294
-108641
-108989
-109337
-109684
-110032
-110378
-110708
-111037
-111366
-111695
-112024
-112354
-112683
-113012
-113341
-113670
-113999
-114329
-114658
-114987
-115316
-115645
-115975
-116304
-116633
-116962
-117291
-117621
-117950
-118279
-118608
-118937
-119267
-119596
-119925
-120254
-120583
-120912
-121242
-121571
-121900
-122229
-122558
-122888
-123217
-123546
-123875
-124204
-124534
-124863
-125192
-125521
-125850
-126180
-126509
-126838
-127167
-127496
-127825
-128155
-128484
-128813
-129142
-129471
-129801
-130130
-130459
-130788
-131117
-131447
-131776
-132105
-132434
-132763
-133093
-133422
-133751
-134080
-134409
-134738
-135068
-135397
-135726
-136055
-136384
-136714
-137043
-137372
-137701
-138030
-138360
-138689
-139018
-139347
-139676
-140006
-140335
-140664
-140993
-141322
-141651
-141981
-142310
-142639
-142968
-143297
-143545
-143560
-143574
-143588
-143602
-143617
-143631
-143645
-143659
-143674
-143688
-143702
-143716
-143731
-143745
-143759
-143773
-143788
-143802
-143816
-143830
-143845
-143859
-143873
-143887
-143902
-143916
-143930
-143944
-143959
-143973
-143987
-144001
-144016
-144030
-144044
-144058
-144073
-144087
-144101
-144115
-144130
-144144
-144158
-144172
-144187
-144201
-144215
-144229
-144244
-144258
-144272
-144286
-144301
-144315
-144329
-144343
-144358
-144372
-144386
-144400
-144415
-144429
-144443
-144457
-144472
-144486
-144500
-144514
-144529
-144543
-144557
-144571
-144586
-144600
-144614
-144628
-144643
-144657
-144671
-144685
-144700
-144714
-144728
-144742
-144757
-144771
-144785
-144799
-144814
-144828
-144842
-144856
-144871
-144885
-144899
-144913
-144928
-144942
-144956
-144970
-144985
-144999
-145013
-145027
-145042
-145056
-145070
-145084
-145098
-145113
-145127
-145141
-145155
-145170
-145184
-145198
-145212
-145227
-145241
-145255
-145269
-145284
-145298
-145312
-145326
-145341
-145355
-145369
-145383
-145398
-145412
-145426
-145440
-145455
-145469
-145483
-145497
-145512
-145526
-145540
-145553
-145559
-145565
-145571
-145577
-145583
-145589
-145595
-145601
-145607
-145613
-145619
-145625
-145630
-145636
-145642
-145648
-145654
-145660
-145666
-145672
-145678
-145684
-145690
-145696
-145702
-145707
-145713
-145719
-145725
-145731
-145737
-145743
-145749
-145755
-145761
-145767
-145773
-145779
-145785
-145790
-145796
-145802
-145808
-145814
-145820
-145826
-145832
-145838
-145844
-145850
-145856
-145862
-145868
-145873
-145879
-145885
-145891
-145897
-145903
-145909
-145915
-145921
-145927
-145933
-145939
-145945
-145950
-145956
-145962
-145968
-145974
-145980
-145986
-145992
-145998
-146004
-146010
-146016
-146022
-146028
-146033
-146039
-146045
-146051
-146057
-146063
-146069
-146075
-146081
-146087
-146093
-146099
-146105
-146110
-146116
-146122
-146128
-146134
-146140
-146146
-146152
-146158
-146164
-146170
-146176
-146182
-146188
-146193
-146199
-146205
-146211
-146217
-146223
-146229
-146235
-146241
-146247
-146253
-146259
-146265
-146271
-146276
-146282
-146288
-146294
-146300
-146306
-146312
-146318
-146324
-146330
-146336
-146342
-146348
-146353
-146359
-146365
-146371
-146377
-146383
-146389
-146395
-146401
-146407
-146413
-146419
-146425
-146431
-146436
-146442
-146448
-146454
-146460
-146466
-146472
-146478
-146484
-146490
-146496
-146502
-146508
-146514
-146519
-146525
-146531
-146537
-146543
-146549
-146555
-146561
-146567
-146573
-146579
-146585
-146591
-146596
-146602
-146608
-146614
-146620
-146626
-146632
-146638
-146644
-146650
-146656
-146662
-146668
-146674
-146679
-146685
-146691
-146697
-146703
-146709
-146715
-146721
-146727
-146733
-146739
-146745
-146751
-146756
-146762
-146768
-146774
-146780
-146786
-146792
-146798
-146804
-146810
-146816
-146822
-146828
-146834
-146839
-146845
-146851
-146857
-146863
-146869
-146875
-146881
-146887
-146893
-146899
-146905
-146911
-146917
-146922
-146928
-146934
-146940
-146946
-146952
-146958
-146964
-146970
-146976
-146982
-146988
-146994
-146999
-147005
-147011
-147017
-147023
-147029
-147035
-147041
-147047
-147053
-147059
-147065
-147071
-147077
-147082
-147088
-147094
-147100
-147106
-147112
-147118
-147124
-147130
-147136
-147142
-147148
-147154
-147160
-147165
-147171
-147177
-147183
-147189
-147195
-147201
-147207
-147213
-147219
-147225
-147231
-147237
-147242
-147248
-147254
-147260
-147266
-147272
-147278
-147284
-147290
-147296
-147302
-147308
-147314
-147320
-147325
-147331
-147337
-147343
-147349
-147355
-147361
-147367
-147373
-147379
-147385
-147391
-147397
-147402
-147408
-147414
-147420
-147426
-147432
-147438
-147444
-147450
-147456
-147462
-147468
-147474
-147480
-147485
-147491
-147497
-147503
-147509
-147515
-147521
-147527
-147533
-147539
-147545
-147551
-147557
-147563
-147568
-147574
-147580
-147586
-147592
-147598
-147604
-147610
-147616
-147622
-147628
-147634
-147640
-147645
-147651
-147657
-147663
-147669
-147675
-147681
-147687
-147693
-147699
-147705
-147711
-147717
-147723
-147728
-147734
-147740
-147746
-147752
-147758
-147764
-147770
-147776
-147782
-147788
-147794
-147800
-147806
-147811
-147817
-147823
-147829
-147835
-147841
-147847
-147853
-147859
-147865
-147871
-147877
-147883
-147888
-147894
-147900
-147906
-147912
-147918
-147924
-147930
-147936
-147942
-147948
-147954
-147960
-147966
-147971
-147977
-147983
-147989
-147995
-148001
-148007
-148013
-148019
-148025
-148031
-148037
-148043
-148048
-148054
-148060
-148066
-148072
-148078
-148084
-148090
-148096
-148102
-148108
-148114
-148120
-148126
-148131
-148137
-148143
-148149
-148155
-148161
-148167
-148173
-148179
-148185
-148191
-148197
-148203
-148209
-148214
-148220
-148226
-148232
-148238
-148244
-148250
-148256
-148262
-148268
-148274
-148280
-148286
-148291
-148297
-148303
-148309
-148315
-148321
-148327
-148333
-148339
-148345
-148351
-148357
-148363
-148369
-148374
-148380
-148386
-148392
-148398
-148404
-148410
-148416
-148422
-148428
-148434
-148440
-148446
-148452
-148457
-148463
-148469
-148475
-148481
-148487
-148493
-148499
-148505
-148511
-148517
-148523
-148529
-148534
-148540
-148546
-148552
-148558
-148564
-148570
-148576
-148582
-148588
-148594
-148600
-148606
-148612
