-222.073
-444.146
-666.219
-888.291
-1110.36
-1332.44
-1554.51
-1776.58
-1998.66
-2220.73
-2442.8
-2664.87
-2886.95
-3109.02
-3331.09
-3553.17
-3775.24
-3997.31
-4219.38
-4441.46
-4663.53
-4885.6
-5107.68
-5329.75
-5551.82
-5773.89
-5995.97
-6218.04
-6440.11
-6662.19
-6884.26
-7106.33
-7328.4
-7550.48
-7772.55
-7994.62
-8216.7
-8438.77
-8660.84
-8882.91
-9104.99
-9327.06
-9549.13
-9771.2
-9993.28
-10215.4
-10437.4
-10659.5
-10881.6
-11103.6
-11325.7
-11547.8
-11769.9
-11991.9
-12214
-12436.1
-12658.2
-12880.2
-13102.3
-13324.4
-13546.4
-13768.5
-13990.6
-14212.7
-14434.7
-14656.8
-14878.9
-15101
-15323
-15545.1
-15767.2
-15989.2
-16211.3
-16433.4
-16655.5
-16877.5
-17099.6
-17321.7
-17543.8
-17765.8
-17987.9
-18210
-18432
-18654.1
-18876.2
-19098.3
-19320.3
-19542.4
-19764.5
-19986.6
-20208.6
-20430.7
-20652.8
-20874.8
-21096.9
-21319
-21541.1
-21763.1
-21985.2
-22207.3
-22429.4
-22651.4
-22873.5
-23095.6
-23317.6
-23539.7
-23761.8
-23983.9
-24205.9
-24428
-24650.1
-24872.2
-25094.2
-25316.3
-25538.4
-25760.4
-25982.5
-26204.6
-26426.7
-26648.7
-26870.8
-27092.9
-27315
-27537
-27759.1
-27981.2
-28203.3
-28425.3
-28647.4
-28869.5
-29091.5
-29313.6
-29535.7
-29757.8
-29979.8
-30201.9
-30424
-30646.1
-30868.1
-31090.2
-31312.3
-31534.3
-31756.4
-31978.5
-32200.6
-32422.6
-32644.7
-32866.8
-33088.9
-33310.9
-33533
-33755.1
-33977.1
-34199.2
-34421.3
-34643.4
-34865.4
-35087.5
-35309.6
-35531.7
-35753.7
-35975.8
-36197.9
-36419.9
-36642
-36864.1
-37086.2
-37308.2
-37530.3
-37752.4
-37974.5
-38196.5
-38418.6
-38640.7
-38862.7
-39084.8
-39306.9
-39529
-39751
-39973.1
-40195.2
-40417.3
-40639.3
-40861.4
-41083.5
-41305.5
-41527.6
-41749.7
-41971.8
-42193.8
-42415.9
-42638
-42860.1
-43077.8
-43291
-43497.1
-43701.5
-43905.9
-44110.3
-44314.8
-44519.2
-44723.6
-44928.1
-45132.5
-45336.9
-45541.4
-45745.8
-45950.2
-46154.7
-46359.1
-46563.5
-46768
-46972.4
-47176.8
-47381.2
-47585.7
-47790.1
-47994
-48190.5
-48387.1
-48583.7
-48775.3
-48964.2
-49153
-49341.8
-49530.6
-49719.4
-49908.3
-50097.1
-50285.9
-50474.7
-50663.5
-50852.4
-51041.2
-51230
-51418.8
-51607.7
-51796.5
-51985.3
-52174.1
-52362.9
-52551.8
-52740.6
-52929.4
-53118.2
-53307
-53495.9
-53684.7
-53873.5
-54062.3
-54251.1
-54440
-54628.8
-54817.6
-55006.4
-55195.2
-55384.1
-55572.9
-55761.7
-55950.5
-56139.4
-56328.2
-56517
-56705.8
-56894.6
-57083.5
-57272.3
-57461.1
-57649.9
-57803.1
-57934.8
-58061.6
-58188.4
-58315.2
-58442
-58568.8
-58695.6
-58822.4
-58949.2
-59076
-59202.8
-59329.6
-59456.4
-59583.2
-59710
-59836.8
-59963.6
-60090.4
-60217.2
-60344
-60470.8
-60597.6
-60724.4
-60851.2
-60978
-61104.8
-61231.6
-61358.4
-61485.2
-61612
-61738.8
-61865.6
-61992.4
-62119.2
-62246
-62372.8
-62499.7
-62626.5
-62753.3
-62880.1
-63006.9
-63133.7
-63260.5
-63387.3
-63514.1
-63640.9
-63767.7
-63894.5
-64021.3
-64148.1
-64274.9
-64401.7
-64528.5
-64655.3
-64782.1
-64908.9
-65035.7
-65162.5
-65288.4
-65393.3
-65498.3
-65599.3
-65682.6
-65765.8
-65849
-65932.3
-66015.5
-66098.7
-66182
-66265.2
-66348.5
-66431.7
-66514.9
-66598.2
-66681.4
-66764.7
-66847.9
-66931.1
-67014.4
-67097.6
-67180.9
-67264.1
-67347.3
-67430.6
-67513.8
-67597.1
-67680.3
-67763.5
-67846.8
-67930
-68013.2
-68096.5
-68179.7
-68263
-68346.2
-68429.4
-68512.7
-68595.9
-68679.2
-68762.4
-68835.5
-68899.3
-68963.2
-69027
-69090.8
-69154.6
-69205.5
-69250.2
-69294.9
-69339.6
-69384.3
-69429
-69473.7
-69518.4
-69563.1
-69607.7
-69652.4
-69697.1
-69741.8
-69786.5
-69831.2
-69875.9
-69920.6
-69965.3
-70010
-70054.7
-70099.4
-70144.1
-70188.7
-70233.4
-70278.1
-70322.8
-70367.5
-70412.2
-70456.9
-70501.6
-70546.3
-70591
-70635.7
-70680.4
-70725.1
-70769.8
-70814.4
-70859.1
-70903.8
-70948.5
-70993.2
-71037.9
-71082.6
-71127.3
-71172
-71216.7
-71261.4
-71306.1
-71350.8
-71395.5
-71440.1
-71484.8
-71529.5
-71574.2
-71618.9
-71663.6
-71708.3
-71753
-71797.7
-71842.4
-71887.1
-71931.8
-71976.5
-72021.1
-72065.8
-72110.5
-72155.2
-72199.9
-72244.6
-72289.3
-72334
-72378.7
-72423.4
-72468.1
-72512.8
-72557.5
-72602.2
-72646.8
-72691.5
-72736.2
-72780.9
-72825.6
-72870.3
-72915
-72948.8
-72977.9
-73007
-73036
-73065.1
-73094.1
-73123.2
-73152.3
-73181.3
-73210.4
-73239.4
-73268.5
-73297.6
-73326.6
-73355.7
-73384.7
-73413.8
-73442.8
-73471.9
-73501
-73530
-73559.1
-73588.1
-73617.2
-73646.3
-73675.3
-73704.4
-73733.4
-73762.5
-73791.6
-73820.6
-73849.7
-73878.7
-73907.8
-73936.8
-73965.9
-73995
-74024
-74053.1
-74082.1
-74111.2
-74140.3
-74169.3
-74198.4
-74227.4
-74256.5
-74285.6
-74314.6
-74343.7
-74372.7
-74401.8
-74430.9
-74459.9
-74489
-74518
-74547.1
-74576.1
-74605.2
-74634.3
-74663.3
-74692.4
-74721.4
-74750.5
-74779.6
-74808.6
-74837.7
-74866.7
-74895.8
-74924.9
-74953.9
-74983
-75012
-75041.1
-75070.2
-75099.2
-75128.3
-75157.3
-75186.4
-75209.2
-75215.8
-75222.4
-75229.1
-75235.7
-75242.3
-75249
-75255.6
-75262.2
-75268.9
-75275.5
-75282.1
-75288.8
-75295.4
-75302
-75308.7
-75315.3
-75321.9
-75328.6
-75335.2
-75341.9
-75348.5
-75355.1
-75361.8
-75368.4
-75375
-75381.7
-75388.3
-75394.9
-75401.6
-75408.2
-75414.8
-75421.5
-75428.1
-75434.7
-75441.4
-75448
-75454.6
-75461.3
-75467.9
-75474.5
-75481.2
-75487.8
-75494.4
-75501.1
-75507.7
-75514.3
-75521
-75527.6
-75534.2
-75540.9
-75547.5
-75554.1
-75560.8
-75567.4
-75574
-75580.7
-75587.3
-75593.9
-75600.6
-75607.2
-75613.8
-75620.5
-75627.1
-75633.7
-75640.4
-75647
-75653.6
-75660.3
-75666.9
-75673.5
-75680.2
-75686.8
-75693.4
-75700.1
-75706.7
-75713.3
-75720
-75726.6
-75733.2
-75739.9
-75746.5
-75753.1
-75759.8
-75766.4
-75773
-75779.7
-75786.3
-75792.9
-75799.6
-75806.2
-75812.8
-75819.5
-75826.1
-75832.7
-75839.4
-75846
-75852.6
-75859.3
-75865.9
-75872.5
-75879.2
-75885.8
-75892.4
-75899.1
-75905.7
-75912.3
-75919
-75925.6
-75932.2
-75938.9
-75945.5
-75952.1
-75958.8
-75965.4
-75972
-75978.7
-75985.3
-75991.9
-75998.6
-76005.2
-76011.8
-76018.5
-76025.1
-76031.7
-76038.4
-76045
-76051.6
-76058.3
-76064.9
-76071.5
-76078.2
-76084.8
-76091.4
-76098.1
-76104.7
-76111.3
-76118
-76124.6
-76131.2
-76137.9
-76144.5
-76151.1
-76157.8
-76164.4
-76171
-76177.7
-76184.3
-76190.9
-76197.6
-76204.2
-76210.8
-76217.5
-76224.1
-76230.7
-76237.4
-76244
-76250.6
-76257.3
-76263.9
-76270.5
-76277.2
-76283.8
-76290.4
-76297.1
-76303.7
-76310.3
-76317
-76323.6
-76330.2
-76336.9
-76343.5
-76350.1
-76356.8
-76363.4
-76370
-76376.7
-76383.3
-76389.9
-76396.6
-76403.2
-76409.8
-76416.5
-76423.1
-76429.7
-76436.4
-76443
-76449.6
-76456.3
-76462.9
-76469.5
-76476.2
-76482.8
-76489.4
-76496.1
-76502.7
-76509.4
-76516
-76522.6
-76529.3
-76535.9
-76542.5
-76549.2
-76555.8
-76562.4
-76569.1
-76575.7
-76582.3
-76589
-76595.6
-76602.2
-76608.9
-76615.5
-76622.1
-76628.8
-76635.4
-76642
-76648.7
-76655.3
-76661.9
-76668.6
-76675.2
-76681.8
-76688.5
-76695.1
-76701.7
-76708.4
-76715
-76721.6
-76728.3
-76734.9
-76741.5
-76748.2
-76754.8
-76761.4
-76768.1
-76774.7
-76781.3
-76788
-76794.6
-76801.2
-76807.9
-76814.5
-76821.1
-76827.8
-76834.4
-76841
-76847.7
-76854.3
-76860.9
-76867.6
-76874.2
-76880.8
-76887.5
-76894.1
-76900.7
-76907.4
-76914
-76920.6
-76927.3
-76933.9
-76940.5
-76947.2
-76953.8
-76960.4
-76967.1
-76973.7
-76980.3
-76987
-76993.6
-77000.2
-77006.9
-77013.5
-77020.1
-77026.8
-77033.4
-77040
-77046.7
-77053.3
-77059.9
-77066.6
-77073.2
-77079.8
-77086.5
-77093.1
-77099.7
-77106.4
-77113
-77119.6
-77126.3
-77132.9
-77139.5
-77146.2
-77152.8
-77159.4
-77166.1
-77172.7
-77179.3
-77186
-77192.6
-77199.2
-77205.9
-77212.5
-77219.1
-77225.8
-77232.4
-77239
-77245.7
-77252.3
-77258.9
-77265.6
-77272.2
-77278.8
-77285.5
-77292.1
-77298.7
-77305.4
-77312
-77318.6
-77325.3
-77331.9
-77338.5
-77345.2
-77351.8
-77358.4
-77365.1
-77371.7
-77378.3
-77385
-77391.6
-77398.2
-77404.9
-77411.5
-77418.1
-77424.8
-77431.4
-77438
-77444.7
-77451.3
-77457.9
-77464.6
-77471.2
-77477.8
-77484.5
-77491.1
-77497.7
-77504.4
-77511
-77517.6
-77524.3
-77530.9
-77537.5
-77544.2
-77550.8
-77557.4
-77564.1
-77570.7
-77577.3
-77584
-77590.6
-77597.2
-77603.9
-77610.5
-77617.1
-77623.8
-77630.4
-77637
-77643.7
-77650.3
-77656.9
-77663.6
-77670.2
-77676.8
-77683.5
-77690.1
-77696.8
-77703.4
-77710
-77716.7
-77723.3
-77729.9
-77736.6
-77743.2
-77749.8
-77756.5
-77763.1
-77769.7
-77776.4
-77783
-77789.6
-77796.3
-77802.9
-77809.5
-77816.2
-77822.8
-77829.4
-77836.1
-77842.7
-77849.3
-77856
-77862.6
-77869.2
-77875.9
-77882.5
-77889.1
-77895.8
-77902.4
-77909
-77915.7
-77922.3
-77928.9
-77935.6
-77942.2
-77948.8
-77955.5
-77962.1
-77968.7
-77975.4
-77982
-77988.6
-77995.3
-78001.9
-78008.5
-78015.2
-78021.8
-78028.4
-78035.1
-78041.7
-78048.3
-78055
-78061.6
-78068.2
-78074.9
-78081.5
-78088.1
-78094.8
-78101.4
-78108
-78114.7
-78121.3
-78127.9
-78134.6
-78141.2
-78147.8
-78154.5
-78161.1
-78167.7
-78174.4
-78181
-78187.6
-78194.3
-78200.9
-78207.5
-78214.2
-78220.8
-78227.4
-78234.1
-78240.7
-78247.3
-78254
-78260.6
-78267.2
