-157.839
-315.678
-473.517
-631.356
-789.195
-947.034
-1104.87
-1262.71
-1420.55
-1578.39
-1736.23
-1894.07
-2051.91
-2209.75
-2367.59
-2525.42
-2683.26
-2841.1
-2998.94
-3156.78
-3314.62
-3472.46
-3630.3
-3788.14
-3945.98
-4103.81
-4261.65
-4419.49
-4577.33
-4735.17
-4893.01
-5050.85
-5208.69
-5366.53
-5524.37
-5682.2
-5840.04
-5997.88
-6155.72
-6313.56
-6471.4
-6629.24
-6787.08
-6944.92
-7102.76
-7260.59
-7418.43
-7576.27
-7734.11
-7891.95
-8049.79
-8207.63
-8365.47
-8523.31
-8681.14
-8838.98
-8996.82
-9154.66
-9312.5
-9470.34
-9628.18
-9786.02
-9943.86
-10101.7
-10259.5
-10417.4
-10575.2
-10733.1
-10890.9
-11048.7
-11206.6
-11364.4
-11522.2
-11680.1
-11837.9
-11995.8
-12153.6
-12311.4
-12469.3
-12627.1
-12785
-12942.8
-13100.6
-13258.5
-13416.3
-13574.2
-13732
-13889.8
-14047.7
-14205.5
-14363.3
-14521.2
-14679
-14836.9
-14994.7
-15152.5
-15310.4
-15468.2
-15626.1
-15783.9
-15941.7
-16099.6
-16257.4
-16415.3
-16573.1
-16730.9
-16888.8
-17046.6
-17204.5
-17362.3
-17520.1
-17678
-17835.8
-17993.6
-18151.5
-18309.3
-18467.2
-18625
-18782.8
-18940.7
-19098.5
-19256.4
-19414.2
-19572
-19729.9
-19887.7
-20045.6
-20203.4
-20361.2
-20519.1
-20676.9
-20834.7
-20992.6
-21150.4
-21308.3
-21466.1
-21623.9
-21781.8
-21939.6
-22097.5
-22255.3
-22413.1
-22571
-22728.8
-22886.7
-23044.5
-23202.3
-23360.2
-23518
-23675.8
-23833.7
-23991.5
-24149.4
-24307.2
-24465
-24622.9
-24780.7
-24938.6
-25096.4
-25254.2
-25412.1
-25569.9
-25727.8
-25885.6
-26043.4
-26201.3
-26359.1
-26517
-26674.8
-26832.6
-26990.5
-27148.3
-27306.1
-27464
-27621.8
-27779.7
-27937.5
-28095.3
-28253.2
-28411
-28568.9
-28726.7
-28884.5
-29042.4
-29200.2
-29358.1
-29515.9
-29673.7
-29831.6
-29989.4
-30147.2
-30305.1
-30462.9
-30620.8
-30778.6
-30936.4
-31094.3
-31252.1
-31407.4
-31556.7
-31705.9
-31855.1
-32004.3
-32151.1
-32291.9
-32432.7
-32573.5
-32714.3
-32855.1
-32995.9
-33136.7
-33277.5
-33418.3
-33559.1
-33699.9
-33840.7
-33981.5
-34122.3
-34263.1
-34403.9
-34544.7
-34685.5
-34826.3
-34967.1
-35107.9
-35248.7
-35389.5
-35530.3
-35671.1
-35811.8
-35952.6
-36093.4
-36234.2
-36375
-36515.8
-36656.6
-36797.4
-36938.2
-37079
-37219.8
-37360.6
-37501.4
-37642.2
-37783
-37922.9
-38056.7
-38190.5
-38324.3
-38458.1
-38591.9
-38725.7
-38859.5
-38993.3
-39127.1
-39260.9
-39394.7
-39528.5
-39662.3
-39796.1
-39929.9
-40063.7
-40197.4
-40331.2
-40465
-40598.8
-40732.6
-40866.4
-41000.2
-41134
-41267.8
-41401.6
-41530.1
-41657.6
-41785.1
-41912.6
-42040
-42167.5
-42295
-42422.5
-42549.9
-42677.4
-42804.9
-42932.4
-43059.8
-43187.3
-43314.8
-43442.3
-43569.7
-43697.2
-43824.7
-43949
-44042.1
-44135.2
-44228.3
-44321.4
-44414.5
-44507.6
-44600.7
-44693.8
-44786.9
-44880
-44973.1
-45066.2
-45159.3
-45252.4
-45345.5
-45438.6
-45531.7
-45624.8
-45717.9
-45811
-45904.1
-45997.2
-46090.3
-46183.4
-46276.5
-46369.6
-46462.7
-46555.8
-46648.9
-46742
-46835.1
-46928.2
-47021.3
-47114.4
-47207.5
-47300.6
-47393.7
-47486.8
-47579.9
-47673
-47766.1
-47859.2
-47952.3
-48045.4
-48138.5
-48231.6
-48320.5
-48392.3
-48464.1
-48535.9
-48607.7
-48679.5
-48751.3
-48823.1
-48894.9
-48952.6
-49003.6
-49054.6
-49105.6
-49156.6
-49207.7
-49258.7
-49309.7
-49360.7
-49411.7
-49462.7
-49513.8
-49564.8
-49615.8
-49666.8
-49717.8
-49768.9
-49819.9
-49870.9
-49921.9
-49972.9
-50023.9
-50075
-50126
-50177
-50228
-50279
-50330
-50381.1
-50432.1
-50483.1
-50534.1
-50585.1
-50636.1
-50687.2
-50738.2
-50789.2
-50840.2
-50891.2
-50942.2
-50993.3
-51044.3
-51095.3
-51146.3
-51197.3
-51248.3
-51299.4
-51350.4
-51401.4
-51452.4
-51503.4
-51554.5
-51605.5
-51656.5
-51707.5
-51758.5
-51809.5
-51860.6
-51911.6
-51962.6
-52013.6
-52064.6
-52115.6
-52166.7
-52217.7
-52268.7
-52319.7
-52370.7
-52421.7
-52472.8
-52511.4
-52545.1
-52578.9
-52612.6
-52646.3
-52680.1
-52713.8
-52747.5
-52781.2
-52815
-52848.7
-52882.4
-52916.2
-52949.9
-52983.6
-53017.4
-53051.1
-53084.8
-53118.5
-53152.3
-53186
-53219.7
-53253.5
-53287.2
-53320.9
-53354.7
-53388.4
-53422.1
-53455.8
-53489.6
-53523.3
-53557
-53590.8
-53624.5
-53658.2
-53692
-53725.7
-53759.4
-53793.2
-53826.9
-53860.6
-53894.3
-53928.1
-53961.8
-53995.3
-54013.4
-54031.5
-54049.7
-54067.8
-54085.9
-54104
-54122.1
-54140.3
-54158.4
-54176.5
-54194.6
-54212.7
-54230.9
-54249
-54267.1
-54285.2
-54303.3
-54321.5
-54339.6
-54357.7
-54375.8
-54393.9
-54412.1
-54430.2
-54448.3
-54466.4
-54484.5
-54502.7
-54520.8
-54538.9
-54557
-54575.1
-54593.3
-54611.4
-54629.5
-54647.6
-54665.7
-54683.9
-54702
-54720.1
-54738.2
-54756.3
-54774.5
-54792.6
-54810.7
-54828.8
-54846.9
-54865.1
-54883.2
-54901.3
-54919.4
-54937.5
-54955.7
-54973.8
-54991.9
-55010
-55028.1
-55046.3
-55064.4
-55082.5
-55100.6
-55118.7
-55136.9
-55155
-55173.1
-55191.2
-55209.3
-55227.5
-55245.6
-55263.7
-55281.8
-55299.9
-55318.1
-55336.2
-55354.3
-55372.4
-55390.5
-55408.7
-55426.8
-55444.9
-55463
-55481.1
-55499.2
-55517.4
-55535.5
-55553.6
-55571.7
-55589.8
-55608
-55626.1
-55644.2
-55662.3
-55680.4
-55698.6
-55716.7
-55734.8
-55752.9
-55771
-55789.2
-55807.3
-55825.4
-55843.5
-55861.6
-55879.8
-55897.9
-55916
-55934.1
-55952.2
-55970.4
-55988.5
-56006.6
-56024.7
-56042.8
-56061
-56079.1
-56097.2
-56115.3
-56133.4
-56151.6
-56169.7
-56185.3
-56189.6
-56193.8
-56198.1
-56202.4
-56206.7
-56210.9
-56215.2
-56219.5
-56223.8
-56228.1
-56232.3
-56236.6
-56240.9
-56245.2
-56249.4
-56253.7
-56258
-56262.3
-56266.5
-56270.8
-56275.1
-56279.4
-56283.7
-56287.9
-56292.2
-56296.5
-56300.8
-56305
-56309.3
-56313.6
-56317.9
-56322.1
-56326.4
-56330.7
-56335
-56339.2
-56343.5
-56347.8
-56352.1
-56356.4
-56360.6
-56364.9
-56369.2
-56373.5
-56377.7
-56382
-56386.3
-56390.6
-56394.8
-56399.1
-56403.4
-56407.7
-56412
-56416.2
-56420.5
-56424.8
-56429.1
-56433.3
-56437.6
-56441.9
-56446.2
-56450.4
-56454.7
-56459
-56463.3
-56467.6
-56471.8
-56476.1
-56480.4
-56484.7
-56488.9
-56493.2
-56497.5
-56501.8
-56506
-56510.3
-56514.6
-56518.9
-56523.2
-56527.4
-56531.7
-56536
-56540.3
-56544.5
-56548.8
-56553.1
-56557.4
-56561.6
-56565.9
-56570.2
-56574.5
-56578.8
-56583
-56587.3
-56591.6
-56595.9
-56600.1
-56604.4
-56608.7
-56613
-56617.2
-56621.5
-56625.8
-56630.1
-56634.4
-56638.6
-56642.9
-56647.2
-56651.5
-56655.7
-56660
-56664.3
-56668.6
-56672.8
-56677.1
-56681.4
-56685.7
-56690
-56694.2
-56698.5
-56702.8
-56707.1
-56711.3
-56715.6
-56719.9
-56724.2
-56728.4
-56732.7
-56737
-56741.3
-56745.5
-56749.8
-56754.1
-56758.4
-56762.7
-56766.9
-56771.2
-56775.5
-56779.8
-56784
-56788.3
-56792.6
-56796.9
-56801.1
-56805.4
-56809.7
-56814
-56818.3
-56822.5
-56826.8
-56831.1
-56835.4
-56839.6
-56843.9
-56848.2
-56852.5
-56856.7
-56861
-56865.3
-56869.6
-56873.9
-56878.1
-56882.4
-56886.7
-56891
-56895.2
-56899.5
-56903.8
-56908.1
-56912.3
-56916.6
-56920.9
-56925.2
-56929.5
-56933.7
-56938
-56942.3
-56946.6
-56950.8
-56955.1
-56959.4
-56963.7
-56967.9
-56972.2
-56976.5
-56980.8
-56985.1
-56989.3
-56993.6
-56997.9
-57002.2
-57006.4
-57010.7
-57015
-57019.3
-57023.5
-57027.8
-57032.1
-57036.4
-57040.7
-57044.9
-57049.2
-57053.5
-57057.8
-57062
-57066.3
-57070.6
-57074.9
-57079.1
-57083.4
-57087.7
-57092
-57096.3
-57100.5
-57104.8
-57109.1
-57113.4
-57117.6
-57121.9
-57126.2
-57130.5
-57134.7
-57139
-57143.3
-57147.6
-57151.8
-57156.1
-57160.4
-57164.7
-57169
-57173.2
-57177.5
-57181.8
-57186.1
-57190.3
-57194.6
-57198.9
-57203.2
-57207.4
-57211.7
-57216
-57220.3
-57224.6
-57228.8
-57233.1
-57237.4
-57241.7
-57245.9
-57250.2
-57254.5
-57258.8
-57263
-57267.3
-57271.6
-57275.9
-57280.2
-57284.4
-57288.7
-57293
-57297.3
-57301.5
-57305.8
-57310.1
-57314.4
-57318.6
-57322.9
-57327.2
-57331.5
-57335.8
-57340
-57344.3
-57348.6
-57352.9
-57357.1
-57361.4
-57365.7
-57370
-57374.2
-57378.5
-57382.8
-57387.1
-57391.4
-57395.6
-57399.9
-57404.2
-57408.5
-57412.7
-57417
-57421.3
-57425.6
-57429.8
-57434.1
-57438.4
-57442.7
-57447
-57451.2
-57455.5
-57459.8
-57464.1
-57468.3
-57472.6
-57476.9
-57481.2
-57485.4
-57489.7
-57494
-57498.3
-57502.6
-57506.8
-57511.1
-57515.4
-57519.7
-57523.9
-57528.2
-57532.5
-57536.8
-57541
-57545.3
-57549.6
-57553.9
-57558.1
-57562.4
-57566.7
-57571
-57575.3
-57579.5
-57583.8
-57588.1
-57592.4
-57596.6
-57600.9
-57605.2
-57609.5
-57613.7
-57618
-57622.3
-57626.6
-57630.9
-57635.1
-57639.4
-57643.7
-57648
-57652.2
-57656.5
-57660.8
-57665.1
-57669.3
-57673.6
-57677.9
-57682.2
-57686.5
-57690.7
-57695
-57699.3
-57703.6
-57707.8
-57712.1
-57716.4
-57720.7
-57724.9
-57729.2
-57733.5
-57737.8
-57742.1
-57746.3
-57750.6
-57754.9
-57759.2
-57763.4
-57767.7
-57772
-57776.3
-57780.5
-57784.8
-57789.1
-57793.4
-57797.7
-57801.9
-57806.2
-57810.5
-57814.8
-57819
-57823.3
-57827.6
-57831.9
-57836.1
-57840.4
-57844.7
-57849
-57853.3
-57857.5
-57861.8
-57866.1
-57870.4
-57874.6
-57878.9
-57883.2
-57887.5
-57891.7
-57896
-57900.3
-57904.6
-57908.9
-57913.1
-57917.4
-57921.7
-57926
-57930.2
-57934.5
-57938.8
-57943.1
-57947.3
-57951.6
-57955.9
-57960.2
-57964.5
-57968.7
-57973
