-605.364
-1210.73
-1816.09
-2421.46
-3026.82
-3632.18
-4237.55
-4842.91
-5448.28
-6053.64
-6659
-7264.37
-7869.73
-8475.1
-9080.46
-9685.82
-10291.2
-10896.6
-11501.9
-12107.3
-12712.6
-13318
-13923.4
-14528.7
-15134.1
-15739.5
-16344.8
-16950.2
-17555.6
-18160.9
-18766.3
-19371.6
-19977
-20582.4
-21187.7
-21793.1
-22398.5
-23003.8
-23609.2
-24214.6
-24819.9
-25425.3
-26030.7
-26636
-27241.4
-27846.7
-28452.1
-29057.5
-29662.8
-30268.2
-30873.6
-31478.9
-32084.3
-32689.7
-33295
-33900.4
-34505.7
-35111.1
-35716.5
-36321.8
-36927.2
-37532.6
-38137.9
-38743.3
-39348.7
-39954
-40559.4
-41164.8
-41770.1
-42375.5
-42980.8
-43586.2
-44191.6
-44796.9
-45402.3
-46007.7
-46613
-47218.4
-47823.8
-48429.1
-49034.5
-49639.8
-50245.2
-50850.6
-51455.9
-52061.3
-52666.7
-53272
-53877.4
-54482.8
-55088.1
-55693.5
-56298.9
-56904.2
-57509.6
-58114.9
-58720.3
-59325.7
-59931
-60536.4
-61141.8
-61747.1
-62352.5
-62957.9
-63563.2
-64168.6
-64773.9
-65379.3
-65984.7
-66590
-67195.4
-67800.8
-68406.1
-69011.5
-69616.9
-70222.2
-70827.6
-71433
-72038.3
-72643.7
-73249
-73854.4
-74459.8
-75065.1
-75670.5
-76275.9
-76881.2
-77486.6
-78092
-78697.3
-79302.7
-79908
-80513.4
-81118.8
-81724.1
-82329.5
-82934.9
-83540.2
-84145.6
-84731.8
-85312.5
-85893.3
-86474
-87054.8
-87635.5
-88216.2
-88797
-89377.7
-89958.4
-90539.2
-91114.1
-91672.1
-92230.1
-92788.1
-93346.1
-93904.1
-94462.1
-95003.7
-95539.9
-96076.1
-96612.3
-97148.5
-97684.7
-98220.9
-98757.1
-99293.3
-99829.4
-100366
-100902
-101438
-101969
-102486
-103002
-103518
-104034
-104550
-105066
-105582
-106098
-106614
-107131
-107647
-108163
-108679
-109195
-109711
-110224
-110722
-111219
-111717
-112215
-112713
-113211
-113708
-114206
-114704
-115202
-115699
-116197
-116695
-117193
-117690
-118188
-118686
-119184
-119681
-120179
-120677
-121175
-121672
-122170
-122668
-123166
-123663
-124161
-124659
-125157
-125655
-126152
-126650
-127148
-127646
-128143
-128641
-129139
-129637
-130134
-130632
-131130
-131628
-132125
-132623
-133121
-133619
-134116
-134614
-135092
-135529
-135966
-136403
-136840
-137277
-137714
-138151
-138588
-139025
-139462
-139899
-140336
-140773
-141210
-141647
-142084
-142521
-142957
-143394
-143790
-144171
-144552
-144932
-145313
-145694
-145967
-146196
-146424
-146652
-146881
-147073
-147247
-147421
-147596
-147770
-147945
-148119
-148294
-148468
-148643
-148817
-148992
-149166
-149340
-149515
-149689
-149864
-150038
-150213
-150387
-150562
-150736
-150910
-151050
-151175
-151300
-151425
-151550
-151675
-151799
-151924
-152049
-152174
-152299
-152424
-152549
-152674
-152798
-152923
-153048
-153173
-153298
-153423
-153548
-153673
-153797
-153922
-154047
-154172
-154297
-154403
-154483
-154562
-154642
-154722
-154801
-154881
-154960
-155040
-155119
-155199
-155278
-155358
-155438
-155517
-155597
-155676
-155756
-155835
-155915
-155994
-156074
-156153
-156233
-156313
-156392
-156472
-156551
-156631
-156710
-156790
-156869
-156949
-157029
-157108
-157188
-157267
-157347
-157426
-157506
-157585
-157665
-157745
-157824
-157904
-157983
-158063
-158142
-158222
-158301
-158381
-158461
-158540
-158620
-158699
-158779
-158858
-158938
-159017
-159097
-159177
-159256
-159336
-159415
-159495
-159574
-159654
-159733
-159813
-159893
-159972
-160052
-160131
-160211
-160290
-160370
-160449
-160529
-160609
-160688
-160768
-160847
-160927
-161006
-161086
-161165
-161245
-161324
-161404
-161484
-161563
-161643
-161722
-161802
-161881
-161961
-162040
-162120
-162200
-162279
-162359
-162438
-162518
-162597
-162677
-162756
-162836
-162916
-162995
-163075
-163154
-163234
-163313
-163393
-163472
-163552
-163632
-163711
-163791
-163870
-163950
-164029
-164109
-164188
-164268
-164348
-164427
-164507
-164586
-164666
-164745
-164825
-164904
-164984
-165064
-165143
-165223
-165302
-165382
-165461
-165541
-165620
-165700
-165779
-165859
-165939
-166018
-166098
-166177
-166257
-166336
-166416
-166495
-166575
-166655
-166734
-166814
-166893
-166973
-167052
-167132
-167211
-167291
-167371
-167450
-167530
-167609
-167689
-167768
-167848
-167927
-168007
-168087
-168166
-168246
-168325
-168405
-168484
-168564
-168643
-168723
-168803
-168882
-168962
-169041
-169121
-169200
-169280
-169359
-169439
-169519
-169598
-169678
-169757
-169837
-169916
-169996
-170075
-170155
-170234
-170314
-170394
-170473
-170553
-170632
-170712
-170791
-170846
-170864
-170882
-170900
-170918
-170936
-170955
-170973
-170991
-171009
-171027
-171045
-171063
-171082
-171100
-171118
-171136
-171154
-171172
-171190
-171209
-171227
-171245
-171263
-171281
-171299
-171317
-171336
-171354
-171372
-171390
-171408
-171426
-171444
-171463
-171481
-171499
-171517
-171535
-171553
-171571
-171590
-171608
-171626
-171644
-171662
-171680
-171698
-171717
-171735
-171753
-171771
-171789
-171807
-171825
-171844
-171862
-171880
-171898
-171916
-171934
-171952
-171971
-171989
-172007
-172025
-172043
-172061
-172079
-172098
-172116
-172134
-172152
-172170
-172188
-172206
-172225
-172243
-172261
-172279
-172297
-172315
-172333
-172351
-172370
-172388
-172406
-172424
-172442
-172460
-172478
-172497
-172515
-172533
-172551
-172569
-172587
-172605
-172624
-172642
-172660
-172678
-172696
-172714
-172732
-172751
-172769
-172787
-172805
-172823
-172841
-172859
-172878
-172896
-172914
-172932
-172950
-172968
-172986
-173005
-173023
-173041
-173059
-173077
-173095
-173113
-173132
-173150
-173168
-173186
-173204
-173222
-173240
-173259
-173277
-173295
-173313
-173331
-173349
-173367
-173386
-173404
-173422
-173440
-173458
-173476
-173494
-173513
-173531
-173549
-173567
-173585
-173603
-173621
-173640
-173658
-173676
-173694
-173712
-173730
-173748
-173767
-173785
-173803
-173821
-173839
-173857
-173875
-173894
-173912
-173930
-173948
-173966
-173984
-174002
-174021
-174039
-174057
-174075
-174093
-174111
-174129
-174147
-174166
-174184
-174202
-174220
-174238
-174256
-174274
-174293
-174311
-174329
-174347
-174365
-174383
-174401
-174420
-174438
-174456
-174474
-174492
-174510
-174528
-174547
-174565
-174583
-174601
-174619
-174637
-174655
-174674
-174692
-174710
-174728
-174746
-174764
-174782
-174801
-174819
-174837
-174855
-174873
-174891
-174909
-174928
-174946
-174964
-174982
-175000
-175018
-175036
-175055
-175073
-175091
-175109
-175127
-175145
-175163
-175182
-175200
-175218
-175236
-175254
-175272
-175290
-175309
-175327
-175345
-175363
-175381
-175399
-175417
-175436
-175454
-175472
-175490
-175508
-175526
-175544
-175563
-175581
-175599
-175617
-175635
-175653
-175671
-175690
-175708
-175726
-175744
-175762
-175780
-175798
-175817
-175835
-175853
-175871
-175889
-175907
-175925
-175944
-175962
-175980
-175998
-176016
-176034
-176052
-176070
-176089
-176107
-176125
-176143
-176161
-176179
-176197
-176216
-176234
-176252
-176270
-176288
-176306
-176324
-176343
-176361
-176379
-176397
-176415
-176433
-176451
-176470
-176488
-176506
-176524
-176542
-176560
-176578
-176597
-176615
-176633
-176651
-176669
-176687
-176705
-176724
-176742
-176760
-176778
-176796
-176814
-176832
-176851
-176869
-176887
-176905
-176923
-176941
-176959
-176978
-176996
-177014
-177032
-177050
-177068
-177086
-177105
-177123
-177141
-177159
-177177
-177195
-177213
-177232
-177250
-177268
-177286
-177304
-177322
-177340
-177359
-177377
-177395
-177413
-177431
-177449
-177467
-177486
-177504
-177522
-177540
-177558
-177576
-177594
-177613
-177631
-177649
-177667
-177685
-177703
-177721
-177740
-177758
-177776
-177794
-177812
-177830
-177848
-177866
-177885
-177903
-177921
-177939
-177957
-177975
-177993
-178012
-178030
-178048
-178066
-178084
-178102
-178120
-178139
-178157
-178175
-178193
-178211
-178229
-178247
-178266
-178284
-178302
-178320
-178338
-178356
-178374
-178393
-178411
-178429
-178447
-178465
-178483
-178501
-178520
-178538
-178556
-178574
-178592
-178610
-178628
-178647
-178665
-178683
-178701
-178719
-178737
-178755
-178774
-178792
-178810
-178828
-178846
-178864
-178882
-178901
-178919
-178937
-178955
-178973
-178991
-179009
-179028
-179046
-179064
-179082
-179100
-179118
-179136
-179155
-179173
-179191
-179209
-179227
-179245
-179263
-179282
-179300
-179318
-179336
-179354
-179372
-179390
-179409
-179427
-179445
-179463
