-5022.23
-9342.88
-10667.1
-11149
-11631
-12113
-12595
-13076.9
-13558.9
-14040.9
-14522.8
-15004.8
-15486.8
-15968.8
-16450.7
-16932.7
-17414.7
-17896.6
-18378.6
-18860.6
-19342.6
-19824.5
-20306.5
-20788.5
-21270.4
-21752.4
-22234.4
-22716.4
-23198.3
-23680.3
-24162.3
-24644.2
-25126.2
-25608.2
-26090.2
-26572.1
-27054.1
-27536.1
-28018
-28500
-28982
-29464
-29945.9
-30427.9
-30909.9
-31391.8
-31873.8
-32355.8
-32837.8
-33319.7
-33801.7
-34283.7
-34765.6
-35247.6
-35729.6
-36211.6
-36693.5
-37175.5
-37657.5
-38139.4
-38621.4
-39103.4
-39585.4
-40067.3
-40549.3
-41031.3
-41513.2
-41995.2
-42477.2
-42959.2
-43441.1
-43923.1
-44405.1
-44887
-45369
-45851
-46332.9
-46814.9
-47296.9
-47778.9
-48260.8
-48742.8
-49224.8
-49706.7
-50188.7
-50670.7
-51152.7
-51634.6
-52116.6
-52598.6
-53080.5
-53562.5
-54044.5
-54526.5
-55008.4
-55490.4
-55972.4
-56454.3
-56936.3
-57418.3
-57900.3
-58382.2
-58864.2
-59346.2
-59828.1
-60310.1
-60792.1
-61274.1
-61756
-62238
-62720
-63201.9
-63683.9
-64165.9
-64647.9
-65129.8
-65611.8
-66093.8
-66575.7
-67057.7
-67539.7
-68021.7
-68503.6
-68985.6
-69467.6
-69949.5
-70431.5
-70913.5
-71395.5
-71877.4
-72359.4
-72841.4
-73323.3
-73805.3
-74287.3
-74769.3
-75251.2
-75733.2
-76215.2
-76697.1
-77179.1
-77661.1
-78143.1
-78625
-79107
-79589
-80070.9
-80552.9
-81034.9
-81516.9
-81998.8
-82480.8
-82962.8
-83444.7
-83926.7
-84408.7
-84890.7
-85372.6
-85854.6
-86336.6
-86818.5
-87300.5
-87782.5
-88264.4
-88746.4
-89228.4
-89710.4
-90192.3
-90674.3
-91156.3
-91638.2
-92120.2
-92602.2
-93077.5
-93482.5
-93887.6
-94292.7
-94697.8
-95102.8
-95507.9
-95913
-96318
-96723.1
-97128.2
-97533.3
-97938.3
-98343.4
-98748.5
-99153.5
-99558.6
-99963.7
-100369
-100774
-101173
-101572
-101971
-102370
-102769
-103168
-103567
-103966
-104365
-104764
-105163
-105562
-105961
-106360
-106759
-107158
-107557
-107956
-108355
-108754
-109153
-109546
-109924
-110299
-110672
-111044
-111417
-111790
-112163
-112536
-112909
-113281
-113654
-114027
-114400
-114773
-115146
-115519
-115891
-116264
-116637
-117010
-117383
-117756
-118129
-118501
-118874
-119247
-119612
-119966
-120320
-120672
-120972
-121271
-121571
-121871
-122171
-122471
-122770
-123053
-123335
-123618
-123900
-124182
-124464
-124746
-125021
-125286
-125551
-125816
-126080
-126345
-126610
-126875
-127140
-127405
-127670
-127935
-128200
-128465
-128730
-128995
-129260
-129525
-129790
-130054
-130319
-130584
-130849
-131114
-131379
-131644
-131909
-132174
-132439
-132704
-132969
-133234
-133499
-133763
-134028
-134293
-134558
-134823
-135088
-135353
-135618
-135883
-136148
-136413
-136678
-136943
-137208
-137473
-137737
-138002
-138267
-138532
-138797
-139062
-139327
-139592
-139857
-140088
-140311
-140533
-140756
-140979
-141201
-141424
-141647
-141869
-142092
-142315
-142537
-142739
-142940
-143141
-143341
-143542
-143743
-143929
-144103
-144277
-144451
-144625
-144799
-144973
-145147
-145321
-145495
-145669
-145843
-146017
-146185
-146325
-146464
-146603
-146743
-146882
-147021
-147160
-147300
-147439
-147578
-147718
-147857
-147996
-148136
-148275
-148414
-148554
-148693
-148832
-148966
-149086
-149206
-149325
-149445
-149565
-149685
-149804
-149924
-150044
-150164
-150283
-150403
-150523
-150643
-150762
-150882
-151002
-151121
-151241
-151361
-151481
-151600
-151720
-151840
-151960
-152079
-152199
-152319
-152439
-152558
-152678
-152798
-152918
-153037
-153157
-153277
-153397
-153516
-153636
-153756
-153875
-153995
-154115
-154235
-154354
-154474
-154594
-154714
-154833
-154953
-155073
-155193
-155312
-155432
-155552
-155672
-155791
-155911
-156031
-156151
-156270
-156384
-156495
-156605
-156716
-156826
-156936
-157047
-157157
-157267
-157378
-157488
-157598
-157709
-157819
-157930
-158040
-158150
-158261
-158371
-158481
-158592
-158702
-158812
-158923
-159033
-159144
-159254
-159364
-159475
-159585
-159695
-159806
-159916
-160026
-160137
-160247
-160358
-160468
-160578
-160689
-160799
-160909
-161020
-161130
-161240
-161351
-161461
-161571
-161682
-161792
-161903
-162013
-162123
-162234
-162336
-162438
-162540
-162643
-162745
-162847
-162946
-163023
-163101
-163178
-163255
-163333
-163410
-163488
-163565
-163642
-163720
-163797
-163874
-163952
-164029
-164099
-164169
-164238
-164307
-164377
-164446
-164516
-164585
-164654
-164724
-164793
-164862
-164932
-165001
-165071
-165133
-165195
-165257
-165318
-165380
-165441
-165503
-165565
-165626
-165688
-165749
-165811
-165873
-165934
-165996
-166058
-166119
-166181
-166242
-166304
-166366
-166427
-166489
-166551
-166612
-166674
-166735
-166797
-166859
-166920
-166982
-167043
-167105
-167167
-167228
-167290
-167352
-167413
-167475
-167536
-167598
-167660
-167721
-167783
-167845
-167906
-167968
-168029
-168091
-168153
-168214
-168276
-168337
-168399
-168461
-168522
-168584
-168646
-168707
-168769
-168830
-168892
-168954
-169015
-169077
-169139
-169200
-169262
-169323
-169385
-169447
-169508
-169570
-169631
-169693
-169755
-169816
-169878
-169940
-170001
-170063
-170124
-170186
-170248
-170309
-170371
-170433
-170494
-170556
-170617
-170679
-170741
-170802
-170864
-170925
-170987
-171049
-171110
-171172
-171234
-171295
-171357
-171418
-171480
-171542
-171603
-171665
-171727
-171788
-171850
-171911
-171973
-172035
-172085
-172127
-172170
-172213
-172255
-172298
-172340
-172383
-172425
-172468
-172510
-172553
-172595
-172638
-172680
-172723
-172765
-172808
-172850
-172893
-172935
-172978
-173020
-173063
-173105
-173148
-173190
-173233
-173275
-173318
-173360
-173403
-173445
-173488
-173531
-173573
-173614
-173645
-173675
-173706
-173736
-173767
-173797
-173828
-173858
-173889
-173919
-173950
-173980
-174010
-174041
-174071
-174102
-174132
-174163
-174193
-174224
-174254
-174285
-174315
-174346
-174376
-174407
-174437
-174468
-174498
-174529
-174559
-174590
-174620
-174650
-174681
-174711
-174742
-174772
-174803
-174833
-174864
-174894
-174925
-174955
-174986
-175016
-175047
-175077
-175108
-175138
-175169
-175199
-175229
-175260
-175290
-175321
-175351
-175382
-175412
-175443
-175473
-175504
-175534
-175565
-175595
-175626
-175656
-175687
-175717
-175748
-175778
-175809
-175839
-175869
-175900
-175930
-175961
-175991
-176022
-176052
-176083
-176113
-176144
-176174
-176205
-176235
-176266
-176296
-176327
-176357
-176388
-176418
-176448
-176479
-176509
-176540
-176570
-176601
-176631
-176662
-176692
-176723
-176753
-176784
-176814
-176845
-176875
-176906
-176936
-176967
-176997
-177028
-177058
-177088
-177119
-177149
-177180
-177210
-177241
-177271
-177302
-177332
-177363
-177393
-177424
-177454
-177485
-177515
-177546
-177576
-177607
-177637
-177667
-177698
-177728
-177759
-177789
-177820
-177850
-177881
-177911
-177942
-177972
-178003
-178033
-178064
-178094
-178125
-178155
-178186
-178216
-178247
-178277
-178307
-178338
-178368
-178399
-178429
-178460
-178490
-178521
-178551
-178582
-178612
-178643
-178673
-178704
-178734
-178765
-178795
-178826
-178856
-178886
-178917
-178947
-178978
-179008
-179039
-179069
-179100
-179130
-179161
-179191
-179222
-179252
-179283
-179313
-179344
-179374
-179405
-179435
-179466
-179496
-179526
-179557
-179587
-179618
-179648
-179679
-179709
-179740
-179770
-179801
-179831
-179862
-179892
-179923
-179953
-179984
-180014
-180045
-180075
-180105
-180136
-180166
-180197
-180227
-180258
-180288
-180319
-180349
-180380
-180410
-180441
-180471
-180502
-180532
-180563
-180593
-180624
-180654
-180685
-180715
-180745
-180776
-180806
-180837
-180867
-180898
-180928
-180959
-180989
-181020
-181050
-181081
-181111
-181142
-181172
-181203
-181233
-181264
-181294
-181325
-181355
-181385
-181416
-181446
-181477
-181507
-181538
-181568
-181599
-181629
-181660
-181690
-181721
-181751
-181782
-181812
-181843
-181873
-181904
-181934
-181964
-181995
-182025
-182056
-182086
-182117
-182147
-182178
-182208
-182239
-182269
-182300
-182330
-182361
-182391
-182422
-182452
-182483
-182513
-182544
-182574
-182604
-182635
-182665
-182696
-182726
-182757
-182787
-182818
-182848
-182879
-182909
-182940
-182970
-183001
-183031
-183062
-183092
-183123
-183153
-183183
-183214
-183244
-183275
-183305
-183336
-183366
-183397
-183427
-183458
-183488
-183519
-183549
-183580
-183610
-183641
-183671
-183702
