-3888.9
-7662.82
-8703.26
-9065.77
-9428.28
-9790.79
-10153.3
-10515.8
-10878.3
-11240.8
-11603.3
-11965.8
-12328.4
-12690.9
-13053.4
-13415.9
-13778.4
-14140.9
-14503.4
-14865.9
-15228.4
-15590.9
-15953.4
-16315.9
-16678.5
-17041
-17403.5
-17766
-18128.5
-18491
-18853.5
-19216
-19578.5
-19941
-20303.5
-20666.1
-21028.6
-21391.1
-21753.6
-22116.1
-22478.6
-22841.1
-23203.6
-23566.1
-23928.6
-24291.1
-24653.7
-25016.2
-25378.7
-25741.2
-26103.7
-26466.2
-26828.7
-27191.2
-27553.7
-27916.2
-28278.7
-28641.3
-29003.8
-29366.3
-29728.8
-30091.3
-30453.8
-30816.3
-31178.8
-31541.3
-31903.8
-32266.3
-32628.8
-32991.4
-33353.9
-33716.4
-34078.9
-34441.4
-34803.9
-35166.4
-35528.9
-35891.4
-36253.9
-36616.4
-36979
-37341.5
-37704
-38066.5
-38429
-38791.5
-39154
-39516.5
-39879
-40241.5
-40604
-40966.6
-41329.1
-41691.6
-42054.1
-42416.6
-42779.1
-43141.6
-43504.1
-43866.6
-44229.1
-44591.6
-44954.1
-45316.7
-45679.2
-46041.7
-46404.2
-46766.7
-47129.2
-47491.7
-47854.2
-48216.7
-48579.2
-48941.7
-49304.3
-49666.8
-50029.3
-50391.8
-50754.3
-51116.8
-51479.3
-51841.8
-52204.3
-52566.8
-52929.3
-53291.9
-53654.4
-54016.9
-54379.4
-54741.9
-55104.4
-55466.9
-55829.4
-56191.9
-56554.4
-56916.9
-57279.5
-57642
-58004.5
-58367
-58729.5
-59092
-59454.5
-59817
-60179.5
-60542
-60904.5
-61267
-61629.6
-61992.1
-62354.6
-62717.1
-63079.6
-63442.1
-63804.6
-64167.1
-64529.6
-64892.1
-65254.6
-65617.2
-65979.7
-66342.2
-66704.7
-67067.2
-67429.7
-67792.2
-68154.7
-68517.2
-68879.7
-69242.2
-69604.8
-69967.3
-70329.8
-70692.3
-71054.8
-71417.3
-71779.8
-72142.3
-72504.8
-72867.3
-73229.8
-73592.4
-73954.9
-74317.4
-74679.9
-75042.4
-75403.6
-75753.6
-76103.6
-76453.6
-76803.6
-77153.6
-77503.6
-77843.7
-78181.6
-78519.5
-78857.4
-79195.3
-79533.2
-79871.1
-80209
-80546.9
-80884.8
-81222.7
-81560.6
-81898.5
-82236.4
-82574.3
-82912.2
-83250.1
-83588
-83925.9
-84263.8
-84601.7
-84937.9
-85265
-85592
-85919
-86246
-86573
-86900.1
-87227.1
-87554.1
-87881.1
-88208.1
-88535.2
-88862.2
-89189.2
-89516.2
-89843.2
-90170.3
-90497.3
-90824.3
-91151.3
-91478.3
-91805.4
-92132.4
-92459.4
-92786.4
-93108.2
-93425.5
-93742.7
-94060
-94377.2
-94694.5
-95011.7
-95329
-95646.3
-95963.5
-96280.8
-96598
-96915.3
-97232.6
-97549.8
-97867.1
-98184.3
-98501.6
-98818.8
-99136.1
-99453.4
-99770.6
-100088
-100405
-100722
-101040
-101357
-101674
-101991
-102309
-102626
-102943
-103260
-103578
-103895
-104212
-104516
-104736
-104957
-105177
-105397
-105618
-105838
-106058
-106278
-106499
-106719
-106939
-107160
-107380
-107600
-107821
-108041
-108261
-108481
-108702
-108922
-109142
-109363
-109583
-109803
-110024
-110244
-110464
-110684
-110905
-111125
-111345
-111566
-111786
-112006
-112226
-112447
-112667
-112887
-113108
-113328
-113548
-113756
-113931
-114106
-114281
-114456
-114631
-114806
-114981
-115156
-115331
-115506
-115655
-115786
-115918
-116049
-116180
-116311
-116442
-116573
-116705
-116836
-116967
-117098
-117229
-117360
-117492
-117623
-117754
-117885
-118016
-118147
-118279
-118410
-118541
-118672
-118803
-118935
-119066
-119197
-119328
-119459
-119590
-119722
-119853
-119984
-120115
-120246
-120377
-120479
-120570
-120662
-120754
-120846
-120937
-121029
-121121
-121213
-121304
-121396
-121488
-121580
-121672
-121763
-121855
-121947
-122039
-122130
-122222
-122314
-122406
-122497
-122589
-122681
-122773
-122865
-122956
-123048
-123140
-123232
-123323
-123415
-123507
-123599
-123690
-123782
-123874
-123966
-124058
-124149
-124241
-124301
-124357
-124413
-124470
-124526
-124583
-124639
-124695
-124752
-124808
-124865
-124921
-124978
-125034
-125090
-125147
-125203
-125260
-125316
-125372
-125429
-125485
-125542
-125598
-125654
-125711
-125767
-125824
-125880
-125937
-125993
-126049
-126106
-126162
-126219
-126275
-126331
-126388
-126444
-126501
-126557
-126613
-126670
-126726
-126783
-126839
-126896
-126952
-127008
-127065
-127121
-127178
-127234
-127290
-127347
-127403
-127460
-127516
-127572
-127629
-127685
-127742
-127798
-127855
-127911
-127967
-128024
-128080
-128137
-128193
-128249
-128306
-128362
-128419
-128475
-128532
-128588
-128644
-128701
-128757
-128814
-128870
-128926
-128983
-129039
-129096
-129152
-129208
-129265
-129321
-129378
-129434
-129491
-129547
-129603
-129660
-129716
-129773
-129829
-129885
-129942
-129998
-130055
-130111
-130167
-130224
-130280
-130337
-130393
-130450
-130506
-130562
-130619
-130675
-130732
-130788
-130844
-130901
-130957
-131014
-131070
-131126
-131183
-131239
-131296
-131352
-131409
-131465
-131521
-131578
-131634
-131691
-131747
-131803
-131860
-131916
-131973
-132029
-132086
-132142
-132198
-132255
-132311
-132368
-132412
-132425
-132437
-132450
-132462
-132475
-132488
-132500
-132513
-132525
-132538
-132551
-132563
-132576
-132589
-132601
-132614
-132626
-132639
-132652
-132664
-132677
-132690
-132702
-132715
-132727
-132740
-132753
-132765
-132778
-132790
-132803
-132816
-132828
-132841
-132854
-132866
-132879
-132891
-132904
-132917
-132929
-132942
-132955
-132967
-132980
-132992
-133005
-133018
-133030
-133043
-133055
-133068
-133081
-133093
-133106
-133119
-133131
-133144
-133156
-133169
-133182
-133194
-133207
-133219
-133232
-133245
-133257
-133270
-133283
-133295
-133308
-133320
-133333
-133346
-133358
-133371
-133384
-133396
-133409
-133421
-133434
-133447
-133459
-133472
-133484
-133497
-133510
-133522
-133535
-133548
-133560
-133573
-133585
-133598
-133611
-133623
-133636
-133649
-133661
-133674
-133686
-133699
-133712
-133724
-133737
-133749
-133762
-133775
-133787
-133800
-133813
-133825
-133838
-133850
-133863
-133876
-133888
-133901
-133914
-133926
-133939
-133951
-133964
-133977
-133989
-134002
-134014
-134027
-134040
-134052
-134065
-134078
-134090
-134103
-134115
-134128
-134141
-134153
-134166
-134179
-134191
-134204
-134216
-134229
-134242
-134254
-134267
-134279
-134292
-134305
-134317
-134330
-134343
-134355
-134368
-134380
-134393
-134406
-134418
-134431
-134444
-134456
-134469
-134481
-134494
-134507
-134519
-134532
-134544
-134557
-134570
-134582
-134595
-134608
-134620
-134633
-134645
-134658
-134671
-134683
-134696
-134709
-134721
-134734
-134746
-134759
-134772
-134784
-134797
-134809
-134822
-134835
-134847
-134860
-134873
-134885
-134898
-134910
-134923
-134936
-134948
-134961
-134974
-134986
-134999
-135011
-135024
-135037
-135049
-135062
-135074
-135087
-135100
-135112
-135125
-135138
-135150
-135163
-135175
-135188
-135201
-135213
-135226
-135238
-135251
-135264
-135276
-135289
-135302
-135314
-135327
-135339
-135352
-135365
-135377
-135390
-135403
-135415
-135428
-135440
-135453
-135466
-135478
-135491
-135503
-135516
-135529
-135541
-135554
-135567
-135579
-135592
-135604
-135617
-135630
-135642
-135655
-135668
-135680
-135693
-135705
-135718
-135731
-135743
-135756
-135768
-135781
-135794
-135806
-135819
-135832
-135844
-135857
-135869
-135882
-135895
-135907
-135920
-135933
-135945
-135958
-135970
-135983
-135996
-136008
-136021
-136033
-136046
-136059
-136071
-136084
-136097
-136109
-136122
-136134
-136147
-136160
-136172
-136185
-136198
-136210
-136223
-136235
-136248
-136261
-136273
-136286
-136298
-136311
-136324
-136336
-136349
-136362
-136374
-136387
-136399
-136412
-136425
-136437
-136450
-136463
-136475
-136488
-136500
-136513
-136526
-136538
-136551
-136563
-136576
-136589
-136601
-136614
-136627
-136639
-136652
-136664
-136677
-136690
-136702
-136715
-136728
-136740
-136753
-136765
-136778
-136791
-136803
-136816
-136828
-136841
-136854
-136866
-136879
-136892
-136904
-136917
-136929
-136942
-136955
-136967
-136980
-136992
-137005
-137018
-137030
-137043
-137056
-137068
-137081
-137093
-137106
-137119
-137131
-137144
-137157
-137169
-137182
-137194
-137207
-137220
-137232
-137245
-137257
-137270
-137283
-137295
-137308
-137321
-137333
-137346
-137358
-137371
-137384
-137396
-137409
-137422
-137434
-137447
-137459
-137472
-137485
-137497
-137510
-137522
-137535
-137548
-137560
-137573
-137586
-137598
-137611
-137623
-137636
-137649
-137661
-137674
-137687
-137699
-137712
-137724
-137737
-137750
-137762
-137775
-137787
-137800
-137813
-137825
-137838
-137851
-137863
-137876
-137888
-137901
-137914
-137926
-137939
-137952
-137964
-137977
-137989
-138002
-138015
-138027
-138040
-138052
-138065
