-648.781
-1297.56
-1946.34
-2595.12
-3243.9
-3892.68
-4541.47
-5190.25
-5839.03
-6487.81
-7136.59
-7785.37
-8434.15
-9082.93
-9731.71
-10380.5
-11029.3
-11678.1
-12326.8
-12975.6
-13624.4
-14273.2
-14922
-15570.7
-16219.5
-16868.3
-17517.1
-18165.9
-18814.6
-19463.4
-20112.2
-20761
-21409.8
-22058.5
-22707.3
-23356.1
-24004.9
-24653.7
-25302.4
-25951.2
-26600
-27248.8
-27897.6
-28546.4
-29195.1
-29843.9
-30492.7
-31141.5
-31790.3
-32439
-33087.8
-33736.6
-34385.4
-35034.2
-35682.9
-36331.7
-36980.5
-37629.3
-38278.1
-38926.8
-39575.6
-40224.4
-40873.2
-41522
-42170.7
-42819.5
-43468.3
-44117.1
-44765.9
-45414.7
-46063.4
-46712.2
-47361
-48009.8
-48658.6
-49307.3
-49956.1
-50604.9
-51253.7
-51902.5
-52551.2
-53200
-53848.8
-54497.6
-55146.4
-55795.1
-56443.9
-57092.7
-57741.5
-58390.3
-59039
-59687.8
-60336.6
-60985.4
-61634.2
-62283
-62931.7
-63580.5
-64229.3
-64878.1
-65526.9
-66175.6
-66824.4
-67473.2
-68122
-68770.8
-69419.5
-70068.3
-70717.1
-71365.9
-72014.7
-72663.4
-73312.2
-73961
-74609.8
-75258.6
-75907.3
-76556.1
-77204.9
-77853.7
-78502.5
-79151.3
-79800
-80448.8
-81097.6
-81746.4
-82395.2
-83043.9
-83692.7
-84341.5
-84990.3
-85639.1
-86287.8
-86936.6
-87585.4
-88234.2
-88883
-89531.7
-90180.5
-90829.3
-91478.1
-92126.9
-92775.6
-93424.4
-94073.2
-94722
-95370.8
-96019.6
-96668.3
-97317.1
-97965.9
-98614.7
-99263.5
-99912.2
-100561
-101210
-101859
-102507
-103156
-103805
-104454
-105102
-105751
-106400
-107049
-107698
-108346
-108995
-109644
-110293
-110942
-111590
-112239
-112877
-113507
-114136
-114736
-115326
-115917
-116507
-117097
-117687
-118277
-118867
-119457
-120033
-120605
-121176
-121738
-122291
-122844
-123398
-123951
-124505
-125058
-125612
-126165
-126718
-127272
-127825
-128379
-128932
-129485
-130039
-130592
-131146
-131699
-132252
-132792
-133329
-133866
-134403
-134940
-135477
-136014
-136551
-137088
-137625
-138162
-138699
-139236
-139772
-140309
-140846
-141383
-141920
-142457
-142994
-143531
-144068
-144605
-145142
-145679
-146216
-146753
-147290
-147827
-148364
-148900
-149437
-149974
-150511
-151048
-151585
-152122
-152659
-153196
-153733
-154270
-154807
-155344
-155881
-156418
-156955
-157492
-158028
-158565
-159102
-159639
-160176
-160713
-161250
-161666
-162032
-162397
-162762
-163128
-163493
-163858
-164224
-164589
-164955
-165320
-165685
-166051
-166416
-166781
-167147
-167512
-167878
-168243
-168608
-168974
-169339
-169704
-170070
-170435
-170801
-171166
-171531
-171897
-172262
-172628
-172993
-173354
-173670
-173987
-174304
-174620
-174905
-175125
-175346
-175566
-175787
-176007
-176228
-176448
-176669
-176889
-177110
-177330
-177551
-177771
-177992
-178208
-178383
-178557
-178732
-178907
-179082
-179227
-179357
-179486
-179616
-179746
-179876
-180006
-180136
-180266
-180396
-180526
-180655
-180785
-180915
-181045
-181175
-181305
-181435
-181565
-181694
-181824
-181954
-182084
-182214
-182344
-182474
-182604
-182734
-182863
-182993
-183123
-183253
-183383
-183508
-183598
-183687
-183776
-183865
-183954
-184044
-184133
-184222
-184311
-184401
-184490
-184579
-184668
-184757
-184847
-184936
-185025
-185114
-185203
-185293
-185382
-185471
-185560
-185650
-185739
-185828
-185917
-186006
-186096
-186185
-186274
-186363
-186452
-186542
-186631
-186720
-186809
-186899
-186988
-187077
-187166
-187255
-187345
-187434
-187523
-187612
-187701
-187791
-187880
-187969
-188058
-188148
-188237
-188326
-188415
-188504
-188594
-188683
-188772
-188861
-188951
-189040
-189129
-189218
-189307
-189397
-189486
-189575
-189664
-189753
-189843
-189932
-190021
-190110
-190200
-190289
-190378
-190467
-190556
-190646
-190735
-190824
-190913
-191002
-191092
-191181
-191270
-191359
-191449
-191538
-191627
-191716
-191805
-191895
-191984
-192073
-192162
-192251
-192341
-192430
-192519
-192608
-192698
-192787
-192876
-192965
-193054
-193144
-193233
-193322
-193411
-193500
-193590
-193679
-193768
-193857
-193947
-194036
-194125
-194214
-194303
-194393
-194482
-194571
-194660
-194749
-194839
-194928
-195017
-195106
-195196
-195285
-195374
-195463
-195552
-195642
-195731
-195820
-195909
-195998
-196088
-196177
-196266
-196355
-196445
-196534
-196623
-196712
-196801
-196891
-196980
-197069
-197158
-197247
-197337
-197426
-197515
-197604
-197694
-197783
-197872
-197961
-198050
-198140
-198229
-198318
-198407
-198496
-198586
-198675
-198736
-198756
-198776
-198796
-198816
-198836
-198857
-198877
-198897
-198917
-198937
-198957
-198977
-198997
-199018
-199038
-199058
-199078
-199098
-199118
-199138
-199158
-199179
-199199
-199219
-199239
-199259
-199279
-199299
-199319
-199340
-199360
-199380
-199400
-199420
-199440
-199460
-199480
-199501
-199521
-199541
-199561
-199581
-199601
-199621
-199642
-199662
-199682
-199702
-199722
-199742
-199762
-199782
-199803
-199823
-199843
-199863
-199883
-199903
-199923
-199943
-199964
-199984
-200004
-200024
-200044
-200064
-200084
-200104
-200125
-200145
-200165
-200185
-200205
-200225
-200245
-200265
-200286
-200306
-200326
-200346
-200366
-200386
-200406
-200426
-200447
-200467
-200487
-200507
-200527
-200547
-200567
-200587
-200608
-200628
-200648
-200668
-200688
-200708
-200728
-200748
-200769
-200789
-200809
-200829
-200849
-200869
-200889
-200909
-200930
-200950
-200970
-200990
-201010
-201030
-201050
-201070
-201091
-201111
-201131
-201151
-201171
-201191
-201211
-201231
-201252
-201272
-201292
-201312
-201332
-201352
-201372
-201392
-201413
-201433
-201453
-201473
-201493
-201513
-201533
-201553
-201574
-201594
-201614
-201634
-201654
-201674
-201694
-201715
-201735
-201755
-201775
-201795
-201815
-201835
-201855
-201876
-201896
-201916
-201936
-201956
-201976
-201996
-202016
-202037
-202057
-202077
-202097
-202117
-202137
-202157
-202177
-202198
-202218
-202238
-202258
-202278
-202298
-202318
-202338
-202359
-202379
-202399
-202419
-202439
-202459
-202479
-202499
-202520
-202540
-202560
-202580
-202600
-202620
-202640
-202660
-202681
-202701
-202721
-202741
-202761
-202781
-202801
-202821
-202842
-202862
-202882
-202902
-202922
-202942
-202962
-202982
-203003
-203023
-203043
-203063
-203083
-203103
-203123
-203143
-203164
-203184
-203204
-203224
-203244
-203264
-203284
-203304
-203325
-203345
-203365
-203385
-203405
-203425
-203445
-203465
-203486
-203506
-203526
-203546
-203566
-203586
-203606
-203627
-203647
-203667
-203687
-203707
-203727
-203747
-203767
-203788
-203808
-203828
-203848
-203868
-203888
-203908
-203928
-203949
-203969
-203989
-204009
-204029
-204049
-204069
-204089
-204110
-204130
-204150
-204170
-204190
-204210
-204230
-204250
-204271
-204291
-204311
-204331
-204351
-204371
-204391
-204411
-204432
-204452
-204472
-204492
-204512
-204532
-204552
-204572
-204593
-204613
-204633
-204653
-204673
-204693
-204713
-204733
-204754
-204774
-204794
-204814
-204834
-204854
-204874
-204894
-204915
-204935
-204955
-204975
-204995
-205015
-205035
-205055
-205076
-205096
-205116
-205136
-205156
-205176
-205196
-205216
-205237
-205257
-205277
-205297
-205317
-205337
-205357
-205377
-205398
-205418
-205438
-205458
-205478
-205498
-205518
-205538
-205559
-205579
-205599
-205619
-205639
-205659
-205679
-205700
-205720
-205740
-205760
-205780
-205800
-205820
-205840
-205861
-205881
-205901
-205921
-205941
-205961
-205981
-206001
-206022
-206042
-206062
-206082
-206102
-206122
-206142
-206162
-206183
-206203
-206223
-206243
-206263
-206283
-206303
-206323
-206344
-206364
-206384
-206404
-206424
-206444
-206464
-206484
-206505
-206525
-206545
-206565
-206585
-206605
-206625
-206645
-206666
-206686
-206706
-206726
-206746
-206766
-206786
-206806
-206827
-206847
-206867
-206887
-206907
-206927
-206947
-206967
-206988
-207008
-207028
-207048
-207068
-207088
-207108
-207128
-207149
-207169
-207189
-207209
-207229
-207249
-207269
-207289
-207310
-207330
-207350
-207370
-207390
-207410
-207430
-207450
-207471
-207491
-207511
-207531
-207551
-207571
-207591
-207611
-207632
-207652
-207672
-207692
-207712
-207732
-207752
-207773
-207793
-207813
-207833
-207853
-207873
-207893
-207913
-207934
-207954
-207974
-207994
-208014
-208034
-208054
-208074
-208095
-208115
-208135
-208155
-208175
-208195
-208215
-208235
-208256
-208276
-208296
