-6067.65
-11678.2
-13659.4
-14238.5
-14808.4
-15378.3
-15948.2
-16518.2
-17088.1
-17658
-18227.9
-18797.9
-19367.8
-19937.7
-20507.6
-21077.6
-21647.5
-22217.4
-22787.3
-23357.3
-23927.2
-24497.1
-25067
-25637
-26206.9
-26776.8
-27346.7
-27916.7
-28486.6
-29056.5
-29626.5
-30196.4
-30766.3
-31336.2
-31906.2
-32476.1
-33046
-33615.9
-34185.9
-34755.8
-35325.7
-35895.6
-36465.6
-37035.5
-37605.4
-38175.3
-38745.3
-39315.2
-39885.1
-40455
-41025
-41594.9
-42164.8
-42734.7
-43304.7
-43874.6
-44444.5
-45014.5
-45584.4
-46154.3
-46724.2
-47294.2
-47864.1
-48434
-49003.9
-49573.9
-50143.8
-50713.7
-51283.6
-51853.6
-52423.5
-52993.4
-53563.3
-54133.3
-54703.2
-55273.1
-55843
-56413
-56982.9
-57552.8
-58122.8
-58692.7
-59262.6
-59832.5
-60402.5
-60972.4
-61542.3
-62112.2
-62682.2
-63252.1
-63822
-64391.9
-64961.9
-65531.8
-66101.7
-66671.6
-67241.6
-67811.5
-68381.4
-68951.3
-69521.3
-70091.2
-70661.1
-71231
-71801
-72370.9
-72940.8
-73510.8
-74080.7
-74650.6
-75220.5
-75790.5
-76360.4
-76930.3
-77500.2
-78070.2
-78640.1
-79210
-79779.9
-80349.9
-80919.8
-81489.7
-82059.6
-82629.6
-83199.5
-83769.4
-84339.3
-84909.3
-85479.2
-86049.1
-86619
-87189
-87758.9
-88328.8
-88898.8
-89468.7
-90038.6
-90608.5
-91178.5
-91748.4
-92318.3
-92888.2
-93458.2
-94028.1
-94598
-95167.9
-95737.9
-96307.8
-96877.7
-97447.6
-98017.6
-98583.3
-99145.5
-99707.7
-100270
-100832
-101386
-101941
-102496
-103051
-103605
-104160
-104707
-105255
-105802
-106350
-106897
-107445
-107992
-108540
-109087
-109635
-110182
-110730
-111277
-111825
-112372
-112920
-113467
-114015
-114562
-115110
-115657
-116205
-116752
-117300
-117847
-118395
-118942
-119490
-120037
-120584
-121132
-121679
-122227
-122774
-123322
-123869
-124417
-124964
-125512
-126059
-126607
-127154
-127702
-128249
-128797
-129344
-129892
-130439
-130984
-131526
-132068
-132610
-133152
-133694
-134236
-134778
-135320
-135862
-136404
-136944
-137480
-138017
-138554
-139090
-139627
-140164
-140700
-141237
-141774
-142310
-142847
-143384
-143920
-144457
-144994
-145530
-146067
-146604
-147140
-147677
-148204
-148731
-149257
-149779
-150301
-150824
-151346
-151868
-152390
-152913
-153396
-153812
-154228
-154645
-155061
-155463
-155851
-156240
-156628
-157017
-157405
-157793
-158182
-158546
-158905
-159262
-159619
-159976
-160333
-160689
-161046
-161403
-161760
-162099
-162429
-162760
-163091
-163422
-163752
-164083
-164414
-164745
-165075
-165406
-165737
-166068
-166398
-166729
-167003
-167241
-167480
-167719
-167957
-168196
-168435
-168673
-168912
-169150
-169389
-169628
-169866
-170105
-170344
-170579
-170814
-171048
-171283
-171518
-171753
-171988
-172222
-172457
-172692
-172927
-173162
-173396
-173631
-173866
-174101
-174336
-174570
-174805
-175040
-175275
-175509
-175744
-175979
-176214
-176449
-176683
-176918
-177153
-177388
-177623
-177857
-178092
-178327
-178562
-178797
-179031
-179266
-179501
-179736
-179971
-180205
-180440
-180675
-180910
-181145
-181379
-181614
-181849
-182084
-182319
-182553
-182786
-183001
-183215
-183430
-183645
-183859
-184074
-184289
-184504
-184718
-184933
-185148
-185362
-185577
-185792
-186006
-186221
-186436
-186650
-186860
-187056
-187251
-187447
-187642
-187838
-188033
-188229
-188425
-188620
-188816
-189011
-189207
-189403
-189598
-189794
-189989
-190185
-190380
-190576
-190772
-190967
-191163
-191358
-191554
-191750
-191945
-192141
-192336
-192532
-192728
-192923
-193119
-193314
-193510
-193684
-193844
-194005
-194165
-194326
-194472
-194615
-194759
-194902
-195045
-195188
-195332
-195475
-195618
-195762
-195905
-196048
-196192
-196335
-196478
-196622
-196765
-196908
-197051
-197195
-197338
-197481
-197625
-197768
-197911
-198055
-198198
-198341
-198485
-198628
-198771
-198914
-199058
-199201
-199344
-199488
-199631
-199759
-199886
-200014
-200141
-200269
-200396
-200523
-200651
-200778
-200906
-201033
-201161
-201288
-201415
-201543
-201670
-201798
-201925
-202053
-202180
-202307
-202435
-202562
-202690
-202817
-202944
-203072
-203199
-203327
-203454
-203582
-203709
-203836
-203964
-204091
-204219
-204346
-204474
-204601
-204728
-204856
-204983
-205111
-205238
-205366
-205493
-205620
-205748
-205875
-206003
-206130
-206257
-206350
-206429
-206509
-206588
-206668
-206748
-206827
-206907
-206986
-207066
-207146
-207225
-207305
-207380
-207446
-207512
-207577
-207643
-207709
-207775
-207840
-207906
-207972
-208037
-208103
-208169
-208235
-208300
-208366
-208432
-208498
-208563
-208629
-208695
-208760
-208826
-208892
-208958
-209023
-209089
-209155
-209221
-209286
-209352
-209418
-209483
-209549
-209615
-209681
-209746
-209812
-209878
-209944
-210009
-210075
-210141
-210206
-210272
-210338
-210404
-210469
-210535
-210601
-210667
-210732
-210798
-210864
-210929
-210995
-211061
-211127
-211192
-211258
-211324
-211390
-211445
-211470
-211494
-211518
-211542
-211566
-211590
-211614
-211638
-211663
-211687
-211711
-211735
-211759
-211783
-211807
-211831
-211855
-211880
-211904
-211928
-211952
-211976
-212000
-212024
-212048
-212073
-212097
-212121
-212145
-212169
-212193
-212217
-212241
-212266
-212290
-212314
-212338
-212362
-212386
-212410
-212434
-212459
-212483
-212507
-212531
-212555
-212579
-212603
-212627
-212652
-212676
-212700
-212724
-212748
-212772
-212796
-212820
-212845
-212869
-212893
-212917
-212941
-212965
-212989
-213013
-213038
-213062
-213086
-213110
-213134
-213158
-213182
-213206
-213231
-213255
-213279
-213303
-213327
-213351
-213375
-213399
-213424
-213448
-213472
-213496
-213520
-213544
-213568
-213592
-213617
-213641
-213665
-213689
-213713
-213737
-213761
-213785
-213809
-213834
-213858
-213882
-213906
-213930
-213954
-213978
-214002
-214027
-214051
-214075
-214099
-214123
-214147
-214171
-214195
-214220
-214244
-214268
-214292
-214316
-214340
-214364
-214388
-214413
-214437
-214461
-214485
-214509
-214533
-214557
-214581
-214606
-214630
-214654
-214678
-214702
-214726
-214750
-214774
-214799
-214823
-214847
-214871
-214895
-214919
-214943
-214967
-214992
-215016
-215040
-215064
-215088
-215112
-215136
-215160
-215185
-215209
-215233
-215257
-215281
-215305
-215329
-215353
-215378
-215402
-215426
-215450
-215474
-215498
-215522
-215546
-215571
-215595
-215619
-215643
-215667
-215691
-215715
-215739
-215764
-215788
-215812
-215836
-215860
-215884
-215908
-215932
-215956
-215981
-216005
-216029
-216053
-216077
-216101
-216125
-216149
-216174
-216198
-216222
-216246
-216270
-216294
-216318
-216342
-216367
-216391
-216415
-216439
-216463
-216487
-216511
-216535
-216560
-216584
-216608
-216632
-216656
-216680
-216704
-216728
-216753
-216777
-216801
-216825
-216849
-216873
-216897
-216921
-216946
-216970
-216994
-217018
-217042
-217066
-217090
-217114
-217139
-217163
-217187
-217211
-217235
-217259
-217283
-217307
-217332
-217356
-217380
-217404
-217428
-217452
-217476
-217500
-217525
-217549
-217573
-217597
-217621
-217645
-217669
-217693
-217718
-217742
-217766
-217790
-217814
-217838
-217862
-217886
-217911
-217935
-217959
-217983
-218007
-218031
-218055
-218079
-218103
-218128
-218152
-218176
-218200
-218224
-218248
-218272
-218296
-218321
-218345
-218369
-218393
-218417
-218441
-218465
-218489
-218514
-218538
-218562
-218586
-218610
-218634
-218658
-218682
-218707
-218731
-218755
-218779
-218803
-218827
-218851
-218875
-218900
-218924
-218948
-218972
-218996
-219020
-219044
-219068
-219093
-219117
-219141
-219165
-219189
-219213
-219237
-219261
-219286
-219310
-219334
-219358
-219382
-219406
-219430
-219454
-219479
-219503
-219527
-219551
-219575
-219599
-219623
-219647
-219672
-219696
-219720
-219744
-219768
-219792
-219816
-219840
-219865
-219889
-219913
-219937
-219961
-219985
-220009
-220033
-220058
-220082
-220106
-220130
-220154
-220178
-220202
-220226
-220250
-220275
-220299
-220323
-220347
-220371
-220395
-220419
-220443
-220468
-220492
-220516
-220540
-220564
-220588
-220612
-220636
-220661
-220685
-220709
-220733
-220757
-220781
-220805
-220829
-220854
-220878
-220902
-220926
-220950
-220974
-220998
-221022
-221047
-221071
-221095
-221119
-221143
-221167
-221191
-221215
-221240
-221264
-221288
-221312
-221336
-221360
-221384
-221408
-221433
-221457
-221481
-221505
-221529
-221553
