-5375.12
-10511.7
-11308.9
-11823
-12337.2
-12851.3
-13365.4
-13879.5
-14393.6
-14907.7
-15421.8
-15935.9
-16450
-16964.1
-17478.2
-17992.3
-18506.4
-19020.6
-19534.7
-20048.8
-20562.9
-21077
-21591.1
-22105.2
-22619.3
-23133.4
-23647.5
-24161.6
-24675.7
-25189.8
-25703.9
-26218.1
-26732.2
-27246.3
-27760.4
-28274.5
-28788.6
-29302.7
-29816.8
-30330.9
-30845
-31359.1
-31873.2
-32387.3
-32901.5
-33415.6
-33929.7
-34443.8
-34957.9
-35472
-35986.1
-36500.2
-37014.3
-37528.4
-38042.5
-38556.6
-39070.7
-39584.8
-40099
-40613.1
-41127.2
-41641.3
-42155.4
-42669.5
-43183.6
-43697.7
-44211.8
-44725.9
-45240
-45754.1
-46268.2
-46782.4
-47296.5
-47810.6
-48324.7
-48838.8
-49352.9
-49867
-50381.1
-50895.2
-51409.3
-51923.4
-52437.5
-52951.6
-53465.8
-53979.9
-54494
-55008.1
-55522.2
-56036.3
-56550.4
-57064.5
-57578.6
-58092.7
-58606.8
-59120.9
-59635
-60149.1
-60663.3
-61177.4
-61691.5
-62205.6
-62719.7
-63233.8
-63747.9
-64262
-64776.1
-65290.2
-65804.3
-66318.4
-66832.5
-67346.7
-67860.8
-68374.9
-68889
-69403.1
-69917.2
-70431.3
-70945.4
-71459.5
-71973.6
-72487.7
-73001.8
-73515.9
-74030
-74544.2
-75058.3
-75572.4
-76086.5
-76600.6
-77114.7
-77628.8
-78142.9
-78657
-79171.1
-79685.2
-80199.3
-80713.4
-81227.6
-81741.7
-82255.8
-82769.9
-83284
-83798.1
-84312.2
-84826.3
-85340.4
-85854.5
-86368.6
-86882.7
-87396.8
-87911
-88425.1
-88939.2
-89453.3
-89967.4
-90481.5
-90995.6
-91509.7
-92023.8
-92537.9
-93052
-93566.1
-94080.2
-94594.3
-95108.5
-95622.6
-96136.7
-96650.8
-97164.9
-97679
-98193.1
-98707.2
-99221.3
-99735.4
-100250
-100764
-101278
-101792
-102306
-102820
-103334
-103844
-104351
-104859
-105367
-105874
-106382
-106890
-107398
-107905
-108413
-108921
-109428
-109935
-110437
-110938
-111440
-111942
-112444
-112945
-113447
-113949
-114449
-114945
-115441
-115933
-116408
-116882
-117356
-117831
-118305
-118780
-119254
-119728
-120203
-120677
-121152
-121626
-122100
-122575
-123049
-123524
-123998
-124472
-124947
-125421
-125896
-126370
-126840
-127295
-127750
-128172
-128589
-128996
-129394
-129791
-130169
-130548
-130897
-131220
-131543
-131866
-132189
-132511
-132834
-133157
-133441
-133710
-133978
-134229
-134480
-134731
-134982
-135233
-135484
-135735
-135986
-136237
-136488
-136739
-136990
-137241
-137492
-137743
-137994
-138245
-138496
-138747
-138998
-139249
-139500
-139751
-140002
-140253
-140504
-140755
-141006
-141257
-141508
-141759
-142010
-142261
-142512
-142763
-143014
-143265
-143516
-143767
-144018
-144269
-144520
-144771
-145022
-145273
-145508
-145728
-145949
-146170
-146391
-146612
-146832
-147053
-147274
-147495
-147716
-147937
-148157
-148378
-148596
-148794
-148992
-149189
-149387
-149584
-149782
-149980
-150177
-150375
-150572
-150770
-150968
-151165
-151363
-151560
-151758
-151956
-152153
-152351
-152548
-152746
-152927
-153102
-153278
-153454
-153630
-153806
-153982
-154158
-154334
-154509
-154685
-154861
-155037
-155213
-155389
-155555
-155710
-155865
-156020
-156175
-156331
-156486
-156641
-156796
-156951
-157106
-157261
-157416
-157571
-157727
-157882
-158037
-158192
-158347
-158502
-158657
-158812
-158967
-159123
-159278
-159433
-159588
-159743
-159898
-160053
-160208
-160363
-160519
-160674
-160829
-160984
-161139
-161294
-161449
-161604
-161759
-161915
-162070
-162225
-162380
-162535
-162690
-162845
-163000
-163155
-163311
-163466
-163621
-163776
-163931
-164086
-164241
-164396
-164551
-164707
-164862
-165017
-165172
-165327
-165482
-165637
-165792
-165944
-166089
-166234
-166380
-166525
-166671
-166816
-166961
-167107
-167252
-167397
-167543
-167688
-167834
-167979
-168124
-168270
-168415
-168560
-168706
-168851
-168997
-169142
-169287
-169433
-169578
-169723
-169869
-170014
-170160
-170305
-170450
-170596
-170741
-170886
-171032
-171177
-171323
-171468
-171613
-171759
-171904
-172049
-172195
-172340
-172486
-172627
-172764
-172900
-173037
-173174
-173297
-173417
-173536
-173655
-173774
-173886
-173996
-174107
-174218
-174328
-174430
-174532
-174634
-174736
-174837
-174914
-174991
-175068
-175145
-175221
-175298
-175375
-175452
-175529
-175606
-175683
-175760
-175837
-175914
-175991
-176057
-176109
-176162
-176214
-176267
-176319
-176364
-176408
-176453
-176497
-176542
-176586
-176630
-176675
-176719
-176764
-176808
-176853
-176897
-176942
-176986
-177031
-177075
-177120
-177164
-177209
-177253
-177298
-177342
-177386
-177431
-177475
-177520
-177564
-177609
-177653
-177698
-177742
-177787
-177831
-177876
-177920
-177965
-178009
-178054
-178098
-178143
-178187
-178231
-178276
-178320
-178365
-178409
-178454
-178498
-178543
-178587
-178632
-178676
-178721
-178765
-178810
-178854
-178899
-178943
-178988
-179032
-179076
-179121
-179165
-179210
-179254
-179299
-179343
-179388
-179432
-179477
-179521
-179566
-179610
-179655
-179699
-179744
-179788
-179832
-179877
-179921
-179966
-180010
-180055
-180099
-180144
-180188
-180233
-180277
-180322
-180364
-180395
-180426
-180457
-180488
-180519
-180550
-180580
-180611
-180642
-180673
-180704
-180735
-180765
-180796
-180827
-180858
-180889
-180920
-180950
-180981
-181012
-181043
-181074
-181105
-181136
-181166
-181197
-181228
-181259
-181290
-181321
-181351
-181382
-181413
-181444
-181475
-181506
-181536
-181567
-181598
-181629
-181660
-181691
-181722
-181752
-181783
-181814
-181845
-181876
-181907
-181937
-181968
-181999
-182030
-182061
-182092
-182122
-182153
-182184
-182215
-182246
-182277
-182308
-182338
-182369
-182400
-182431
-182462
-182493
-182523
-182554
-182585
-182616
-182647
-182678
-182708
-182739
-182770
-182801
-182832
-182863
-182894
-182924
-182955
-182986
-183017
-183048
-183079
-183109
-183140
-183171
-183202
-183233
-183264
-183294
-183325
-183356
-183387
-183418
-183449
-183480
-183510
-183541
-183572
-183603
-183634
-183665
-183695
-183726
-183757
-183788
-183819
-183850
-183880
-183911
-183942
-183973
-184004
-184035
-184066
-184096
-184127
-184158
-184189
-184220
-184251
-184281
-184312
-184343
-184374
-184405
-184436
-184466
-184497
-184528
-184559
-184590
-184621
-184651
-184682
-184713
-184744
-184775
-184806
-184837
-184867
-184898
-184929
-184960
-184991
-185022
-185052
-185083
-185114
-185145
-185176
-185207
-185237
-185268
-185299
-185330
-185361
-185392
-185423
-185453
-185484
-185515
-185546
-185577
-185608
-185638
-185669
-185700
-185731
-185762
-185793
-185823
-185854
-185885
-185916
-185947
-185978
-186009
-186039
-186070
-186101
-186132
-186163
-186194
-186224
-186255
-186286
-186317
-186348
-186379
-186409
-186440
-186471
-186502
-186533
-186564
-186595
-186625
-186656
-186687
-186718
-186749
-186780
-186810
-186841
-186872
-186903
-186934
-186965
-186995
-187026
-187057
-187088
-187119
-187150
-187181
-187211
-187242
-187273
-187304
-187335
-187366
-187396
-187427
-187458
-187489
-187520
-187551
-187581
-187612
-187643
-187674
-187705
-187736
-187767
-187797
-187828
-187859
-187890
-187921
-187952
-187982
-188013
-188044
-188075
-188106
-188137
-188167
-188198
-188229
-188260
-188291
-188322
-188353
-188383
-188414
-188445
-188476
-188507
-188538
-188568
-188599
-188630
-188661
-188692
-188723
-188753
-188784
-188815
-188846
-188877
-188908
-188939
-188969
-189000
-189031
-189062
-189093
-189124
-189154
-189185
-189216
-189247
-189278
-189309
-189339
-189370
-189401
-189432
-189463
-189494
-189525
-189555
-189586
-189617
-189648
-189679
-189710
-189740
-189771
-189802
-189833
-189864
-189895
-189925
-189956
-189987
-190018
-190049
-190080
-190110
-190141
-190172
-190203
-190234
-190265
-190296
-190326
-190357
-190388
-190419
-190450
-190481
-190511
-190542
-190573
-190604
-190635
-190666
-190696
-190727
-190758
-190789
-190820
-190851
-190882
-190912
-190943
-190974
-191005
-191036
-191067
-191097
-191128
-191159
-191190
-191221
-191252
-191282
-191313
-191344
-191375
-191406
-191437
-191468
-191498
-191529
-191560
-191591
-191622
-191653
-191683
-191714
-191745
-191776
-191807
-191838
-191868
-191899
-191930
-191961
-191992
-192023
-192054
-192084
-192115
-192146
-192177
-192208
-192239
-192269
-192300
-192331
-192362
-192393
-192424
-192454
-192485
-192516
-192547
-192578
-192609
-192640
-192670
-192701
-192732
-192763
-192794
-192825
-192855
-192886
-192917
-192948
-192979
