-4274.66
-7965.7
-8946.44
-9596.57
-10093.5
-10576.9
-10980.6
-11384.4
-11788.1
-12191.9
-12595.7
-12999.4
-13403.2
-13806.9
-14210.7
-14614.5
-15018.2
-15422
-15825.7
-16229.5
-16633.3
-17037
-17440.8
-17844.5
-18248.3
-18652
-19055.8
-19459.6
-19863.3
-20267.1
-20670.8
-21074.6
-21478.4
-21882.1
-22285.9
-22689.6
-23093.4
-23497.2
-23900.9
-24304.7
-24708.4
-25112.2
-25515.9
-25919.7
-26323.5
-26727.2
-27131
-27534.7
-27938.5
-28342.3
-28746
-29149.8
-29553.5
-29957.3
-30361.1
-30764.8
-31168.6
-31572.3
-31976.1
-32379.8
-32783.6
-33187.4
-33591.1
-33994.9
-34398.6
-34802.4
-35206.2
-35609.9
-36013.7
-36417.4
-36821.2
-37225
-37628.7
-38032.5
-38436.2
-38840
-39243.7
-39647.5
-40051.3
-40455
-40858.8
-41262.5
-41666.3
-42070.1
-42473.8
-42877.6
-43281.3
-43685.1
-44088.9
-44492.6
-44896.4
-45300.1
-45703.9
-46107.6
-46511.4
-46915.2
-47318.9
-47722.7
-48126.4
-48530.2
-48934
-49337.7
-49741.5
-50145.2
-50549
-50952.8
-51356.5
-51760.3
-52164
-52567.8
-52971.5
-53375.3
-53779.1
-54182.8
-54586.6
-54990.3
-55394.1
-55797.9
-56201.6
-56605.4
-57009.1
-57412.9
-57816.7
-58220.4
-58624.2
-59027.9
-59431.7
-59835.4
-60239.2
-60643
-61046.7
-61450.5
-61854.2
-62258
-62661.8
-63065.5
-63469.3
-63873
-64276.8
-64680.6
-65084.3
-65488.1
-65891.8
-66295.6
-66699.3
-67103.1
-67506.9
-67910.6
-68314.4
-68718.1
-69121.9
-69525.7
-69929.4
-70333.2
-70736.9
-71140.7
-71544.5
-71948.2
-72352
-72755.7
-73159.5
-73563.2
-73967
-74370.8
-74774.5
-75178.3
-75582
-75985.8
-76389.6
-76793.3
-77197.1
-77600.8
-78003.6
-78400.5
-78797.5
-79194.5
-79591.5
-79988.5
-80385.5
-80782.5
-81179.5
-81573.2
-81963.8
-82354.3
-82744.9
-83135.4
-83526
-83916.6
-84307.1
-84697.7
-85088.2
-85478.8
-85869.3
-86259.9
-86650.5
-87041
-87431.6
-87822.1
-88212.7
-88603.2
-88993.8
-89384.3
-89774.9
-90165.5
-90556
-90946.6
-91337.1
-91727.7
-92116
-92501
-92885.9
-93270.9
-93655.9
-94040.8
-94425.8
-94810.7
-95195.7
-95545.6
-95766.7
-95987.9
-96209.1
-96430.3
-96651.5
-96872.7
-97093.9
-97315.1
-97536.3
-97757.5
-97978.7
-98199.9
-98421.1
-98642.3
-98863.5
-99084.7
-99305.9
-99527.1
-99748.3
-99969.5
-100191
-100412
-100633
-100854
-101075
-101297
-101518
-101739
-101960
-102181
-102403
-102624
-102845
-103066
-103287
-103509
-103730
-103951
-104172
-104393
-104615
-104836
-105057
-105278
-105499
-105721
-105942
-106163
-106384
-106605
-106827
-107048
-107269
-107490
-107711
-107933
-108154
-108371
-108588
-108805
-109021
-109238
-109455
-109672
-109889
-110106
-110323
-110540
-110757
-110974
-111191
-111408
-111625
-111842
-112059
-112272
-112464
-112657
-112849
-113042
-113234
-113426
-113619
-113811
-114004
-114196
-114389
-114581
-114774
-114966
-115148
-115317
-115486
-115655
-115824
-115993
-116162
-116331
-116501
-116670
-116839
-117008
-117177
-117346
-117515
-117685
-117850
-118016
-118181
-118347
-118512
-118678
-118844
-119009
-119175
-119340
-119506
-119671
-119837
-120002
-120168
-120333
-120499
-120664
-120830
-120995
-121161
-121326
-121492
-121657
-121823
-121988
-122154
-122320
-122485
-122651
-122809
-122954
-123099
-123244
-123390
-123535
-123680
-123825
-123971
-124116
-124261
-124406
-124551
-124697
-124842
-124987
-125132
-125278
-125423
-125568
-125713
-125859
-126004
-126149
-126291
-126434
-126576
-126718
-126860
-127002
-127144
-127286
-127429
-127571
-127713
-127855
-127997
-128139
-128281
-128424
-128566
-128708
-128850
-128992
-129134
-129276
-129419
-129561
-129703
-129845
-129987
-130129
-130271
-130414
-130556
-130698
-130840
-130982
-131124
-131266
-131409
-131551
-131693
-131835
-131977
-132119
-132261
-132404
-132546
-132688
-132830
-132972
-133114
-133256
-133399
-133541
-133683
-133825
-133967
-134109
-134251
-134362
-134430
-134498
-134566
-134635
-134703
-134771
-134839
-134907
-134975
-135044
-135112
-135180
-135248
-135316
-135385
-135453
-135521
-135589
-135657
-135725
-135794
-135862
-135930
-135998
-136066
-136134
-136203
-136271
-136339
-136407
-136475
-136535
-136588
-136641
-136694
-136747
-136799
-136852
-136905
-136958
-137010
-137063
-137116
-137169
-137222
-137274
-137327
-137380
-137433
-137485
-137538
-137591
-137644
-137697
-137749
-137802
-137855
-137908
-137961
-138013
-138066
-138119
-138172
-138224
-138277
-138330
-138383
-138436
-138488
-138541
-138594
-138647
-138700
-138752
-138805
-138858
-138911
-138963
-139016
-139069
-139122
-139175
-139227
-139280
-139333
-139386
-139439
-139491
-139544
-139597
-139650
-139702
-139755
-139808
-139861
-139914
-139966
-140019
-140072
-140125
-140177
-140230
-140283
-140336
-140389
-140441
-140494
-140547
-140600
-140653
-140705
-140758
-140811
-140864
-140916
-140955
-140995
-141035
-141075
-141114
-141154
-141194
-141234
-141273
-141313
-141353
-141392
-141432
-141472
-141512
-141551
-141591
-141631
-141670
-141710
-141750
-141790
-141829
-141869
-141909
-141949
-141988
-142028
-142068
-142107
-142147
-142187
-142227
-142266
-142305
-142343
-142380
-142418
-142456
-142494
-142531
-142569
-142607
-142644
-142682
-142720
-142758
-142795
-142833
-142871
-142909
-142946
-142984
-143022
-143059
-143097
-143135
-143173
-143210
-143248
-143286
-143324
-143361
-143399
-143437
-143474
-143512
-143550
-143588
-143625
-143663
-143701
-143739
-143776
-143814
-143852
-143889
-143927
-143965
-144003
-144040
-144078
-144116
-144154
-144191
-144229
-144267
-144304
-144342
-144380
-144418
-144453
-144479
-144506
-144532
-144559
-144585
-144612
-144638
-144665
-144692
-144718
-144745
-144771
-144798
-144824
-144851
-144877
-144904
-144930
-144957
-144983
-145010
-145036
-145063
-145090
-145116
-145143
-145169
-145196
-145222
-145249
-145275
-145302
-145328
-145355
-145381
-145408
-145434
-145461
-145487
-145514
-145541
-145567
-145594
-145620
-145647
-145673
-145700
-145726
-145753
-145779
-145806
-145832
-145859
-145885
-145912
-145938
-145965
-145992
-146018
-146045
-146071
-146098
-146124
-146151
-146177
-146204
-146230
-146257
-146283
-146310
-146336
-146363
-146389
-146416
-146443
-146469
-146496
-146522
-146549
-146575
-146602
-146628
-146655
-146681
-146708
-146734
-146761
-146787
-146814
-146841
-146867
-146894
-146920
-146947
-146973
-147000
-147026
-147053
-147079
-147106
-147132
-147159
-147185
-147212
-147238
-147265
-147292
-147318
-147345
-147371
-147398
-147424
-147451
-147477
-147504
-147530
-147557
-147583
-147610
-147636
-147663
-147689
-147716
-147743
-147769
-147796
-147822
-147849
-147875
-147902
-147928
-147955
-147981
-148008
-148034
-148061
-148087
-148114
-148141
-148167
-148194
-148220
-148247
-148273
-148300
-148326
-148353
-148379
-148406
-148432
-148459
-148485
-148512
-148538
-148565
-148592
-148618
-148645
-148671
-148698
-148724
-148751
-148777
-148804
-148830
-148857
-148883
-148910
-148936
-148963
-148989
-149016
-149043
-149069
-149096
-149122
-149149
-149175
-149202
-149228
-149255
-149281
-149308
-149334
-149361
-149387
-149414
-149441
-149467
-149494
-149520
-149547
-149573
-149600
-149626
-149653
-149679
-149706
-149732
-149759
-149785
-149812
-149838
-149865
-149892
-149918
-149945
-149971
-149998
-150024
-150051
-150077
-150104
-150130
-150157
-150183
-150210
-150236
-150263
-150289
-150316
-150343
-150369
-150396
-150422
-150449
-150475
-150502
-150528
-150555
-150581
-150608
-150634
-150661
-150687
-150714
-150740
-150767
-150794
-150820
-150847
-150873
-150900
-150926
-150953
-150979
-151006
-151032
-151059
-151085
-151112
-151138
-151165
-151192
-151218
-151245
-151271
-151298
-151324
-151351
-151377
-151404
-151430
-151457
-151483
-151510
-151536
-151563
-151589
-151616
-151643
-151669
-151696
-151722
-151749
-151775
-151802
-151828
-151855
-151881
-151908
-151934
-151961
-151987
-152014
-152040
-152067
-152094
-152120
-152147
-152173
-152200
-152226
-152253
-152279
-152306
-152332
-152359
-152385
-152412
-152438
-152465
-152492
-152518
-152545
-152571
-152598
-152624
-152651
-152677
-152704
-152730
-152757
-152783
-152810
-152836
-152863
-152889
-152916
-152943
-152969
-152996
-153022
-153049
-153075
-153102
-153128
-153155
-153181
-153208
-153234
-153261
-153287
-153314
-153340
-153367
-153394
-153420
-153447
-153473
-153500
-153526
-153553
-153579
-153606
-153632
-153659
-153685
-153712
-153738
-153765
-153792
-153813
-153832
-153851
-153871
-153890
