-759.24
-1518.48
-1817.01
-1918.64
-1990.93
-2063.21
-2135.5
-2207.79
-2280.08
-2352.36
-2424.65
-2496.94
-2569.23
-2641.52
-2713.8
-2786.09
-2858.38
-2930.67
-3002.95
-3075.24
-3147.53
-3219.82
-3292.1
-3364.39
-3436.68
-3508.97
-3581.26
-3653.54
-3725.83
-3798.12
-3870.41
-3942.69
-4014.98
-4087.27
-4159.56
-4231.84
-4304.13
-4376.42
-4448.71
-4520.99
-4593.28
-4665.57
-4737.86
-4810.15
-4882.43
-4954.72
-5027.01
-5099.3
-5171.58
-5243.87
-5316.16
-5388.45
-5460.73
-5533.02
-5605.31
-5677.6
-5749.89
-5822.17
-5894.46
-5966.75
-6039.04
-6111.32
-6183.61
-6255.9
-6328.19
-6400.47
-6472.76
-6545.05
-6617.34
-6689.63
-6761.91
-6834.2
-6906.49
-6978.78
-7051.06
-7123.35
-7195.64
-7267.93
-7340.21
-7412.5
-7484.79
-7557.08
-7629.36
-7701.65
-7773.94
-7846.23
-7918.52
-7990.8
-8063.09
-8135.38
-8207.67
-8279.95
-8352.24
-8424.53
-8496.82
-8569.1
-8641.39
-8713.68
-8785.97
-8858.26
-8930.54
-9002.83
-9075.12
-9147.41
-9219.69
-9291.98
-9364.27
-9436.56
-9508.84
-9581.13
-9653.42
-9725.71
-9797.99
-9870.28
-9942.57
-10014.9
-10087.1
-10159.4
-10231.7
-10304
-10376.3
-10448.6
-10520.9
-10593.2
-10665.4
-10737.7
-10810
-10882.3
-10954.6
-11026.9
-11099.2
-11171.5
-11243.7
-11316
-11388.3
-11460.6
-11532.9
-11605.2
-11677.5
-11749.8
-11822
-11894.3
-11966.6
-12038.9
-12111.2
-12183.5
-12255.8
-12328.1
-12400.4
-12472.6
-12544.9
-12617.2
-12689.5
-12761.8
-12834.1
-12906.4
-12978.7
-13050.9
-13123.2
-13195.5
-13267.8
-13340.1
-13412.4
-13484.7
-13557
-13629.2
-13701.5
-13773.8
-13846.1
-13918.4
-13990.7
-14063
-14135.3
-14207.5
-14279.8
-14352.1
-14424.4
-14496.7
-14569
-14641.3
-14713.6
-14785.8
-14858.1
-14930.4
-15002.7
-15075
-15147.3
-15219.6
-15291.9
-15364.1
-15436.4
-15508.7
-15581
-15653.3
-15725.6
-15797.9
-15870.2
-15942.4
-16014.7
-16087
-16159.3
-16231.6
-16303.9
-16376.2
-16448.5
-16520.7
-16593
-16665.3
-16737.6
-16809.9
-16882.2
-16954.5
-17026.8
-17099
-17171.3
-17243.6
-17315.9
-17388.2
-17460.5
-17532.8
-17605.1
-17677.4
-17749.6
-17821.9
-17894.2
-17966.5
-18038.8
-18111.1
-18183.4
-18255.7
-18327.9
-18400.2
-18472.5
-18544.8
-18617.1
-18689.4
-18761.7
-18834
-18906.2
-18978.5
-19050.8
-19123.1
-19195.4
-19267.7
-19340
-19412.3
-19484.5
-19556.8
-19629.1
-19701.4
-19773.7
-19846
-19905.3
-19942.3
-19979.3
-20016.3
-20053.2
-20090.2
-20127.2
-20164.2
-20201.2
-20238.2
-20275.2
-20312.2
-20349.2
-20386.2
-20423.2
-20460.2
-20497.2
-20534.2
-20571.2
-20608.2
-20645.2
-20682.2
-20719.2
-20756.2
-20793.2
-20830.1
-20867.1
-20904.1
-20941.1
-20978.1
-21015.1
-21052.1
-21089.1
-21126.1
-21163.1
-21200.1
-21237.1
-21274.1
-21311.1
-21348.1
-21385.1
-21422.1
-21459.1
-21496.1
-21533.1
-21570.1
-21607.1
-21644
-21681
-21718
-21755
-21792
-21829
-21866
-21903
-21940
-21977
-22014
-22051
-22088
-22125
-22162
-22199
-22236
-22273
-22306.5
-22339.8
-22373.1
-22406.4
-22439.7
-22473
-22506.3
-22539.6
-22573
-22606.3
-22639.6
-22672.9
-22706.2
-22739.5
-22772.8
-22806.1
-22839.4
-22872.7
-22906
-22939.4
-22972.7
-23006
-23039.3
-23072.6
-23105.9
-23139.2
-23172.5
-23205.8
-23239.1
-23272.4
-23305.8
-23339.1
-23372.4
-23405.7
-23439
-23472.3
-23505.6
-23538.9
-23572.2
-23605.5
-23638.8
-23672.1
-23705.5
-23738.8
-23772.1
-23805.4
-23838.7
-23872
-23905.3
-23938.6
-23971.9
-24005.2
-24038.5
-24071.9
-24105.2
-24138.5
-24171.8
-24205.1
-24238.4
-24271.7
-24305
-24338.3
-24371.6
-24404.9
-24438.3
-24471.6
-24504.9
-24538.2
-24571.5
-24604.8
-24638.1
-24671.4
-24704.7
-24738
-24771.3
-24804.6
-24838
-24871.3
-24904.6
-24937.9
-24971.2
-25004.5
-25037.8
-25071.1
-25104.4
-25137.7
-25171
-25204.4
-25237.7
-25271
-25304.3
-25337.6
-25370.9
-25404.2
-25437.5
-25470.8
-25504.1
-25537.4
-25570.8
-25604.1
-25637.4
-25670.7
-25704
-25737.3
-25770.6
-25803.9
-25837.2
-25870.5
-25903.8
-25937.1
-25970.5
-26003.8
-26037.1
-26070.4
-26103.7
-26137
-26170.3
-26203.6
-26236.9
-26270.2
-26303.5
-26336.9
-26370.2
-26403.5
-26436.8
-26470.1
-26503.4
-26536.7
-26570
-26603.3
-26636.6
-26669.9
-26703.3
-26736.6
-26769.9
-26803.2
-26836.5
-26869.8
-26903.1
-26936.4
-26969.7
-27003
-27036.3
-27069.6
-27103
-27136.3
-27169.6
-27202.9
-27236.2
-27269.5
-27302.8
-27336.1
-27369.4
-27402.7
-27436
-27469.4
-27502.7
-27536
-27569.3
-27602.6
-27635.9
-27669.2
-27702.5
-27735.8
-27769.1
-27802.4
-27835.7
-27869.1
-27902.4
-27935.7
-27969
-28002.3
-28035.6
-28068.9
-28102.2
-28135.5
-28168.8
-28202.1
-28235.5
-28268.8
-28302.1
-28335.4
-28368.7
-28402
-28435.3
-28468.6
-28501.9
-28535.2
-28556.8
-28574.2
-28591.5
-28608.9
-28626.3
-28643.6
-28661
-28678.4
-28695.7
-28713.1
-28730.5
-28747.9
-28765.2
-28782.6
-28800
-28817.3
-28834.7
-28852.1
-28869.4
-28886.8
-28904.2
-28921.5
-28938.9
-28956.3
-28973.6
-28991
-29008.4
-29025.7
-29043.1
-29060.5
-29077.9
-29095.2
-29112.6
-29129.9
-29134
-29138
-29142
-29146
-29150
-29154
-29158.1
-29162.1
-29166.1
-29170.1
-29174.1
-29178.1
-29182.2
-29186.2
-29190.2
-29194.2
-29198.2
-29202.2
-29206.3
-29210.3
-29214.3
-29218.3
-29222.3
-29226.3
-29230.4
-29234.4
-29238.4
-29242.4
-29246.4
-29250.5
-29254.5
-29258.5
-29262.5
-29266.5
-29270.5
-29274.6
-29278.6
-29282.6
-29286.6
-29290.6
-29294.6
-29298.7
-29302.7
-29306.7
-29310.7
-29314.7
-29318.7
-29322.8
-29326.8
-29330.8
-29334.8
-29338.8
-29342.9
-29346.9
-29350.9
-29354.9
-29358.9
-29362.9
-29367
-29371
-29375
-29379
-29383
-29387
-29391.1
-29395.1
-29399.1
-29403.1
-29407.1
-29411.1
-29415.2
-29419.2
-29423.2
-29427.2
-29431.2
-29435.3
-29439.3
-29443.3
-29447.3
-29451.3
-29455.3
-29459.4
-29463.4
-29467.4
-29471.4
-29475.4
-29479.4
-29483.5
-29487.5
-29491.5
-29495.5
-29499.5
-29503.5
-29507.6
-29511.6
-29515.6
-29519.6
-29523.6
-29527.7
-29531.7
-29535.7
-29539.7
-29543.7
-29547.7
-29551.8
-29555.8
-29559.8
-29563.8
-29567.8
-29571.8
-29575.9
-29579.9
-29583.9
-29587.9
-29591.9
-29595.9
-29600
-29604
-29608
-29612
-29616
-29620
-29624.1
-29628.1
-29632.1
-29636.1
-29640.1
-29644.2
-29648.2
-29652.2
-29656.2
-29660.2
-29664.2
-29668.3
-29672.3
-29676.3
-29680.3
-29684.3
-29688.3
-29692.4
-29696.4
-29700.4
-29704.4
-29708.4
-29712.4
-29716.5
-29720.5
-29724.5
-29728.5
-29732.5
-29736.6
-29740.6
-29744.6
-29748.6
-29752.6
-29756.6
-29760.7
-29764.7
-29768.7
-29772.7
-29776.7
-29780.7
-29784.8
-29788.8
-29792.8
-29796.8
-29800.8
-29804.8
-29808.9
-29812.9
-29816.9
-29820.9
-29824.9
-29829
-29833
-29837
-29841
-29845
-29849
-29853.1
-29857.1
-29861.1
-29865.1
-29869.1
-29873.1
-29877.2
-29881.2
-29885.2
-29889.2
-29893.2
-29897.2
-29901.3
-29905.3
-29909.3
-29913.3
-29917.3
-29921.4
-29925.4
-29929.4
-29933.4
-29937.4
-29941.4
-29945.5
-29949.5
-29953.5
-29957.5
-29961.5
-29965.5
-29969.6
-29973.6
-29977.6
-29981.6
-29985.6
-29989.6
-29993.7
-29997.7
-30001.7
-30005.7
-30009.7
-30013.8
-30017.8
-30021.8
-30025.8
-30029.8
-30033.8
-30037.9
-30041.9
-30045.9
-30049.9
-30053.9
-30057.9
-30062
-30066
-30070
-30074
-30078
-30082
-30086.1
-30090.1
-30094.1
-30098.1
-30102.1
-30106.1
-30110.2
-30114.2
-30118.2
-30122.2
-30126.2
-30130.3
-30134.3
-30138.3
-30142.3
-30146.3
-30150.3
-30154.4
-30158.4
-30162.4
-30166.4
-30170.4
-30174.4
-30178.5
-30182.5
-30186.5
-30190.5
-30194.5
-30198.5
-30202.6
-30206.6
-30210.6
-30214.6
-30218.6
-30222.7
-30226.7
-30230.7
-30234.7
-30238.7
-30242.7
-30246.8
-30250.8
-30254.8
-30258.8
-30262.8
-30266.8
-30270.9
-30274.9
-30278.9
-30282.9
-30286.9
-30290.9
-30295
-30299
-30303
-30307
-30311
-30315.1
-30319.1
-30323.1
-30327.1
-30331.1
-30335.1
-30339.2
-30343.2
-30347.2
-30351.2
-30355.2
-30359.2
-30363.3
-30367.3
-30371.3
-30375.3
-30379.3
-30383.3
-30387.4
-30391.4
-30395.4
-30399.4
-30403.4
-30407.5
-30411.5
-30415.5
-30419.5
-30423.5
-30427.5
-30431.6
-30435.6
-30439.6
-30443.6
-30447.6
-30451.6
-30455.7
-30459.7
-30463.7
-30467.7
-30471.7
-30475.7
-30479.8
-30483.8
-30487.8
-30491.8
-30495.8
-30499.8
-30503.9
-30507.9
-30511.9
-30515.9
-30519.9
-30524
-30528
-30532
-30536
-30540
-30544
-30548.1
-30552.1
-30556.1
-30560.1
-30564.1
-30568.1
-30572.2
-30576.2
-30580.2
-30584.2
-30588.2
-30592.2
-30596.3
-30600.3
-30604.3
-30608.3
-30612.3
-30616.4
-30620.4
-30624.4
-30628.4
-30632.4
-30636.4
-30640.5
-30644.5
-30648.5
-30652.5
-30656.5
-30660.5
-30664.6
-30668.6
-30672.6
-30676.6
-30680.6
-30684.6
-30688.7
-30692.7
-30696.7
-30700.7
-30704.7
-30708.8
-30712.8
-30716.8
-30720.8
-30724.8
-30728.8
-30732.9
-30736.9
-30740.9
-30744.9
-30748.9
-30752.9
-30757
-30761
-30765
-30769
-30773
-30777
-30781.1
-30785.1
-30789.1
-30793.1
-30797.1
-30801.2
-30805.2
-30809.2
-30813.2
-30817.2
-30821.2
-30825.3
-30829.3
-30833.3
-30837.3
-30841.3
-30845.3
-30849.4
-30853.4
-30857.4
-30861.4
-30865.4
-30869.4
-30873.5
-30877.5
-30881.5
-30885.5
-30889.5
-30893.5
-30897.6
-30901.6
-30905.6
-30909.6
-30913.6
-30917.7
-30921.7
-30925.7
-30929.7
-30933.7
-30937.7
-30941.8
-30945.8
-30949.8
-30953.8
-30957.8
-30961.8
-30965.9
-30969.9
-30973.9
-30977.9
-30981.9
