-5730.4
-11183.5
-11951.4
-12497.9
-13044.4
-13590.8
-14137.3
-14683.7
-15230.2
-15776.7
-16323.1
-16869.6
-17416
-17962.5
-18509
-19055.4
-19601.9
-20148.3
-20694.8
-21241.3
-21787.7
-22334.2
-22880.6
-23427.1
-23973.6
-24520
-25066.5
-25612.9
-26159.4
-26705.9
-27252.3
-27798.8
-28345.2
-28891.7
-29438.2
-29984.6
-30531.1
-31077.5
-31624
-32170.5
-32716.9
-33263.4
-33809.8
-34356.3
-34902.8
-35449.2
-35995.7
-36542.1
-37088.6
-37635.1
-38181.5
-38728
-39274.4
-39820.9
-40367.4
-40913.8
-41460.3
-42006.7
-42553.2
-43099.6
-43646.1
-44192.6
-44739
-45285.5
-45831.9
-46378.4
-46924.9
-47471.3
-48017.8
-48564.2
-49110.7
-49657.2
-50203.6
-50750.1
-51296.5
-51843
-52389.5
-52935.9
-53482.4
-54028.8
-54575.3
-55121.8
-55668.2
-56214.7
-56761.1
-57307.6
-57854.1
-58400.5
-58947
-59493.4
-60039.9
-60586.4
-61132.8
-61679.3
-62225.7
-62772.2
-63318.7
-63865.1
-64411.6
-64958
-65504.5
-66051
-66597.4
-67143.9
-67690.3
-68236.8
-68783.3
-69329.7
-69876.2
-70422.6
-70969.1
-71515.6
-72062
-72608.5
-73154.9
-73701.4
-74247.8
-74794.3
-75340.8
-75887.2
-76433.7
-76980.1
-77526.6
-78073.1
-78619.5
-79166
-79712.4
-80258.9
-80805.4
-81351.8
-81898.3
-82444.7
-82991.2
-83537.7
-84084.1
-84630.6
-85177
-85723.5
-86270
-86816.4
-87362.9
-87909.3
-88455.8
-89002.3
-89548.7
-90095.2
-90641.6
-91188.1
-91734.6
-92281
-92827.5
-93373.9
-93920.4
-94466.9
-95013.3
-95559.8
-96106.2
-96652.7
-97199.2
-97745.6
-98292.1
-98838.5
-99385
-99931.5
-100478
-101024
-101571
-102117
-102664
-103210
-103757
-104303
-104850
-105396
-105940
-106480
-107019
-107559
-108099
-108639
-109179
-109718
-110258
-110798
-111333
-111866
-112400
-112933
-113466
-114000
-114533
-115067
-115600
-116133
-116667
-117200
-117727
-118255
-118781
-119302
-119824
-120346
-120867
-121389
-121910
-122432
-122953
-123475
-123997
-124518
-125021
-125521
-126022
-126522
-127022
-127523
-128023
-128523
-129024
-129524
-130024
-130525
-131025
-131525
-132026
-132526
-133027
-133527
-134016
-134497
-134978
-135459
-135940
-136402
-136863
-137313
-137756
-138194
-138618
-139042
-139423
-139791
-140149
-140480
-140812
-141131
-141444
-141755
-142051
-142346
-142624
-142902
-143179
-143457
-143734
-144012
-144290
-144567
-144845
-145123
-145400
-145678
-145955
-146233
-146511
-146788
-147066
-147344
-147621
-147899
-148175
-148437
-148698
-148959
-149220
-149481
-149742
-150004
-150265
-150526
-150787
-151048
-151309
-151571
-151832
-152093
-152354
-152615
-152876
-153138
-153399
-153649
-153895
-154140
-154386
-154632
-154874
-155096
-155318
-155539
-155761
-155982
-156204
-156426
-156647
-156869
-157091
-157312
-157534
-157755
-157977
-158199
-158420
-158623
-158822
-159020
-159219
-159418
-159616
-159815
-160014
-160212
-160411
-160610
-160808
-161007
-161205
-161404
-161603
-161801
-162000
-162199
-162397
-162576
-162753
-162930
-163108
-163282
-163437
-163593
-163749
-163905
-164060
-164216
-164372
-164528
-164683
-164839
-164995
-165151
-165306
-165462
-165618
-165774
-165929
-166085
-166241
-166397
-166552
-166708
-166864
-167019
-167175
-167331
-167487
-167642
-167798
-167954
-168110
-168265
-168421
-168577
-168733
-168888
-169044
-169200
-169356
-169511
-169667
-169823
-169978
-170134
-170290
-170446
-170601
-170757
-170913
-171069
-171224
-171380
-171536
-171692
-171847
-172003
-172159
-172315
-172470
-172626
-172782
-172938
-173093
-173249
-173405
-173560
-173716
-173872
-174028
-174183
-174339
-174495
-174651
-174806
-174962
-175118
-175274
-175429
-175585
-175741
-175897
-176052
-176201
-176347
-176493
-176639
-176785
-176931
-177077
-177224
-177370
-177516
-177662
-177808
-177954
-178101
-178247
-178393
-178539
-178685
-178831
-178977
-179124
-179270
-179416
-179562
-179708
-179854
-180001
-180147
-180293
-180439
-180585
-180731
-180877
-181024
-181170
-181316
-181461
-181598
-181736
-181873
-182010
-182148
-182285
-182422
-182560
-182697
-182826
-182955
-183083
-183212
-183338
-183459
-183579
-183699
-183819
-183935
-184047
-184159
-184270
-184382
-184479
-184566
-184652
-184739
-184825
-184903
-184973
-185043
-185112
-185182
-185249
-185310
-185372
-185434
-185496
-185555
-185609
-185663
-185716
-185770
-185815
-185861
-185907
-185952
-185998
-186043
-186089
-186134
-186180
-186225
-186271
-186317
-186362
-186408
-186453
-186499
-186544
-186590
-186635
-186681
-186727
-186772
-186818
-186863
-186909
-186954
-187000
-187045
-187091
-187137
-187182
-187228
-187273
-187319
-187364
-187410
-187455
-187501
-187547
-187592
-187638
-187682
-187720
-187759
-187797
-187835
-187873
-187911
-187949
-187987
-188025
-188064
-188102
-188140
-188178
-188216
-188254
-188292
-188330
-188368
-188407
-188445
-188483
-188521
-188559
-188597
-188635
-188673
-188712
-188750
-188788
-188826
-188864
-188902
-188940
-188978
-189017
-189055
-189093
-189131
-189169
-189207
-189242
-189273
-189304
-189336
-189367
-189398
-189429
-189460
-189492
-189523
-189554
-189585
-189616
-189648
-189679
-189710
-189741
-189773
-189804
-189835
-189866
-189897
-189929
-189960
-189991
-190022
-190053
-190085
-190116
-190147
-190178
-190209
-190241
-190272
-190303
-190334
-190365
-190397
-190428
-190459
-190490
-190522
-190553
-190584
-190615
-190646
-190678
-190709
-190740
-190771
-190802
-190834
-190865
-190896
-190927
-190958
-190990
-191021
-191052
-191083
-191114
-191146
-191177
-191208
-191239
-191271
-191302
-191333
-191364
-191395
-191427
-191458
-191489
-191520
-191551
-191583
-191614
-191645
-191676
-191707
-191739
-191770
-191801
-191832
-191863
-191895
-191926
-191957
-191988
-192020
-192051
-192082
-192113
-192144
-192176
-192207
-192238
-192269
-192300
-192332
-192363
-192394
-192425
-192456
-192488
-192519
-192550
-192581
-192612
-192644
-192675
-192706
-192737
-192769
-192800
-192831
-192862
-192893
-192925
-192956
-192987
-193018
-193049
-193081
-193112
-193143
-193174
-193205
-193237
-193268
-193299
-193330
-193361
-193393
-193424
-193455
-193486
-193518
-193549
-193580
-193611
-193642
-193674
-193705
-193736
-193767
-193798
-193830
-193861
-193892
-193923
-193954
-193986
-194017
-194048
-194079
-194110
-194142
-194173
-194204
-194235
-194267
-194298
-194329
-194360
-194391
-194423
-194454
-194485
-194516
-194547
-194579
-194610
-194641
-194672
-194703
-194735
-194766
-194797
-194828
-194859
-194891
-194922
-194953
-194984
-195016
-195047
-195078
-195109
-195140
-195172
-195203
-195234
-195265
-195296
-195328
-195359
-195390
-195421
-195452
-195484
-195515
-195546
-195577
-195608
-195640
-195671
-195702
-195733
-195765
-195796
-195827
-195858
-195889
-195921
-195952
-195983
-196014
-196045
-196077
-196108
-196139
-196170
-196201
-196233
-196264
-196295
-196326
-196357
-196389
-196420
-196451
-196482
-196514
-196545
-196576
-196607
-196638
-196670
-196701
-196732
-196763
-196794
-196826
-196857
-196888
-196919
-196950
-196982
-197013
-197044
-197075
-197106
-197138
-197169
-197200
-197231
-197263
-197294
-197325
-197356
-197387
-197419
-197450
-197481
-197512
-197543
-197575
-197606
-197637
-197668
-197699
-197731
-197762
-197793
-197824
-197855
-197887
-197918
-197949
-197980
-198012
-198043
-198074
-198105
-198136
-198168
-198199
-198230
-198261
-198292
-198324
-198355
-198386
-198417
-198448
-198480
-198511
-198542
-198573
-198604
-198636
-198667
-198698
-198729
-198761
-198792
-198823
-198854
-198885
-198917
-198948
-198979
-199010
-199041
-199073
-199104
-199135
-199166
-199197
-199229
-199260
-199291
-199322
-199353
-199385
-199416
-199447
-199478
-199510
-199541
-199572
-199603
-199634
-199666
-199697
-199728
-199759
-199790
-199822
-199853
-199884
-199915
-199946
-199978
-200009
-200040
-200071
-200102
-200134
-200165
-200196
-200227
-200259
-200290
-200321
-200352
-200383
-200415
-200446
-200477
-200508
-200539
-200571
-200602
-200633
-200664
-200695
-200727
-200758
-200789
-200820
-200851
-200883
-200914
-200945
-200976
-201008
-201039
-201070
-201101
-201132
-201164
-201195
-201226
-201257
-201288
-201320
-201351
-201382
-201413
-201444
-201476
-201507
-201538
-201569
-201600
-201632
-201663
-201694
-201725
-201757
-201788
-201819
-201850
-201881
-201913
-201944
-201975
-202006
-202037
-202069
-202100
-202131
-202162
-202193
-202225
-202256
