-100.492
-200.984
-301.475
-401.967
-502.459
-602.951
-703.443
-803.934
-904.426
-1004.92
-1105.41
-1205.9
-1306.39
-1406.89
-1507.38
-1607.87
-1708.36
-1808.85
-1909.34
-2009.84
-2110.33
-2210.82
-2311.31
-2411.8
-2512.3
-2612.79
-2713.28
-2813.77
-2914.26
-3014.75
-3115.25
-3215.74
-3316.23
-3416.72
-3517.21
-3617.7
-3718.2
-3818.69
-3919.18
-4019.67
-4120.16
-4220.66
-4321.15
-4421.64
-4522.13
-4622.62
-4723.11
-4823.61
-4924.1
-5024.59
-5125.08
-5225.57
-5326.07
-5426.56
-5527.05
-5627.54
-5728.03
-5828.52
-5929.02
-6029.51
-6130
-6230.49
-6330.98
-6431.48
-6531.97
-6632.46
-6732.95
-6833.44
-6933.93
-7034.43
-7134.92
-7235.41
-7335.9
-7436.39
-7536.88
-7637.38
-7737.87
-7838.36
-7938.85
-8039.34
-8139.84
-8240.33
-8340.82
-8441.31
-8541.8
-8642.29
-8742.79
-8843.28
-8943.77
-9044.26
-9144.75
-9245.25
-9345.74
-9446.23
-9546.72
-9647.21
-9747.7
-9848.2
-9948.69
-10049.2
-10149.7
-10250.2
-10350.7
-10451.1
-10551.6
-10652.1
-10752.6
-10853.1
-10953.6
-11054.1
-11154.6
-11255.1
-11355.6
-11456.1
-11556.6
-11657
-11757.5
-11858
-11958.5
-12059
-12159.5
-12260
-12360.5
-12461
-12561.5
-12662
-12762.5
-12863
-12963.4
-13063.9
-13164.4
-13264.9
-13365.4
-13465.9
-13566.4
-13666.9
-13767.4
-13867.9
-13968.4
-14068.9
-14169.3
-14269.8
-14370.3
-14470.8
-14571.3
-14671.8
-14772.3
-14872.8
-14973.3
-15073.8
-15174.3
-15274.8
-15375.2
-15475.7
-15576.2
-15676.7
-15777.2
-15877.7
-15978.2
-16078.7
-16179.2
-16279.7
-16380.2
-16480.7
-16581.1
-16681.6
-16782.1
-16882.6
-16983.1
-17083.6
-17184.1
-17284.6
-17385.1
-17485.6
-17586.1
-17686.6
-17787
-17887.5
-17988
-18088.5
-18189
-18289.5
-18390
-18490.5
-18591
-18691.5
-18792
-18892.5
-18993
-19093.4
-19193.9
-19294.4
-19394.9
-19495.4
-19595.9
-19696.4
-19796.9
-19897.4
-19993.8
-20085.7
-20177.5
-20269.4
-20361.2
-20453.1
-20545
-20636.8
-20728.7
-20820.5
-20912.4
-21004.2
-21096.1
-21188
-21279.8
-21371.7
-21463.5
-21555.4
-21647.2
-21739.1
-21831
-21922.8
-22014.7
-22106.5
-22198.4
-22290.2
-22382.1
-22474
-22565.8
-22657.7
-22749.5
-22841.4
-22933.2
-23025.1
-23110.9
-23195.4
-23279.8
-23364.3
-23448.8
-23533.3
-23617.7
-23702.2
-23786.7
-23871.2
-23955.6
-24040.1
-24124.6
-24209.1
-24293.5
-24378
-24462.5
-24547
-24631.4
-24715.9
-24800.4
-24884.8
-24969.3
-25053.8
-25138.3
-25222.7
-25307.2
-25391.7
-25476.2
-25560.6
-25645.1
-25729.6
-25814.1
-25898.5
-25983
-26067.5
-26151.9
-26236.4
-26320.9
-26405.4
-26489.8
-26574.3
-26658.8
-26743.3
-26827.7
-26909.6
-26987.9
-27066.2
-27144.5
-27222.8
-27301.1
-27379.4
-27457.7
-27536
-27614.3
-27692.6
-27770.9
-27849.2
-27927.5
-28005.8
-28084.1
-28162.4
-28240.7
-28319
-28397.3
-28475.6
-28553.9
-28632.2
-28710.5
-28788.8
-28867.1
-28945.4
-29023.7
-29102
-29180.3
-29258.6
-29336.9
-29415.1
-29493.4
-29571.7
-29650
-29728.3
-29806.6
-29884.9
-29963.2
-30041.5
-30119.8
-30198.1
-30276.4
-30354.7
-30433
-30511.3
-30589.6
-30667.9
-30746.2
-30824.5
-30899.3
-30962.4
-31025.4
-31088.5
-31151.6
-31214.7
-31277.8
-31340.9
-31404
-31456.5
-31498.2
-31540
-31581.8
-31623.5
-31665.3
-31707.1
-31748.8
-31790.6
-31832.4
-31874.1
-31915.9
-31957.7
-31999.4
-32041.2
-32083
-32124.7
-32166.5
-32208.3
-32250
-32291.8
-32333.6
-32375.3
-32417.1
-32458.9
-32500.6
-32542.4
-32584.2
-32625.9
-32667.7
-32709.5
-32751.2
-32793
-32834.8
-32876.5
-32918.3
-32960.1
-33001.9
-33043.6
-33085.4
-33127.2
-33168.9
-33210.7
-33252.5
-33294.2
-33336
-33377.8
-33419.5
-33461.3
-33503.1
-33544.8
-33586.6
-33628.4
-33670.1
-33711.9
-33753.7
-33795.4
-33831.8
-33855.4
-33878.9
-33902.4
-33926
-33949.5
-33973.1
-33996.6
-34020.1
-34043.7
-34067.2
-34090.7
-34114.3
-34137.8
-34161.3
-34184.9
-34208.4
-34231.9
-34255.5
-34279
-34302.6
-34326.1
-34349.6
-34373.2
-34396.7
-34420.2
-34443.8
-34467.3
-34490.8
-34514.4
-34537.9
-34561.4
-34585
-34608.5
-34632
-34655.6
-34679.1
-34702.7
-34726.2
-34749.7
-34773.3
-34796.8
-34820.3
-34843.9
-34867.4
-34890.9
-34914.5
-34938
-34961.5
-34985.1
-35008.6
-35032.2
-35055.7
-35079.2
-35102.8
-35126.3
-35149.8
-35173.4
-35196.9
-35220.4
-35244
-35267.5
-35291
-35314.6
-35338.1
-35361.6
-35385.2
-35408.7
-35432.3
-35455.8
-35479.3
-35502.9
-35526.4
-35549.9
-35573.5
-35597
-35620.5
-35642.4
-35650.7
-35658.9
-35667.2
-35675.5
-35683.8
-35692.1
-35700.4
-35708.6
-35716.9
-35725.2
-35733.5
-35741.8
-35750.1
-35758.4
-35766.6
-35774.9
-35783.2
-35791.5
-35799.8
-35808.1
-35816.4
-35824.6
-35832.9
-35841.2
-35849.5
-35857.8
-35866.1
-35874.4
-35882.6
-35890.9
-35899.2
-35907.5
-35915.8
-35924.1
-35932.4
-35940.6
-35948.9
-35957.2
-35965.5
-35973.8
-35982.1
-35990.4
-35998.6
-36006.9
-36015.2
-36023.5
-36031.8
-36040.1
-36048.4
-36056.6
-36064.9
-36073.2
-36081.5
-36089.8
-36098.1
-36106.4
-36114.6
-36122.9
-36131.2
-36139.5
-36147.8
-36156.1
-36164.4
-36172.6
-36180.9
-36189.2
-36197.5
-36205.8
-36214.1
-36222.4
-36230.6
-36238.9
-36247.2
-36255.5
-36263.8
-36272.1
-36280.4
-36288.6
-36296.9
-36305.2
-36313.5
-36321.8
-36330.1
-36338.4
-36346.6
-36354.9
-36363.2
-36371.5
-36379.8
-36388.1
-36396.4
-36404.6
-36412.9
-36421.2
-36429.5
-36437.8
-36446.1
-36454.4
-36462.6
-36470.9
-36479.2
-36487.5
-36495.8
-36504.1
-36512.3
-36520.6
-36528.9
-36537.2
-36545.5
-36553.8
-36562.1
-36570.3
-36578.6
-36586.9
-36595.2
-36603.5
-36611.8
-36620.1
-36628.3
-36636.6
-36644.9
-36653.2
-36661.5
-36669.8
-36678.1
-36686.3
-36694.6
-36702.9
-36711.2
-36719.5
-36727.8
-36736.1
-36744.3
-36752.6
-36760.9
-36769.2
-36777.5
-36785.8
-36794.1
-36802.3
-36810.6
-36818.9
-36827.2
-36835.5
-36843.8
-36852.1
-36860.3
-36868.6
-36876.9
-36885.2
-36893.5
-36901.8
-36910.1
-36918.3
-36926.6
-36934.9
-36943.2
-36951.5
-36959.8
-36968.1
-36976.3
-36984.6
-36992.9
-37001.2
-37009.5
-37017.8
-37026.1
-37034.3
-37042.6
-37050.9
-37059.2
-37067.5
-37075.8
-37084.1
-37092.3
-37100.6
-37108.9
-37117.2
-37125.5
-37133.8
-37142.1
-37150.3
-37158.6
-37166.9
-37175.2
-37180.6
-37182.8
-37184.9
-37187.1
-37189.3
-37191.4
-37193.6
-37195.8
-37197.9
-37200.1
-37202.2
-37204.4
-37206.6
-37208.7
-37210.9
-37213
-37215.2
-37217.4
-37219.5
-37221.7
-37223.9
-37226
-37228.2
-37230.3
-37232.5
-37234.7
-37236.8
-37239
-37241.1
-37243.3
-37245.5
-37247.6
-37249.8
-37251.9
-37254.1
-37256.3
-37258.4
-37260.6
-37262.8
-37264.9
-37267.1
-37269.2
-37271.4
-37273.6
-37275.7
-37277.9
-37280
-37282.2
-37284.4
-37286.5
-37288.7
-37290.8
-37293
-37295.2
-37297.3
-37299.5
-37301.7
-37303.8
-37306
-37308.1
-37310.3
-37312.5
-37314.6
-37316.8
-37318.9
-37321.1
-37323.3
-37325.4
-37327.6
-37329.7
-37331.9
-37334.1
-37336.2
-37338.4
-37340.6
-37342.7
-37344.9
-37347
-37349.2
-37351.4
-37353.5
-37355.7
-37357.8
-37360
-37362.2
-37364.3
-37366.5
-37368.6
-37370.8
-37373
-37375.1
-37377.3
-37379.5
-37381.6
-37383.8
-37385.9
-37388.1
-37390.3
-37392.4
-37394.6
-37396.7
-37398.9
-37401.1
-37403.2
-37405.4
-37407.5
-37409.7
-37411.9
-37414
-37416.2
-37418.4
-37420.5
-37422.7
-37424.8
-37427
-37429.2
-37431.3
-37433.5
-37435.6
-37437.8
-37440
-37442.1
-37444.3
-37446.4
-37448.6
-37450.8
-37452.9
-37455.1
-37457.3
-37459.4
-37461.6
-37463.7
-37465.9
-37468.1
-37470.2
-37472.4
-37474.5
-37476.7
-37478.9
-37481
-37483.2
-37485.3
-37487.5
-37489.7
-37491.8
-37494
-37496.2
-37498.3
-37500.5
-37502.6
-37504.8
-37507
-37509.1
-37511.3
-37513.4
-37515.6
-37517.8
-37519.9
-37522.1
-37524.2
-37526.4
-37528.6
-37530.7
-37532.9
-37535.1
-37537.2
-37539.4
-37541.5
-37543.7
-37545.9
-37548
-37550.2
-37552.3
-37554.5
-37556.7
-37558.8
-37561
-37563.1
-37565.3
-37567.5
-37569.6
-37571.8
-37574
-37576.1
-37578.3
-37580.4
-37582.6
-37584.8
-37586.9
-37589.1
-37591.2
-37593.4
-37595.6
-37597.7
-37599.9
-37602
-37604.2
-37606.4
-37608.5
-37610.7
-37612.9
-37615
-37617.2
-37619.3
-37621.5
-37623.7
-37625.8
-37628
-37630.1
-37632.3
-37634.5
-37636.6
-37638.8
-37640.9
-37643.1
-37645.3
-37647.4
-37649.6
-37651.8
-37653.9
-37656.1
-37658.2
-37660.4
-37662.6
-37664.7
-37666.9
-37669
-37671.2
-37673.4
-37675.5
-37677.7
-37679.8
-37682
-37684.2
-37686.3
-37688.5
-37690.7
-37692.8
-37695
-37697.1
-37699.3
-37701.5
-37703.6
-37705.8
-37707.9
-37710.1
-37712.3
-37714.4
-37716.6
-37718.7
-37720.9
-37723.1
-37725.2
-37727.4
-37729.6
-37731.7
-37733.9
-37736
-37738.2
-37740.4
-37742.5
-37744.7
-37746.8
-37749
-37751.2
-37753.3
-37755.5
-37757.6
-37759.8
-37762
-37764.1
-37766.3
-37768.5
-37770.6
-37772.8
-37774.9
-37777.1
-37779.3
-37781.4
-37783.6
-37785.7
-37787.9
-37790.1
-37792.2
-37794.4
-37796.5
-37798.7
-37800.9
-37803
-37805.2
-37807.4
-37809.5
-37811.7
-37813.8
-37816
-37818.2
-37820.3
-37822.5
-37824.6
-37826.8
-37829
-37831.1
-37833.3
-37835.4
-37837.6
-37839.8
-37841.9
-37844.1
-37846.3
-37848.4
-37850.6
-37852.7
-37854.9
-37857.1
-37859.2
-37861.4
-37863.5
-37865.7
-37867.9
-37870
-37872.2
-37874.3
-37876.5
-37878.7
-37880.8
-37883
-37885.2
-37887.3
-37889.5
-37891.6
-37893.8
-37896
-37898.1
-37900.3
-37902.4
-37904.6
-37906.8
-37908.9
-37911.1
-37913.2
-37915.4
-37917.6
-37919.7
