-203.044
-406.088
-609.132
-812.176
-1015.22
-1218.26
-1421.31
-1624.35
-1827.4
-2030.44
-2233.48
-2436.53
-2639.57
-2842.62
-3045.66
-3248.7
-3451.75
-3654.79
-3857.84
-4060.88
-4263.92
-4466.97
-4670.01
-4873.06
-5076.1
-5279.14
-5482.19
-5685.23
-5888.28
-6091.32
-6294.36
-6497.41
-6700.45
-6903.5
-7106.54
-7309.58
-7512.63
-7715.67
-7918.72
-8121.76
-8324.8
-8527.85
-8730.89
-8933.94
-9136.98
-9340.02
-9543.07
-9746.11
-9949.16
-10152.2
-10355.2
-10558.3
-10761.3
-10964.4
-11167.4
-11370.5
-11573.5
-11776.6
-11979.6
-12182.6
-12385.7
-12588.7
-12791.8
-12994.8
-13197.9
-13400.9
-13603.9
-13807
-14010
-14213.1
-14416.1
-14619.2
-14822.2
-15025.3
-15228.3
-15431.3
-15634.4
-15837.4
-16040.5
-16243.5
-16446.6
-16649.6
-16852.7
-17055.7
-17258.7
-17461.8
-17664.8
-17867.9
-18070.9
-18274
-18477
-18680
-18883.1
-19086.1
-19289.2
-19492.2
-19695.3
-19898.3
-20101.4
-20304.4
-20507.4
-20710.5
-20913.5
-21116.6
-21319.6
-21522.7
-21725.7
-21928.8
-22131.8
-22334.8
-22537.9
-22740.9
-22944
-23147
-23350.1
-23553.1
-23756.1
-23959.2
-24162.2
-24365.3
-24568.3
-24771.4
-24974.4
-25177.5
-25380.5
-25583.5
-25786.6
-25989.6
-26192.7
-26395.7
-26598.8
-26801.8
-27004.9
-27207.9
-27410.9
-27614
-27817
-28020.1
-28223.1
-28426.2
-28629.2
-28832.2
-29035.3
-29238.3
-29441.4
-29644.4
-29847.5
-30050.5
-30253.6
-30456.6
-30659.6
-30862.7
-31065.7
-31268.8
-31471.8
-31674.9
-31877.9
-32081
-32284
-32487
-32690.1
-32893.1
-33096.2
-33299.2
-33502.3
-33705.3
-33908.3
-34111.4
-34314.4
-34517.5
-34720.5
-34923.6
-35126.6
-35329.7
-35532.7
-35735.7
-35938.8
-36141.8
-36344.9
-36547.9
-36751
-36954
-37157.1
-37360.1
-37563.1
-37766.2
-37969.2
-38172.3
-38375.3
-38578.4
-38778.7
-38972.7
-39166.8
-39360.8
-39554.9
-39748.9
-39943
-40137
-40331.1
-40525.1
-40719.2
-40913.3
-41107.3
-41294.4
-41480
-41665.6
-41851.2
-42036.8
-42222.4
-42408.1
-42593.7
-42779.3
-42964.9
-43150.5
-43336.1
-43521.8
-43707.4
-43893
-44078.6
-44264.2
-44449.8
-44634.1
-44812
-44989.9
-45167.8
-45345.7
-45523.6
-45701.5
-45879.3
-46057.2
-46235.1
-46413
-46590.9
-46768.8
-46946.7
-47124.6
-47302.4
-47480.3
-47658.2
-47836.1
-48014
-48191.9
-48369.8
-48547.7
-48725.6
-48903.4
-49081.3
-49259.2
-49437.1
-49615
-49792.9
-49970.8
-50148.7
-50326.6
-50504.4
-50682.3
-50860.2
-51038.1
-51216
-51393.9
-51561.8
-51663
-51764.2
-51865.4
-51966.7
-52067.9
-52169.1
-52270.3
-52371.5
-52472.8
-52574
-52675.2
-52776.4
-52877.7
-52978.9
-53080.1
-53181.3
-53282.5
-53383.8
-53485
-53586.2
-53687.4
-53788.7
-53889.9
-53991.1
-54092.3
-54193.5
-54294.8
-54396
-54497.2
-54598.4
-54699.7
-54800.9
-54902.1
-55003.3
-55104.5
-55205.8
-55307
-55408.2
-55509.4
-55610.7
-55711.9
-55813.1
-55914.3
-56015.5
-56116.8
-56218
-56319.2
-56420.4
-56521.6
-56622.9
-56724.1
-56825.3
-56926.5
-57027.8
-57129
-57230.2
-57331.4
-57432.6
-57533.9
-57635.1
-57736.3
-57837.5
-57938.8
-58021.8
-58100.8
-58179.8
-58258.8
-58337.9
-58416.9
-58495.9
-58574.9
-58654
-58733
-58812
-58891
-58970.1
-59049.1
-59128.1
-59207.1
-59286.2
-59365.2
-59444.2
-59523.2
-59602.2
-59668.5
-59726.7
-59784.9
-59843.1
-59901.3
-59959.5
-60017.7
-60075.8
-60134
-60192.2
-60250.4
-60308.6
-60366.8
-60425
-60483.2
-60541.3
-60599.5
-60657.7
-60715.9
-60774.1
-60832.3
-60890.5
-60948.7
-61006.9
-61065
-61123.2
-61181.4
-61239.6
-61297.8
-61356
-61414.2
-61472.4
-61513.5
-61552.6
-61591.7
-61630.8
-61669.9
-61709
-61748.1
-61787.3
-61826.4
-61865.5
-61904.6
-61943.7
-61982.8
-62021.9
-62061
-62100.1
-62139.2
-62178.3
-62217.4
-62256.5
-62295.6
-62334.7
-62373.8
-62412.9
-62452
-62491.2
-62530.3
-62569.4
-62608.5
-62647.6
-62686.7
-62725.8
-62764.9
-62804
-62843.1
-62882.2
-62921.3
-62960.4
-62999.5
-63038.6
-63077.7
-63116.8
-63156
-63195.1
-63234.2
-63273.3
-63312.4
-63351.5
-63390.6
-63429.7
-63468.8
-63507.9
-63547
-63586.1
-63625.2
-63664.3
-63703.4
-63742.5
-63781.6
-63820.7
-63859.9
-63899
-63938.1
-63977.2
-64016.3
-64055.4
-64094.5
-64133.6
-64172.7
-64211.8
-64250.9
-64290
-64329.1
-64368.2
-64407.3
-64446.4
-64485.5
-64524.6
-64563.8
-64602.9
-64642
-64681.1
-64720.2
-64759.3
-64798.4
-64837.5
-64876.6
-64915.7
-64954.8
-64993.9
-65033
-65072.1
-65111.2
-65150.3
-65189.4
-65228.6
-65267.7
-65306.8
-65345.9
-65385
-65424.1
-65463.2
-65502.3
-65541.4
-65580.5
-65619.6
-65658.7
-65697.8
-65736.9
-65776
-65815.1
-65854.2
-65893.3
-65932.5
-65971.6
-66010.7
-66049.8
-66088.9
-66128
-66167.1
-66206.2
-66245.3
-66284.4
-66323.5
-66362.6
-66401.7
-66440.8
-66479.9
-66519
-66558.1
-66597.2
-66636.4
-66675.5
-66714.6
-66753.7
-66792.8
-66831.9
-66871
-66910.1
-66949.2
-66988.3
-67027.4
-67066.5
-67105.6
-67136.7
-67144.9
-67153.1
-67161.4
-67169.6
-67177.8
-67186.1
-67194.3
-67202.5
-67210.8
-67219
-67227.2
-67235.5
-67243.7
-67251.9
-67260.2
-67268.4
-67276.6
-67284.8
-67293.1
-67301.3
-67309.5
-67317.8
-67326
-67334.2
-67342.5
-67350.7
-67358.9
-67367.2
-67375.4
-67383.6
-67391.9
-67400.1
-67408.3
-67416.6
-67424.8
-67433
-67441.2
-67449.5
-67457.7
-67465.9
-67474.2
-67482.4
-67490.6
-67498.9
-67507.1
-67515.3
-67523.6
-67531.8
-67540
-67548.3
-67556.5
-67564.7
-67573
-67581.2
-67589.4
-67597.7
-67605.9
-67614.1
-67622.3
-67630.6
-67638.8
-67647
-67655.3
-67663.5
-67671.7
-67680
-67688.2
-67696.4
-67704.7
-67712.9
-67721.1
-67729.4
-67737.6
-67745.8
-67754.1
-67762.3
-67770.5
-67778.8
-67787
-67795.2
-67803.4
-67811.7
-67819.9
-67828.1
-67836.4
-67844.6
-67852.8
-67861.1
-67869.3
-67877.5
-67885.8
-67894
-67902.2
-67910.5
-67918.7
-67926.9
-67935.2
-67943.4
-67951.6
-67959.9
-67968.1
-67976.3
-67984.5
-67992.8
-68001
-68009.2
-68017.5
-68025.7
-68033.9
-68042.2
-68050.4
-68058.6
-68066.9
-68075.1
-68083.3
-68091.6
-68099.8
-68108
-68116.3
-68124.5
-68132.7
-68141
-68149.2
-68157.4
-68165.6
-68173.9
-68182.1
-68190.3
-68198.6
-68206.8
-68215
-68223.3
-68231.5
-68239.7
-68248
-68256.2
-68264.4
-68272.7
-68280.9
-68289.1
-68297.4
-68305.6
-68313.8
-68322
-68330.3
-68338.5
-68346.7
-68355
-68363.2
-68371.4
-68379.7
-68387.9
-68396.1
-68404.4
-68412.6
-68420.8
-68429.1
-68437.3
-68445.5
-68453.8
-68462
-68470.2
-68478.5
-68486.7
-68494.9
-68503.1
-68511.4
-68519.6
-68527.8
-68536.1
-68544.3
-68552.5
-68560.8
-68569
-68577.2
-68585.5
-68593.7
-68601.9
-68610.2
-68618.4
-68626.6
-68634.9
-68643.1
-68651.3
-68659.6
-68667.8
-68676
-68684.2
-68692.5
-68700.7
-68708.9
-68717.2
-68725.4
-68733.6
-68741.9
-68750.1
-68758.3
-68766.6
-68774.8
-68783
-68791.3
-68799.5
-68807.7
-68816
-68824.2
-68832.4
-68840.7
-68848.9
-68857.1
-68865.3
-68873.6
-68881.8
-68890
-68898.3
-68906.5
-68914.7
-68923
-68931.2
-68939.4
-68947.7
-68955.9
-68964.1
-68972.4
-68980.6
-68988.8
-68997.1
-69005.3
-69013.5
-69021.8
-69030
-69038.2
-69046.4
-69054.7
-69062.9
-69071.1
-69079.4
-69087.6
-69095.8
-69104.1
-69112.3
-69120.5
-69128.8
-69137
-69145.2
-69153.5
-69161.7
-69169.9
-69178.2
-69186.4
-69194.6
-69202.8
-69211.1
-69219.3
-69227.5
-69235.8
-69244
-69252.2
-69260.5
-69268.7
-69276.9
-69285.2
-69293.4
-69301.6
-69309.9
-69318.1
-69326.3
-69334.6
-69342.8
-69351
-69359.3
-69367.5
-69375.7
-69383.9
-69392.2
-69400.4
-69408.6
-69416.9
-69425.1
-69433.3
-69441.6
-69449.8
-69458
-69466.3
-69474.5
-69482.7
-69491
-69499.2
-69507.4
-69515.7
-69523.9
-69532.1
-69540.4
-69548.6
-69556.8
-69565
-69573.3
-69581.5
-69589.7
-69598
-69606.2
-69614.4
-69622.7
-69630.9
-69639.1
-69647.4
-69655.6
-69663.8
-69672.1
-69680.3
-69688.5
-69696.8
-69705
-69713.2
-69721.5
-69729.7
-69737.9
-69746.1
-69754.4
-69762.6
-69770.8
-69779.1
-69787.3
-69795.5
-69803.8
-69812
-69820.2
-69828.5
-69836.7
-69844.9
-69853.2
-69861.4
-69869.6
-69877.9
-69886.1
-69894.3
-69902.6
-69910.8
-69919
-69927.2
-69935.5
-69943.7
-69951.9
-69960.2
-69968.4
-69976.6
-69984.9
-69993.1
-70001.3
-70009.6
-70017.8
-70026
-70034.3
-70042.5
-70050.7
-70059
-70067.2
-70075.4
-70083.6
-70091.9
-70100.1
-70108.3
-70116.6
-70124.8
-70133
-70141.3
-70149.5
-70157.7
-70166
-70174.2
-70182.4
-70190.7
-70198.9
-70207.1
-70215.4
-70223.6
-70231.8
-70240.1
-70248.3
-70256.5
-70264.7
-70273
-70281.2
-70289.4
-70297.7
-70305.9
-70314.1
-70322.4
-70330.6
-70338.8
-70347.1
-70355.3
-70363.5
-70371.8
-70380
-70388.2
-70396.5
-70404.7
-70412.9
-70421.2
-70429.4
-70437.6
-70445.8
-70454.1
-70462.3
-70470.5
-70478.8
-70487
-70495.2
-70503.5
-70511.7
-70519.9
-70528.2
-70536.4
-70544.6
-70552.9
-70561.1
-70569.3
-70577.6
-70585.8
-70594
-70602.3
-70610.5
-70618.7
-70626.9
-70635.2
-70643.4
-70651.6
-70659.9
-70668.1
-70676.3
-70684.6
-70692.8
-70701
-70709.3
-70717.5
-70725.7
-70734
-70742.2
-70750.4
-70758.7
-70766.9
-70775.1
-70783.4
-70791.6
-70799.8
-70808
-70816.3
-70824.5
-70832.7
-70841
-70849.2
-70857.4
-70865.7
-70873.9
-70882.1
-70890.4
-70898.6
-70906.8
-70915.1
-70923.3
-70931.5
-70939.8
-70948
-70956.2
-70964.4
-70972.7
-70980.9
-70989.1
-70997.4
-71005.6
-71013.8
-71022.1
-71030.3
-71038.5
-71046.8
-71055
-71063.2
-71071.5
