-5400
-10800
-11296.1
-11792.1
-12288.2
-12784.3
-13280.3
-13776.4
-14272.5
-14768.5
-15264.6
-15760.7
-16256.7
-16752.8
-17248.9
-17744.9
-18241
-18737.1
-19233.1
-19729.2
-20225.2
-20721.3
-21217.4
-21713.4
-22209.5
-22705.6
-23201.6
-23697.7
-24193.8
-24689.8
-25185.9
-25682
-26178
-26674.1
-27170.2
-27666.2
-28162.3
-28658.4
-29154.4
-29650.5
-30146.6
-30642.6
-31138.7
-31634.8
-32130.8
-32626.9
-33123
-33619
-34115.1
-34611.2
-35107.2
-35603.3
-36099.4
-36595.4
-37091.5
-37587.5
-38083.6
-38579.7
-39075.7
-39571.8
-40067.9
-40563.9
-41060
-41556.1
-42052.1
-42548.2
-43044.3
-43540.3
-44036.4
-44532.5
-45028.5
-45524.6
-46020.7
-46516.7
-47012.8
-47508.9
-48004.9
-48501
-48997.1
-49493.1
-49989.2
-50485.3
-50981.3
-51477.4
-51973.5
-52469.5
-52965.6
-53461.7
-53957.7
-54453.8
-54949.8
-55445.9
-55942
-56438
-56934.1
-57430.2
-57926.2
-58422.3
-58918.4
-59414.4
-59910.5
-60406.6
-60902.6
-61398.7
-61894.8
-62390.8
-62886.9
-63383
-63879
-64375.1
-64871.2
-65367.2
-65863.3
-66359.4
-66855.4
-67351.5
-67847.6
-68343.6
-68839.7
-69335.8
-69831.8
-70327.9
-70823.9
-71320
-71816.1
-72312.1
-72808.2
-73304.3
-73800.3
-74296.4
-74792.5
-75288.5
-75784.6
-76280.7
-76776.7
-77272.8
-77768.9
-78264.9
-78761
-79257.1
-79753.1
-80249.2
-80745.3
-81241.3
-81737.4
-82233.5
-82729.5
-83225.6
-83721.7
-84217.7
-84713.8
-85209.9
-85705.9
-86202
-86698.1
-87194.1
-87690.2
-88186.2
-88682.3
-89178.4
-89674.4
-90170.5
-90666.6
-91162.6
-91658.7
-92154.8
-92650.8
-93146.9
-93643
-94139
-94635.1
-95131.2
-95627.2
-96123.3
-96619.4
-97115.4
-97611.5
-98107.6
-98603.6
-99099.7
-99595.8
-100092
-100588
-101084
-101580
-102076
-102572
-103068
-103564
-104060
-104556
-105052
-105549
-106045
-106541
-107037
-107533
-108029
-108525
-109021
-109429
-109838
-110246
-110655
-111063
-111471
-111880
-112288
-112697
-113105
-113513
-113922
-114330
-114739
-115147
-115555
-115964
-116372
-116781
-117189
-117597
-118006
-118414
-118823
-119231
-119639
-120048
-120456
-120865
-121273
-121682
-122090
-122498
-122907
-123315
-123724
-124132
-124540
-124949
-125357
-125710
-126063
-126415
-126768
-127121
-127473
-127826
-128179
-128531
-128884
-129237
-129589
-129942
-130295
-130647
-131000
-131353
-131705
-132058
-132411
-132763
-133116
-133469
-133821
-134174
-134527
-134879
-135232
-135585
-135938
-136290
-136643
-136996
-137348
-137701
-138054
-138406
-138759
-139112
-139464
-139817
-140170
-140522
-140875
-141228
-141580
-141933
-142286
-142638
-142991
-143344
-143696
-144049
-144402
-144754
-145107
-145460
-145813
-146165
-146518
-146871
-147223
-147576
-147929
-148281
-148634
-148987
-149339
-149692
-150045
-150397
-150750
-151103
-151455
-151808
-152161
-152513
-152866
-153219
-153571
-153924
-154277
-154629
-154982
-155335
-155688
-156040
-156393
-156746
-157098
-157451
-157804
-158156
-158509
-158862
-159214
-159567
-159920
-160272
-160625
-160660
-160695
-160731
-160766
-160801
-160836
-160871
-160907
-160942
-160977
-161012
-161047
-161083
-161118
-161153
-161188
-161223
-161259
-161294
-161329
-161364
-161399
-161435
-161470
-161505
-161540
-161575
-161611
-161646
-161681
-161716
-161751
-161787
-161822
-161857
-161892
-161927
-161963
-161998
-162033
-162068
-162103
-162138
-162174
-162209
-162244
-162279
-162314
-162350
-162385
-162420
-162455
-162490
-162526
-162561
-162596
-162631
-162666
-162702
-162737
-162772
-162807
-162842
-162878
-162913
-162948
-162983
-163018
-163054
-163089
-163124
-163159
-163194
-163230
-163265
-163300
-163335
-163370
-163406
-163441
-163476
-163511
-163546
-163582
-163617
-163652
-163687
-163722
-163758
-163793
-163828
-163863
-163898
-163934
-163969
-164004
-164039
-164074
-164110
-164145
-164180
-164215
-164250
-164286
-164321
-164356
-164391
-164426
-164462
-164497
-164532
-164567
-164602
-164638
-164673
-164708
-164743
-164778
-164813
-164849
-164884
-164919
-164954
-164989
-165025
-165060
-165095
-165130
-165165
-165201
-165236
-165271
-165306
-165341
-165377
-165412
-165447
-165482
-165517
-165553
-165563
-165573
-165583
-165593
-165603
-165613
-165623
-165633
-165643
-165653
-165663
-165673
-165683
-165693
-165703
-165713
-165723
-165733
-165743
-165753
-165763
-165773
-165783
-165793
-165803
-165813
-165823
-165833
-165843
-165853
-165864
-165874
-165884
-165894
-165904
-165914
-165924
-165934
-165944
-165954
-165964
-165974
-165984
-165994
-166004
-166014
-166024
-166034
-166044
-166054
-166064
-166074
-166084
-166094
-166104
-166114
-166124
-166134
-166144
-166154
-166164
-166174
-166184
-166194
-166204
-166215
-166225
-166235
-166245
-166255
-166265
-166275
-166285
-166295
-166305
-166315
-166325
-166335
-166345
-166355
-166365
-166375
-166385
-166395
-166405
-166415
-166425
-166435
-166445
-166455
-166465
-166475
-166485
-166495
-166505
-166515
-166525
-166535
-166545
-166555
-166566
-166576
-166586
-166596
-166606
-166616
-166626
-166636
-166646
-166656
-166666
-166676
-166686
-166696
-166706
-166716
-166726
-166736
-166746
-166756
-166766
-166776
-166786
-166796
-166806
-166816
-166826
-166836
-166846
-166856
-166866
-166876
-166886
-166896
-166906
-166917
-166927
-166937
-166947
-166957
-166967
-166977
-166987
-166997
-167007
-167017
-167027
-167037
-167047
-167057
-167067
-167077
-167087
-167097
-167107
-167117
-167127
-167137
-167147
-167157
-167167
-167177
-167187
-167197
-167207
-167217
-167227
-167237
-167247
-167257
-167267
-167278
-167288
-167298
-167308
-167318
-167328
-167338
-167348
-167358
-167368
-167378
-167388
-167398
-167408
-167418
-167428
-167438
-167448
-167458
-167468
-167478
-167488
-167498
-167508
-167518
-167528
-167538
-167548
-167558
-167568
-167578
-167588
-167598
-167608
-167618
-167629
-167639
-167649
-167659
-167669
-167679
-167689
-167699
-167709
-167719
-167729
-167739
-167749
-167759
-167769
-167779
-167789
-167799
-167809
-167819
-167829
-167839
-167849
-167859
-167869
-167879
-167889
-167899
-167909
-167919
-167929
-167939
-167949
-167959
-167969
-167980
-167990
-168000
-168010
-168020
-168030
-168040
-168050
-168060
-168070
-168080
-168090
-168100
-168110
-168120
-168130
-168140
-168150
-168160
-168170
-168180
-168190
-168200
-168210
-168220
-168230
-168240
-168250
-168260
-168270
-168280
-168290
-168300
-168310
-168320
-168331
-168341
-168351
-168361
-168371
-168381
-168391
-168401
-168411
-168421
-168431
-168441
-168451
-168461
-168471
-168481
-168491
-168501
-168511
-168521
-168531
-168541
-168551
-168561
-168571
-168581
-168591
-168601
-168611
-168621
-168631
-168641
-168651
-168661
-168671
-168682
-168692
-168702
-168712
-168722
-168732
-168742
-168752
-168762
-168772
-168782
-168792
-168802
-168812
-168822
-168832
-168842
-168852
-168862
-168872
-168882
-168892
-168902
-168912
-168922
-168932
-168942
-168952
-168962
-168972
-168982
-168992
-169002
-169012
-169022
-169033
-169043
-169053
-169063
-169073
-169083
-169093
-169103
-169113
-169123
-169133
-169143
-169153
-169163
-169173
-169183
-169193
-169203
-169213
-169223
-169233
-169243
-169253
-169263
-169273
-169283
-169293
-169303
-169313
-169323
-169333
-169343
-169353
-169363
-169373
-169383
-169394
-169404
-169414
-169424
-169434
-169444
-169454
-169464
-169474
-169484
-169494
-169504
-169514
-169524
-169534
-169544
-169554
-169564
-169574
-169584
-169594
-169604
-169614
-169624
-169634
-169644
-169654
-169664
-169674
-169684
-169694
-169704
-169714
-169724
-169734
-169745
-169755
-169765
-169775
-169785
-169795
-169805
-169815
-169825
-169835
-169845
-169855
-169865
-169875
-169885
-169895
-169905
-169915
-169925
-169935
-169945
-169955
-169965
-169975
-169985
-169995
-170005
-170015
-170025
-170035
-170045
-170055
-170065
-170075
-170085
-170096
-170106
-170116
-170126
-170136
-170146
-170156
-170166
-170176
-170186
-170196
-170206
-170216
-170226
-170236
-170246
-170256
-170266
-170276
-170286
-170296
-170306
-170316
-170326
-170336
-170346
-170356
-170366
-170376
-170386
-170396
-170406
-170416
-170426
-170436
-170447
-170457
-170467
-170477
-170487
-170497
-170507
-170517
-170527
-170537
-170547
-170557
-170567
-170577
-170587
-170597
-170607
-170617
-170627
-170637
-170647
-170657
-170667
-170677
-170687
-170697
-170707
-170717
-170727
-170737
-170747
-170757
-170767
