-174.517
-318.882
-463.246
-607.611
-751.975
-896.339
-1040.7
-1185.07
-1329.43
-1473.8
-1618.16
-1762.53
-1906.89
-2051.25
-2195.62
-2339.98
-2484.35
-2628.71
-2773.08
-2917.44
-3061.81
-3206.17
-3350.53
-3494.9
-3639.26
-3783.63
-3927.99
-4072.36
-4216.72
-4361.08
-4505.45
-4649.81
-4794.18
-4938.54
-5082.91
-5227.27
-5371.64
-5516
-5660.36
-5804.73
-5949.09
-6093.46
-6237.82
-6382.19
-6526.55
-6670.91
-6815.28
-6959.64
-7104.01
-7248.37
-7392.74
-7537.1
-7681.47
-7825.83
-7970.19
-8114.56
-8258.92
-8403.29
-8547.65
-8692.02
-8836.38
-8980.74
-9125.11
-9269.47
-9413.84
-9558.2
-9702.57
-9846.93
-9991.3
-10135.7
-10280
-10424.4
-10568.8
-10713.1
-10857.5
-11001.8
-11146.2
-11290.6
-11434.9
-11579.3
-11723.7
-11868
-12012.4
-12156.8
-12301.1
-12445.5
-12589.9
-12734.2
-12878.6
-13022.9
-13167.3
-13311.7
-13456
-13600.4
-13744.8
-13889.1
-14033.5
-14177.9
-14322.2
-14466.6
-14611
-14755.3
-14899.7
-15044
-15188.4
-15332.8
-15477.1
-15621.5
-15765.9
-15910.2
-16054.6
-16199
-16343.3
-16487.7
-16632.1
-16776.4
-16920.8
-17065.2
-17209.5
-17353.9
-17498.2
-17642.6
-17787
-17931.3
-18075.7
-18220.1
-18364.4
-18508.8
-18653.2
-18797.5
-18941.9
-19086.3
-19230.6
-19375
-19519.3
-19663.7
-19808.1
-19952.4
-20096.8
-20241.2
-20385.5
-20529.9
-20674.3
-20818.6
-20963
-21107.4
-21251.7
-21396.1
-21540.4
-21684.8
-21829.2
-21973.5
-22117.9
-22262.3
-22406.6
-22551
-22695.4
-22839.7
-22984.1
-23128.5
-23272.8
-23417.2
-23561.5
-23705.9
-23850.3
-23994.6
-24139
-24283.4
-24427.7
-24572.1
-24716.5
-24860.8
-25005.2
-25149.6
-25293.9
-25438.3
-25582.6
-25727
-25871.4
-26015.7
-26160.1
-26304.5
-26448.8
-26593.2
-26737.6
-26881.9
-27026.3
-27170.7
-27315
-27459.4
-27603.8
-27748.1
-27892.5
-28036.8
-28181.2
-28325.6
-28469.9
-28614.3
-28758.7
-28903
-29047.4
-29191.8
-29336.1
-29480.5
-29624.9
-29769.2
-29913.6
-30057.9
-30202.3
-30346.7
-30491
-30635.4
-30779.8
-30924.1
-31068.5
-31212.9
-31357.2
-31501.6
-31646
-31790.3
-31934.7
-32079
-32223.4
-32367.8
-32512.1
-32656.5
-32800.9
-32945.2
-33061.5
-33140.3
-33219.2
-33298
-33376.8
-33455.6
-33534.5
-33613.3
-33692.1
-33770.9
-33847.5
-33919.2
-33990.9
-34062.5
-34134.2
-34205.9
-34277.5
-34349.2
-34420.9
-34492.5
-34564.2
-34635.9
-34707.5
-34779.2
-34850.8
-34922.5
-34994.2
-35065.8
-35137.5
-35209.2
-35280.8
-35352.5
-35424.2
-35495.8
-35567.5
-35639.2
-35710.8
-35782.5
-35854.2
-35925.8
-35997.5
-36069.1
-36140.8
-36212.5
-36284.1
-36355.8
-36427.5
-36499.1
-36570.8
-36642.5
-36714.1
-36785.8
-36857.5
-36929.1
-37000.8
-37072.5
-37144.1
-37215.8
-37286.6
-37352.3
-37418
-37483.7
-37549.5
-37615.2
-37680.9
-37746.6
-37812.3
-37878
-37943.7
-38009.4
-38075.1
-38140.8
-38206.5
-38272.2
-38337.9
-38403.7
-38469.4
-38535.1
-38600.8
-38666.5
-38732.2
-38797.9
-38863.6
-38929.3
-38995
-39060.7
-39126.4
-39192.1
-39257.8
-39323.6
-39389.3
-39455
-39520.7
-39586.4
-39652.1
-39717.8
-39783.5
-39849.2
-39914.9
-39980.6
-40046.3
-40112
-40177.8
-40243.5
-40309.2
-40374.9
-40440.6
-40506.3
-40572
-40637.7
-40703.4
-40769.1
-40834.8
-40900.5
-40966.2
-41032
-41097.7
-41163.4
-41229.1
-41294.8
-41360.5
-41426.2
-41491.9
-41557.6
-41623.3
-41689
-41754.7
-41820.4
-41886.1
-41951.9
-42017.6
-42083.3
-42149
-42214.7
-42280.4
-42346.1
-42411.8
-42477.5
-42543.2
-42608.9
-42674.6
-42740.3
-42806.1
-42871.8
-42937.5
-43003.2
-43068.9
-43134.6
-43200.3
-43266
-43331.7
-43397.4
-43463.1
-43528.8
-43594.5
-43660.3
-43726
-43791.7
-43857.4
-43923.1
-43988.8
-44054.5
-44120.2
-44185.9
-44251.6
-44317.3
-44383
-44448.7
-44514.4
-44580.2
-44645.9
-44711.6
-44777.3
-44843
-44908.7
-44974.4
-45040.1
-45101.9
-45149.8
-45197.8
-45245.8
-45293.7
-45341.7
-45389.7
-45437.7
-45485.6
-45533.6
-45581.6
-45629.6
-45677.5
-45725.5
-45773.5
-45821.4
-45869.4
-45917.4
-45965.4
-46013.3
-46061.3
-46109.3
-46157.3
-46205.2
-46253.2
-46301.2
-46349.1
-46397.1
-46445.1
-46493.1
-46541
-46589
-46637
-46685
-46732.9
-46780.9
-46828.9
-46876.9
-46924.8
-46972.8
-47020.8
-47068.7
-47116.7
-47164.7
-47212.7
-47260.6
-47308.6
-47356.6
-47404.6
-47452.5
-47500.5
-47548.5
-47573.8
-47595.3
-47616.9
-47638.4
-47660
-47681.5
-47703.1
-47724.6
-47746.2
-47767.7
-47789.3
-47810.8
-47832.3
-47853.9
-47875.4
-47897
-47918.5
-47940.1
-47961.6
-47983.2
-48004.7
-48026.3
-48047.8
-48069.3
-48090.9
-48112.4
-48134
-48155.5
-48177.1
-48198.6
-48215.2
-48222
-48228.8
-48235.6
-48242.4
-48249.2
-48256
-48262.7
-48269.5
-48276.3
-48283.1
-48289.9
-48296.7
-48303.5
-48310.3
-48317.1
-48323.8
-48330.6
-48337.4
-48344.2
-48351
-48357.8
-48364.6
-48371.4
-48378.2
-48384.9
-48391.7
-48398.5
-48405.3
-48412.1
-48418.9
-48425.7
-48432.5
-48439.3
-48446
-48452.8
-48459.6
-48466.4
-48473.2
-48480
-48486.8
-48493.6
-48500.4
-48507.2
-48513.9
-48520.7
-48527.5
-48534.3
-48541.1
-48547.9
-48554.7
-48561.5
-48568.3
-48575
-48581.8
-48588.6
-48595.4
-48602.2
-48609
-48615.8
-48622.6
-48629.4
-48636.1
-48642.9
-48649.7
-48656.5
-48663.3
-48670.1
-48676.9
-48683.7
-48690.5
-48697.2
-48704
-48710.8
-48717.6
-48724.4
-48731.2
-48738
-48744.8
-48751.6
-48758.3
-48765.1
-48771.9
-48778.7
-48785.5
-48792.3
-48799.1
-48805.9
-48812.7
-48819.4
-48826.2
-48833
-48839.8
-48846.6
-48853.4
-48860.2
-48867
-48873.8
-48880.6
-48887.3
-48894.1
-48900.9
-48907.7
-48914.5
-48921.3
-48928.1
-48934.9
-48941.7
-48948.4
-48955.2
-48962
-48968.8
-48975.6
-48982.4
-48989.2
-48996
-49002.8
-49009.5
-49016.3
-49023.1
-49029.9
-49036.7
-49043.5
-49050.3
-49057.1
-49063.9
-49070.6
-49077.4
-49084.2
-49091
-49097.8
-49104.6
-49111.4
-49118.2
-49125
-49131.7
-49138.5
-49145.3
-49152.1
-49158.9
-49165.7
-49172.5
-49179.3
-49186.1
-49192.9
-49199.6
-49206.4
-49213.2
-49220
-49226.8
-49233.6
-49240.4
-49247.2
-49254
-49260.7
-49267.5
-49274.3
-49281.1
-49287.9
-49294.7
-49301.5
-49308.3
-49315.1
-49321.8
-49328.6
-49335.4
-49342.2
-49349
-49355.8
-49362.6
-49369.4
-49376.2
-49382.9
-49389.7
-49396.5
-49403.3
-49410.1
-49416.9
-49423.7
-49430.5
-49437.3
-49444
-49450.8
-49457.6
-49464.4
-49471.2
-49478
-49484.8
-49491.6
-49498.4
-49505.1
-49511.9
-49518.7
-49525.5
-49532.3
-49539.1
-49545.9
-49552.7
-49559.5
-49566.3
-49573
-49579.8
-49586.6
-49593.4
-49600.2
-49607
-49613.8
-49620.6
-49627.4
-49634.1
-49640.9
-49647.7
-49654.5
-49661.3
-49668.1
-49674.9
-49681.7
-49688.5
-49695.2
-49702
-49708.8
-49715.6
-49722.4
-49729.2
-49736
-49742.8
-49749.6
-49756.3
-49763.1
-49769.9
-49776.7
-49783.5
-49790.3
-49797.1
-49803.9
-49810.7
-49817.4
-49824.2
-49831
-49837.8
-49844.6
-49851.4
-49858.2
-49865
-49871.8
-49878.6
-49885.3
-49892.1
-49898.9
-49905.7
-49912.5
-49919.3
-49926.1
-49932.9
-49939.7
-49946.4
-49953.2
-49960
-49966.8
-49973.6
-49980.4
-49987.2
-49994
-50000.8
-50007.5
-50014.3
-50021.1
-50027.9
-50034.7
-50041.5
-50048.3
-50055.1
-50061.9
-50068.6
-50075.4
-50082.2
-50089
-50095.8
-50102.6
-50109.4
-50116.2
-50123
-50129.7
-50136.5
-50143.3
-50150.1
-50156.9
-50163.7
-50170.5
-50177.3
-50184.1
-50190.8
-50197.6
-50204.4
-50211.2
-50218
-50224.8
-50231.6
-50238.4
-50245.2
-50252
-50258.7
-50265.5
-50272.3
-50279.1
-50285.9
-50292.7
-50299.5
-50306.3
-50313.1
-50319.8
-50326.6
-50333.4
-50340.2
-50347
-50353.8
-50360.6
-50367.4
-50374.2
-50380.9
-50387.7
-50394.5
-50401.3
-50408.1
-50414.9
-50421.7
-50428.5
-50435.3
-50442
-50448.8
-50455.6
-50462.4
-50469.2
-50476
-50482.8
-50489.6
-50496.4
-50503.1
-50509.9
-50516.7
-50523.5
-50530.3
-50537.1
-50543.9
-50550.7
-50557.5
-50564.3
-50571
-50577.8
-50584.6
-50591.4
-50598.2
-50605
-50611.8
-50618.6
-50625.4
-50632.1
-50638.9
-50645.7
-50652.5
-50659.3
-50666.1
-50672.9
-50679.7
-50686.5
-50693.2
-50700
-50706.8
-50713.6
-50720.4
-50727.2
-50734
-50740.8
-50747.6
-50754.3
-50761.1
-50767.9
-50774.7
-50781.5
-50788.3
-50795.1
-50801.9
-50808.7
-50815.4
-50822.2
-50829
-50835.8
-50842.6
-50849.4
-50856.2
-50863
-50869.8
-50876.5
-50883.3
-50890.1
-50896.9
-50903.7
-50910.5
-50917.3
-50924.1
-50930.9
-50937.7
-50944.4
-50951.2
-50958
-50964.8
-50971.6
-50978.4
-50985.2
-50992
-50998.8
-51005.5
-51012.3
-51019.1
-51025.9
-51032.7
-51039.5
-51046.3
-51053.1
-51059.9
-51066.6
-51073.4
-51080.2
-51087
-51093.8
-51100.6
-51107.4
-51114.2
-51121
-51127.7
-51134.5
-51141.3
-51148.1
-51154.9
-51161.7
-51168.5
-51175.3
-51182.1
-51188.8
-51195.6
-51202.4
-51209.2
-51216
-51222.8
-51229.6
-51236.4
-51243.2
-51250
-51256.7
-51263.5
-51270.3
-51277.1
-51283.9
-51290.7
-51297.5
-51304.3
-51311.1
-51317.8
-51324.6
-51331.4
-51338.2
-51345
-51351.8
-51358.6
-51365.4
-51372.2
-51378.9
-51385.7
-51392.5
-51399.3
-51406.1
-51412.9
-51419.7
-51426.5
-51433.3
-51440
-51446.8
-51453.6
-51460.4
-51467.2
-51474
-51480.8
-51487.6
-51494.4
-51501.1
-51507.9
-51514.7
-51521.5
-51528.3
-51535.1
-51541.9
-51548.7
-51555.5
-51562.2
-51569
-51575.8
-51582.6
-51589.4
-51596.2
-51603
-51609.8
-51616.6
-51623.4
-51630.1
-51636.9
-51643.7
-51650.5
-51657.3
-51664.1
-51670.9
-51677.7
-51684.5
-51691.2
