-5100
-10200
-10667.1
-11134.1
-11601.2
-12068.3
-12535.4
-13002.4
-13469.5
-13936.6
-14403.7
-14870.7
-15337.8
-15804.9
-16272
-16739
-17206.1
-17673.2
-18140.3
-18607.3
-19074.4
-19541.5
-20008.6
-20475.6
-20942.7
-21409.8
-21876.9
-22343.9
-22811
-23278.1
-23745.1
-24212.2
-24679.3
-25146.4
-25613.4
-26080.5
-26547.6
-27014.7
-27481.7
-27948.8
-28415.9
-28883
-29350
-29817.1
-30284.2
-30751.3
-31218.3
-31685.4
-32152.5
-32619.6
-33086.6
-33553.7
-34020.8
-34487.9
-34954.9
-35422
-35889.1
-36356.1
-36823.2
-37290.3
-37757.4
-38224.4
-38691.5
-39158.6
-39625.7
-40092.7
-40559.8
-41026.9
-41494
-41961
-42428.1
-42895.2
-43362.3
-43829.3
-44296.4
-44763.5
-45230.6
-45697.6
-46164.7
-46631.8
-47098.9
-47565.9
-48033
-48500.1
-48967.2
-49434.2
-49901.3
-50368.4
-50835.4
-51302.5
-51769.6
-52236.7
-52703.7
-53170.8
-53637.9
-54105
-54572
-55039.1
-55506.2
-55973.3
-56440.3
-56907.4
-57374.5
-57841.6
-58308.6
-58775.7
-59242.8
-59709.9
-60176.9
-60644
-61111.1
-61578.2
-62045.2
-62512.3
-62979.4
-63446.4
-63913.5
-64380.6
-64847.7
-65314.7
-65781.8
-66248.9
-66716
-67183
-67650.1
-68117.2
-68584.3
-69051.3
-69518.4
-69985.5
-70452.6
-70919.6
-71386.7
-71853.8
-72320.9
-72787.9
-73255
-73722.1
-74189.2
-74656.2
-75123.3
-75590.4
-76057.4
-76524.5
-76991.6
-77458.7
-77925.7
-78392.8
-78859.9
-79327
-79794
-80261.1
-80728.2
-81195.3
-81662.3
-82129.4
-82596.5
-83063.6
-83530.6
-83997.7
-84464.8
-84931.9
-85398.9
-85866
-86333.1
-86800.2
-87267.2
-87734.3
-88201.4
-88668.4
-89135.5
-89602.6
-90069.7
-90536.7
-91003.8
-91470.9
-91938
-92405
-92872.1
-93339.2
-93806.3
-94273.3
-94740.4
-95207.5
-95674.6
-96141.6
-96608.7
-97075.8
-97542.9
-98009.9
-98477
-98944.1
-99411.2
-99878.2
-100345
-100812
-101279
-101747
-102214
-102681
-103060
-103439
-103819
-104198
-104578
-104957
-105337
-105716
-106095
-106475
-106854
-107234
-107613
-107992
-108372
-108751
-109131
-109510
-109889
-110269
-110648
-111028
-111407
-111787
-112166
-112545
-112925
-113304
-113684
-114063
-114442
-114822
-115201
-115581
-115960
-116339
-116719
-117098
-117478
-117857
-118199
-118542
-118884
-119226
-119568
-119911
-120253
-120595
-120938
-121280
-121622
-121964
-122307
-122649
-122991
-123333
-123676
-124018
-124360
-124702
-125045
-125387
-125729
-126071
-126414
-126756
-127098
-127440
-127783
-128125
-128467
-128810
-129152
-129494
-129836
-130179
-130521
-130863
-131205
-131548
-131890
-132232
-132574
-132917
-133259
-133601
-133943
-134286
-134628
-134970
-135313
-135655
-135997
-136339
-136682
-137024
-137366
-137708
-138051
-138393
-138735
-139077
-139420
-139762
-140104
-140446
-140789
-141131
-141473
-141815
-142158
-142500
-142842
-143185
-143527
-143869
-144211
-144554
-144896
-145238
-145580
-145923
-146265
-146607
-146949
-147292
-147634
-147976
-148318
-148661
-149003
-149345
-149688
-150030
-150372
-150714
-151057
-151399
-151741
-152083
-152108
-152133
-152158
-152182
-152207
-152232
-152257
-152282
-152306
-152331
-152356
-152381
-152405
-152430
-152455
-152480
-152505
-152529
-152554
-152579
-152604
-152629
-152653
-152678
-152703
-152728
-152752
-152777
-152802
-152827
-152852
-152876
-152901
-152926
-152951
-152975
-153000
-153025
-153050
-153075
-153099
-153124
-153149
-153174
-153198
-153223
-153248
-153273
-153298
-153322
-153347
-153372
-153397
-153421
-153446
-153471
-153496
-153521
-153545
-153570
-153595
-153620
-153645
-153669
-153694
-153719
-153744
-153768
-153793
-153818
-153843
-153868
-153892
-153917
-153942
-153967
-153991
-154016
-154041
-154066
-154091
-154115
-154140
-154165
-154190
-154214
-154239
-154264
-154289
-154314
-154338
-154363
-154388
-154413
-154438
-154462
-154487
-154512
-154537
-154561
-154586
-154611
-154636
-154661
-154685
-154710
-154735
-154760
-154784
-154809
-154834
-154859
-154884
-154908
-154933
-154958
-154983
-155007
-155032
-155057
-155082
-155107
-155131
-155156
-155181
-155206
-155230
-155255
-155280
-155305
-155330
-155354
-155379
-155404
-155429
-155454
-155478
-155503
-155528
-155553
-155561
-155569
-155577
-155585
-155593
-155601
-155609
-155617
-155625
-155633
-155641
-155649
-155657
-155665
-155673
-155681
-155689
-155697
-155705
-155713
-155721
-155729
-155737
-155745
-155753
-155761
-155769
-155777
-155785
-155793
-155801
-155809
-155817
-155825
-155833
-155841
-155849
-155857
-155865
-155873
-155881
-155889
-155897
-155905
-155913
-155921
-155929
-155937
-155945
-155953
-155961
-155969
-155977
-155985
-155993
-156001
-156009
-156017
-156025
-156033
-156041
-156049
-156057
-156065
-156073
-156081
-156089
-156097
-156105
-156113
-156121
-156129
-156137
-156145
-156153
-156161
-156169
-156177
-156185
-156193
-156201
-156209
-156217
-156225
-156233
-156241
-156249
-156257
-156265
-156273
-156281
-156289
-156297
-156305
-156313
-156321
-156329
-156337
-156345
-156353
-156361
-156369
-156377
-156385
-156393
-156401
-156409
-156417
-156425
-156433
-156441
-156449
-156457
-156465
-156473
-156481
-156489
-156497
-156505
-156513
-156521
-156529
-156537
-156545
-156553
-156561
-156569
-156577
-156585
-156593
-156601
-156609
-156617
-156625
-156633
-156641
-156649
-156657
-156665
-156673
-156681
-156689
-156697
-156705
-156713
-156721
-156729
-156737
-156745
-156753
-156761
-156769
-156777
-156785
-156793
-156801
-156809
-156817
-156825
-156833
-156841
-156849
-156857
-156865
-156873
-156881
-156889
-156897
-156905
-156913
-156921
-156929
-156937
-156945
-156953
-156961
-156969
-156977
-156985
-156993
-157001
-157009
-157017
-157025
-157033
-157041
-157049
-157057
-157065
-157073
-157081
-157089
-157097
-157105
-157113
-157121
-157129
-157137
-157145
-157153
-157161
-157169
-157177
-157185
-157193
-157201
-157209
-157217
-157225
-157233
-157241
-157249
-157257
-157265
-157273
-157281
-157289
-157297
-157305
-157313
-157321
-157329
-157337
-157345
-157353
-157361
-157369
-157377
-157385
-157393
-157401
-157409
-157417
-157425
-157433
-157441
-157449
-157457
-157465
-157473
-157481
-157489
-157497
-157505
-157513
-157521
-157529
-157537
-157545
-157553
-157561
-157569
-157577
-157585
-157593
-157601
-157609
-157617
-157625
-157633
-157641
-157649
-157657
-157665
-157673
-157681
-157689
-157697
-157705
-157713
-157721
-157729
-157737
-157745
-157753
-157761
-157769
-157777
-157785
-157793
-157801
-157809
-157817
-157825
-157833
-157841
-157849
-157857
-157865
-157873
-157881
-157889
-157897
-157905
-157913
-157921
-157929
-157937
-157945
-157953
-157961
-157969
-157977
-157985
-157993
-158001
-158009
-158017
-158025
-158033
-158041
-158049
-158057
-158065
-158073
-158081
-158089
-158097
-158105
-158113
-158121
-158129
-158137
-158145
-158153
-158161
-158169
-158177
-158185
-158193
-158201
-158209
-158217
-158225
-158233
-158241
-158249
-158257
-158265
-158273
-158281
-158289
-158297
-158305
-158313
-158321
-158329
-158337
-158345
-158353
-158361
-158369
-158377
-158385
-158393
-158401
-158409
-158417
-158425
-158433
-158441
-158449
-158457
-158465
-158473
-158481
-158489
-158497
-158505
-158513
-158521
-158529
-158537
-158545
-158553
-158561
-158569
-158577
-158585
-158593
-158601
-158609
-158617
-158625
-158633
-158641
-158649
-158657
-158665
-158673
-158681
-158689
-158697
-158705
-158713
-158721
-158729
-158737
-158745
-158753
-158761
-158769
-158777
-158785
-158793
-158801
-158809
-158817
-158825
-158833
-158841
-158849
-158857
-158865
-158873
-158881
-158889
-158897
-158905
-158913
-158921
-158929
-158937
-158945
-158953
-158961
-158969
-158977
-158985
-158993
-159001
-159009
-159017
-159025
-159033
-159041
-159049
-159057
-159065
-159073
-159081
-159089
-159097
-159105
-159113
-159121
-159129
-159137
-159145
-159153
-159161
-159169
-159177
-159185
-159193
-159201
-159209
-159217
-159225
-159233
-159241
-159249
-159257
-159265
-159273
-159281
-159289
-159297
-159305
-159313
-159321
-159329
-159337
-159345
-159353
-159361
-159369
-159377
-159385
-159393
-159401
-159409
-159417
-159425
-159433
-159441
-159449
-159457
-159465
-159473
-159481
-159489
-159497
-159505
-159513
-159521
-159529
-159537
-159545
-159553
-159561
-159569
-159577
-159585
-159593
-159601
-159609
-159617
-159625
-159633
-159641
-159649
-159657
-159665
-159673
-159681
-159689
-159697
-159705
-159713
